{"C:\\Users\\starz\\Desktop\\Family-organizer\\smart-budget-apk\\stores\\expensesStore.ts": {"path":"C:\\Users\\starz\\Desktop\\Family-organizer\\smart-budget-apk\\stores\\expensesStore.ts","statementMap":{"0":{"start":{"line":43,"column":32},"end":{"line":145,"column":3}},"1":{"start":{"line":43,"column":69},"end":{"line":145,"column":1}},"2":{"start":{"line":48,"column":4},"end":{"line":48,"column":27}},"3":{"start":{"line":50,"column":34},"end":{"line":53,"column":28}},"4":{"start":{"line":55,"column":22},"end":{"line":55,"column":65}},"5":{"start":{"line":55,"column":46},"end":{"line":55,"column":58}},"6":{"start":{"line":57,"column":21},"end":{"line":61,"column":27}},"7":{"start":{"line":63,"column":21},"end":{"line":65,"column":5}},"8":{"start":{"line":64,"column":15},"end":{"line":64,"column":67}},"9":{"start":{"line":67,"column":4},"end":{"line":67,"column":48}},"10":{"start":{"line":71,"column":38},"end":{"line":75,"column":15}},"11":{"start":{"line":77,"column":4},"end":{"line":79,"column":5}},"12":{"start":{"line":78,"column":6},"end":{"line":78,"column":62}},"13":{"start":{"line":81,"column":4},"end":{"line":87,"column":5}},"14":{"start":{"line":82,"column":6},"end":{"line":86,"column":10}},"15":{"start":{"line":85,"column":33},"end":{"line":85,"column":75}},"16":{"start":{"line":89,"column":4},"end":{"line":89,"column":66}},"17":{"start":{"line":89,"column":20},"end":{"line":89,"column":63}},"18":{"start":{"line":90,"column":4},"end":{"line":90,"column":29}},"19":{"start":{"line":94,"column":35},"end":{"line":98,"column":28}},"20":{"start":{"line":100,"column":4},"end":{"line":102,"column":5}},"21":{"start":{"line":101,"column":6},"end":{"line":101,"column":61}},"22":{"start":{"line":104,"column":4},"end":{"line":104,"column":73}},"23":{"start":{"line":106,"column":4},"end":{"line":110,"column":5}},"24":{"start":{"line":107,"column":6},"end":{"line":109,"column":76}},"25":{"start":{"line":109,"column":39},"end":{"line":109,"column":72}},"26":{"start":{"line":112,"column":20},"end":{"line":112,"column":70}},"27":{"start":{"line":113,"column":4},"end":{"line":115,"column":8}},"28":{"start":{"line":113,"column":20},"end":{"line":115,"column":5}},"29":{"start":{"line":114,"column":43},"end":{"line":114,"column":68}},"30":{"start":{"line":117,"column":4},"end":{"line":117,"column":29}},"31":{"start":{"line":124,"column":4},"end":{"line":141,"column":5}},"32":{"start":{"line":125,"column":27},"end":{"line":125,"column":32}},"33":{"start":{"line":126,"column":23},"end":{"line":126,"column":56}},"34":{"start":{"line":126,"column":44},"end":{"line":126,"column":55}},"35":{"start":{"line":127,"column":6},"end":{"line":132,"column":7}},"36":{"start":{"line":128,"column":8},"end":{"line":131,"column":10}},"37":{"start":{"line":134,"column":24},"end":{"line":134,"column":77}},"38":{"start":{"line":135,"column":6},"end":{"line":135,"column":29}},"39":{"start":{"line":135,"column":17},"end":{"line":135,"column":29}},"40":{"start":{"line":137,"column":6},"end":{"line":137,"column":61}},"41":{"start":{"line":137,"column":45},"end":{"line":137,"column":56}},"42":{"start":{"line":138,"column":6},"end":{"line":138,"column":31}},"43":{"start":{"line":140,"column":6},"end":{"line":140,"column":50}},"44":{"start":{"line":144,"column":29},"end":{"line":144,"column":46}}},"fnMap":{"0":{"name":"(anonymous_0)","decl":{"start":{"line":43,"column":54},"end":{"line":43,"column":55}},"loc":{"start":{"line":43,"column":69},"end":{"line":145,"column":1}},"line":43},"1":{"name":"(anonymous_1)","decl":{"start":{"line":47,"column":17},"end":{"line":47,"column":18}},"loc":{"start":{"line":47,"column":55},"end":{"line":68,"column":3}},"line":47},"2":{"name":"(anonymous_2)","decl":{"start":{"line":55,"column":39},"end":{"line":55,"column":40}},"loc":{"start":{"line":55,"column":46},"end":{"line":55,"column":58}},"line":55},"3":{"name":"(anonymous_3)","decl":{"start":{"line":64,"column":6},"end":{"line":64,"column":7}},"loc":{"start":{"line":64,"column":15},"end":{"line":64,"column":67}},"line":64},"4":{"name":"(anonymous_4)","decl":{"start":{"line":70,"column":14},"end":{"line":70,"column":15}},"loc":{"start":{"line":70,"column":47},"end":{"line":91,"column":3}},"line":70},"5":{"name":"(anonymous_5)","decl":{"start":{"line":85,"column":25},"end":{"line":85,"column":26}},"loc":{"start":{"line":85,"column":33},"end":{"line":85,"column":75}},"line":85},"6":{"name":"(anonymous_6)","decl":{"start":{"line":89,"column":8},"end":{"line":89,"column":9}},"loc":{"start":{"line":89,"column":20},"end":{"line":89,"column":63}},"line":89},"7":{"name":"(anonymous_7)","decl":{"start":{"line":93,"column":17},"end":{"line":93,"column":18}},"loc":{"start":{"line":93,"column":64},"end":{"line":118,"column":3}},"line":93},"8":{"name":"(anonymous_8)","decl":{"start":{"line":109,"column":31},"end":{"line":109,"column":32}},"loc":{"start":{"line":109,"column":39},"end":{"line":109,"column":72}},"line":109},"9":{"name":"(anonymous_9)","decl":{"start":{"line":113,"column":8},"end":{"line":113,"column":9}},"loc":{"start":{"line":113,"column":20},"end":{"line":115,"column":5}},"line":113},"10":{"name":"(anonymous_10)","decl":{"start":{"line":114,"column":35},"end":{"line":114,"column":36}},"loc":{"start":{"line":114,"column":43},"end":{"line":114,"column":68}},"line":114},"11":{"name":"(anonymous_11)","decl":{"start":{"line":120,"column":17},"end":{"line":120,"column":18}},"loc":{"start":{"line":123,"column":54},"end":{"line":142,"column":3}},"line":123},"12":{"name":"(anonymous_12)","decl":{"start":{"line":126,"column":37},"end":{"line":126,"column":38}},"loc":{"start":{"line":126,"column":44},"end":{"line":126,"column":55}},"line":126},"13":{"name":"(anonymous_13)","decl":{"start":{"line":137,"column":38},"end":{"line":137,"column":39}},"loc":{"start":{"line":137,"column":45},"end":{"line":137,"column":56}},"line":137},"14":{"name":"(anonymous_14)","decl":{"start":{"line":144,"column":15},"end":{"line":144,"column":16}},"loc":{"start":{"line":144,"column":29},"end":{"line":144,"column":46}},"line":144}},"branchMap":{"0":{"loc":{"start":{"line":55,"column":22},"end":{"line":55,"column":65}},"type":"binary-expr","locations":[{"start":{"line":55,"column":22},"end":{"line":55,"column":59}},{"start":{"line":55,"column":63},"end":{"line":55,"column":65}}],"line":55},"1":{"loc":{"start":{"line":63,"column":22},"end":{"line":63,"column":32}},"type":"binary-expr","locations":[{"start":{"line":63,"column":22},"end":{"line":63,"column":26}},{"start":{"line":63,"column":30},"end":{"line":63,"column":32}}],"line":63},"2":{"loc":{"start":{"line":64,"column":15},"end":{"line":64,"column":67}},"type":"binary-expr","locations":[{"start":{"line":64,"column":15},"end":{"line":64,"column":37}},{"start":{"line":64,"column":41},"end":{"line":64,"column":67}}],"line":64},"3":{"loc":{"start":{"line":70,"column":27},"end":{"line":70,"column":42}},"type":"default-arg","locations":[{"start":{"line":70,"column":40},"end":{"line":70,"column":42}}],"line":70},"4":{"loc":{"start":{"line":77,"column":4},"end":{"line":79,"column":5}},"type":"if","locations":[{"start":{"line":77,"column":4},"end":{"line":79,"column":5}},{"start":{},"end":{}}],"line":77},"5":{"loc":{"start":{"line":77,"column":8},"end":{"line":77,"column":26}},"type":"binary-expr","locations":[{"start":{"line":77,"column":8},"end":{"line":77,"column":13}},{"start":{"line":77,"column":17},"end":{"line":77,"column":26}}],"line":77},"6":{"loc":{"start":{"line":81,"column":4},"end":{"line":87,"column":5}},"type":"if","locations":[{"start":{"line":81,"column":4},"end":{"line":87,"column":5}},{"start":{},"end":{}}],"line":81},"7":{"loc":{"start":{"line":100,"column":4},"end":{"line":102,"column":5}},"type":"if","locations":[{"start":{"line":100,"column":4},"end":{"line":102,"column":5}},{"start":{},"end":{}}],"line":100},"8":{"loc":{"start":{"line":106,"column":4},"end":{"line":110,"column":5}},"type":"if","locations":[{"start":{"line":106,"column":4},"end":{"line":110,"column":5}},{"start":{},"end":{}}],"line":106},"9":{"loc":{"start":{"line":114,"column":43},"end":{"line":114,"column":68}},"type":"cond-expr","locations":[{"start":{"line":114,"column":57},"end":{"line":114,"column":64}},{"start":{"line":114,"column":67},"end":{"line":114,"column":68}}],"line":114},"10":{"loc":{"start":{"line":127,"column":6},"end":{"line":132,"column":7}},"type":"if","locations":[{"start":{"line":127,"column":6},"end":{"line":132,"column":7}},{"start":{},"end":{}}],"line":127},"11":{"loc":{"start":{"line":127,"column":10},"end":{"line":127,"column":50}},"type":"binary-expr","locations":[{"start":{"line":127,"column":10},"end":{"line":127,"column":19}},{"start":{"line":127,"column":23},"end":{"line":127,"column":50}}],"line":127},"12":{"loc":{"start":{"line":135,"column":6},"end":{"line":135,"column":29}},"type":"if","locations":[{"start":{"line":135,"column":6},"end":{"line":135,"column":29}},{"start":{},"end":{}}],"line":135}},"s":{"0":1,"1":1,"2":1,"3":1,"4":1,"5":1,"6":1,"7":1,"8":2,"9":1,"10":2,"11":2,"12":1,"13":1,"14":1,"15":1,"16":1,"17":1,"18":1,"19":2,"20":2,"21":1,"22":1,"23":1,"24":1,"25":1,"26":1,"27":1,"28":1,"29":1,"30":1,"31":2,"32":2,"33":2,"34":2,"35":2,"36":1,"37":1,"38":1,"39":0,"40":1,"41":1,"42":1,"43":0,"44":1},"f":{"0":1,"1":1,"2":1,"3":2,"4":2,"5":1,"6":1,"7":2,"8":1,"9":1,"10":1,"11":2,"12":2,"13":1,"14":1},"b":{"0":[1,0],"1":[1,0],"2":[2,1],"3":[1],"4":[1,1],"5":[2,1],"6":[1,0],"7":[1,1],"8":[1,0],"9":[1,0],"10":[1,1],"11":[2,2],"12":[0,1]},"_coverageSchema":"1a1c01bbd47fc00a2c39e90264f33305004495a9","hash":"8591412e8b9203ff544f12452f3338fc0f9cc8f8"}
,"C:\\Users\\starz\\Desktop\\Family-organizer\\smart-budget-apk\\stores\\friendsStore.ts": {"path":"C:\\Users\\starz\\Desktop\\Family-organizer\\smart-budget-apk\\stores\\friendsStore.ts","statementMap":{"0":{"start":{"line":21,"column":31},"end":{"line":109,"column":3}},"1":{"start":{"line":21,"column":67},"end":{"line":109,"column":1}},"2":{"start":{"line":25,"column":4},"end":{"line":55,"column":5}},"3":{"start":{"line":26,"column":23},"end":{"line":26,"column":52}},"4":{"start":{"line":27,"column":19},"end":{"line":27,"column":37}},"5":{"start":{"line":28,"column":6},"end":{"line":28,"column":66}},"6":{"start":{"line":28,"column":17},"end":{"line":28,"column":66}},"7":{"start":{"line":30,"column":30},"end":{"line":37,"column":68}},"8":{"start":{"line":39,"column":6},"end":{"line":39,"column":29}},"9":{"start":{"line":39,"column":17},"end":{"line":39,"column":29}},"10":{"start":{"line":40,"column":23},"end":{"line":50,"column":9}},"11":{"start":{"line":40,"column":48},"end":{"line":50,"column":7}},"12":{"start":{"line":51,"column":6},"end":{"line":51,"column":33}},"13":{"start":{"line":52,"column":6},"end":{"line":52,"column":31}},"14":{"start":{"line":54,"column":6},"end":{"line":54,"column":50}},"15":{"start":{"line":59,"column":4},"end":{"line":82,"column":5}},"16":{"start":{"line":60,"column":53},"end":{"line":64,"column":17}},"17":{"start":{"line":65,"column":6},"end":{"line":66,"column":54}},"18":{"start":{"line":66,"column":8},"end":{"line":66,"column":54}},"19":{"start":{"line":68,"column":23},"end":{"line":68,"column":52}},"20":{"start":{"line":69,"column":19},"end":{"line":69,"column":37}},"21":{"start":{"line":70,"column":6},"end":{"line":70,"column":66}},"22":{"start":{"line":70,"column":17},"end":{"line":70,"column":66}},"23":{"start":{"line":72,"column":35},"end":{"line":75,"column":8}},"24":{"start":{"line":76,"column":6},"end":{"line":76,"column":37}},"25":{"start":{"line":76,"column":21},"end":{"line":76,"column":37}},"26":{"start":{"line":78,"column":6},"end":{"line":78,"column":33}},"27":{"start":{"line":79,"column":6},"end":{"line":79,"column":31}},"28":{"start":{"line":81,"column":6},"end":{"line":81,"column":50}},"29":{"start":{"line":86,"column":4},"end":{"line":96,"column":5}},"30":{"start":{"line":87,"column":24},"end":{"line":90,"column":21}},"31":{"start":{"line":91,"column":6},"end":{"line":91,"column":29}},"32":{"start":{"line":91,"column":17},"end":{"line":91,"column":29}},"33":{"start":{"line":92,"column":6},"end":{"line":92,"column":33}},"34":{"start":{"line":93,"column":6},"end":{"line":93,"column":31}},"35":{"start":{"line":95,"column":6},"end":{"line":95,"column":50}},"36":{"start":{"line":100,"column":4},"end":{"line":107,"column":5}},"37":{"start":{"line":101,"column":24},"end":{"line":101,"column":76}},"38":{"start":{"line":102,"column":6},"end":{"line":102,"column":29}},"39":{"start":{"line":102,"column":17},"end":{"line":102,"column":29}},"40":{"start":{"line":103,"column":6},"end":{"line":103,"column":33}},"41":{"start":{"line":104,"column":6},"end":{"line":104,"column":31}},"42":{"start":{"line":106,"column":6},"end":{"line":106,"column":50}}},"fnMap":{"0":{"name":"(anonymous_0)","decl":{"start":{"line":21,"column":52},"end":{"line":21,"column":53}},"loc":{"start":{"line":21,"column":67},"end":{"line":109,"column":1}},"line":21},"1":{"name":"(anonymous_1)","decl":{"start":{"line":24,"column":16},"end":{"line":24,"column":17}},"loc":{"start":{"line":24,"column":28},"end":{"line":56,"column":3}},"line":24},"2":{"name":"(anonymous_2)","decl":{"start":{"line":40,"column":33},"end":{"line":40,"column":34}},"loc":{"start":{"line":40,"column":48},"end":{"line":50,"column":7}},"line":40},"3":{"name":"(anonymous_3)","decl":{"start":{"line":58,"column":14},"end":{"line":58,"column":15}},"loc":{"start":{"line":58,"column":31},"end":{"line":83,"column":3}},"line":58},"4":{"name":"(anonymous_4)","decl":{"start":{"line":85,"column":16},"end":{"line":85,"column":17}},"loc":{"start":{"line":85,"column":30},"end":{"line":97,"column":3}},"line":85},"5":{"name":"(anonymous_5)","decl":{"start":{"line":99,"column":16},"end":{"line":99,"column":17}},"loc":{"start":{"line":99,"column":30},"end":{"line":108,"column":3}},"line":99}},"branchMap":{"0":{"loc":{"start":{"line":28,"column":6},"end":{"line":28,"column":66}},"type":"if","locations":[{"start":{"line":28,"column":6},"end":{"line":28,"column":66}},{"start":{},"end":{}}],"line":28},"1":{"loc":{"start":{"line":39,"column":6},"end":{"line":39,"column":29}},"type":"if","locations":[{"start":{"line":39,"column":6},"end":{"line":39,"column":29}},{"start":{},"end":{}}],"line":39},"2":{"loc":{"start":{"line":47,"column":10},"end":{"line":49,"column":33}},"type":"cond-expr","locations":[{"start":{"line":48,"column":14},"end":{"line":48,"column":33}},{"start":{"line":49,"column":14},"end":{"line":49,"column":33}}],"line":47},"3":{"loc":{"start":{"line":65,"column":6},"end":{"line":66,"column":54}},"type":"if","locations":[{"start":{"line":65,"column":6},"end":{"line":66,"column":54}},{"start":{},"end":{}}],"line":65},"4":{"loc":{"start":{"line":65,"column":10},"end":{"line":65,"column":34}},"type":"binary-expr","locations":[{"start":{"line":65,"column":10},"end":{"line":65,"column":17}},{"start":{"line":65,"column":21},"end":{"line":65,"column":34}}],"line":65},"5":{"loc":{"start":{"line":70,"column":6},"end":{"line":70,"column":66}},"type":"if","locations":[{"start":{"line":70,"column":6},"end":{"line":70,"column":66}},{"start":{},"end":{}}],"line":70},"6":{"loc":{"start":{"line":76,"column":6},"end":{"line":76,"column":37}},"type":"if","locations":[{"start":{"line":76,"column":6},"end":{"line":76,"column":37}},{"start":{},"end":{}}],"line":76},"7":{"loc":{"start":{"line":91,"column":6},"end":{"line":91,"column":29}},"type":"if","locations":[{"start":{"line":91,"column":6},"end":{"line":91,"column":29}},{"start":{},"end":{}}],"line":91},"8":{"loc":{"start":{"line":102,"column":6},"end":{"line":102,"column":29}},"type":"if","locations":[{"start":{"line":102,"column":6},"end":{"line":102,"column":29}},{"start":{},"end":{}}],"line":102}},"s":{"0":1,"1":1,"2":2,"3":2,"4":2,"5":2,"6":1,"7":1,"8":1,"9":0,"10":1,"11":1,"12":1,"13":1,"14":1,"15":2,"16":2,"17":2,"18":1,"19":1,"20":1,"21":1,"22":0,"23":1,"24":1,"25":0,"26":1,"27":1,"28":1,"29":1,"30":1,"31":1,"32":0,"33":1,"34":1,"35":0,"36":1,"37":1,"38":1,"39":0,"40":1,"41":1,"42":0},"f":{"0":1,"1":2,"2":1,"3":2,"4":1,"5":1},"b":{"0":[1,1],"1":[0,1],"2":[1,0],"3":[1,1],"4":[2,1],"5":[0,1],"6":[0,1],"7":[0,1],"8":[0,1]},"_coverageSchema":"1a1c01bbd47fc00a2c39e90264f33305004495a9","hash":"5549120fcb95055defd1a78a4c512f2134ca7d44"}
,"C:\\Users\\starz\\Desktop\\Family-organizer\\smart-budget-apk\\stores\\pantriesStore.ts": {"path":"C:\\Users\\starz\\Desktop\\Family-organizer\\smart-budget-apk\\stores\\pantriesStore.ts","statementMap":{"0":{"start":{"line":73,"column":32},"end":{"line":374,"column":3}},"1":{"start":{"line":73,"column":69},"end":{"line":374,"column":1}},"2":{"start":{"line":81,"column":4},"end":{"line":97,"column":5}},"3":{"start":{"line":82,"column":30},"end":{"line":85,"column":34}},"4":{"start":{"line":87,"column":6},"end":{"line":87,"column":29}},"5":{"start":{"line":87,"column":17},"end":{"line":87,"column":29}},"6":{"start":{"line":89,"column":6},"end":{"line":91,"column":9}},"7":{"start":{"line":93,"column":6},"end":{"line":93,"column":31}},"8":{"start":{"line":95,"column":22},"end":{"line":95,"column":70}},"9":{"start":{"line":96,"column":6},"end":{"line":96,"column":48}},"10":{"start":{"line":100,"column":4},"end":{"line":138,"column":5}},"11":{"start":{"line":102,"column":49},"end":{"line":107,"column":17}},"12":{"start":{"line":108,"column":6},"end":{"line":109,"column":73}},"13":{"start":{"line":109,"column":8},"end":{"line":109,"column":73}},"14":{"start":{"line":110,"column":21},"end":{"line":110,"column":32}},"15":{"start":{"line":113,"column":50},"end":{"line":117,"column":30}},"16":{"start":{"line":118,"column":6},"end":{"line":118,"column":77}},"17":{"start":{"line":118,"column":20},"end":{"line":118,"column":77}},"18":{"start":{"line":119,"column":6},"end":{"line":120,"column":73}},"19":{"start":{"line":120,"column":8},"end":{"line":120,"column":73}},"20":{"start":{"line":123,"column":35},"end":{"line":130,"column":10}},"21":{"start":{"line":131,"column":6},"end":{"line":131,"column":37}},"22":{"start":{"line":131,"column":21},"end":{"line":131,"column":37}},"23":{"start":{"line":134,"column":6},"end":{"line":134,"column":47}},"24":{"start":{"line":135,"column":6},"end":{"line":135,"column":31}},"25":{"start":{"line":137,"column":6},"end":{"line":137,"column":50}},"26":{"start":{"line":141,"column":4},"end":{"line":176,"column":5}},"27":{"start":{"line":143,"column":49},"end":{"line":148,"column":17}},"28":{"start":{"line":149,"column":6},"end":{"line":150,"column":73}},"29":{"start":{"line":150,"column":8},"end":{"line":150,"column":73}},"30":{"start":{"line":151,"column":21},"end":{"line":151,"column":32}},"31":{"start":{"line":154,"column":50},"end":{"line":158,"column":30}},"32":{"start":{"line":159,"column":6},"end":{"line":159,"column":77}},"33":{"start":{"line":159,"column":20},"end":{"line":159,"column":77}},"34":{"start":{"line":160,"column":6},"end":{"line":161,"column":73}},"35":{"start":{"line":161,"column":8},"end":{"line":161,"column":73}},"36":{"start":{"line":164,"column":35},"end":{"line":168,"column":30}},"37":{"start":{"line":169,"column":6},"end":{"line":169,"column":37}},"38":{"start":{"line":169,"column":21},"end":{"line":169,"column":37}},"39":{"start":{"line":172,"column":6},"end":{"line":172,"column":47}},"40":{"start":{"line":173,"column":6},"end":{"line":173,"column":31}},"41":{"start":{"line":175,"column":6},"end":{"line":175,"column":50}},"42":{"start":{"line":180,"column":4},"end":{"line":221,"column":5}},"43":{"start":{"line":181,"column":6},"end":{"line":181,"column":29}},"44":{"start":{"line":183,"column":8},"end":{"line":183,"column":37}},"45":{"start":{"line":184,"column":6},"end":{"line":185,"column":57}},"46":{"start":{"line":185,"column":8},"end":{"line":185,"column":57}},"47":{"start":{"line":186,"column":21},"end":{"line":186,"column":37}},"48":{"start":{"line":188,"column":55},"end":{"line":191,"column":30}},"49":{"start":{"line":192,"column":6},"end":{"line":192,"column":39}},"50":{"start":{"line":192,"column":22},"end":{"line":192,"column":39}},"51":{"start":{"line":193,"column":24},"end":{"line":193,"column":66}},"52":{"start":{"line":193,"column":48},"end":{"line":193,"column":59}},"53":{"start":{"line":195,"column":55},"end":{"line":198,"column":31}},"54":{"start":{"line":199,"column":6},"end":{"line":199,"column":35}},"55":{"start":{"line":199,"column":20},"end":{"line":199,"column":35}},"56":{"start":{"line":201,"column":59},"end":{"line":207,"column":22}},"57":{"start":{"line":208,"column":6},"end":{"line":208,"column":41}},"58":{"start":{"line":208,"column":23},"end":{"line":208,"column":41}},"59":{"start":{"line":210,"column":23},"end":{"line":210,"column":76}},"60":{"start":{"line":211,"column":28},"end":{"line":214,"column":9}},"61":{"start":{"line":211,"column":49},"end":{"line":214,"column":7}},"62":{"start":{"line":216,"column":6},"end":{"line":216,"column":55}},"63":{"start":{"line":217,"column":6},"end":{"line":217,"column":31}},"64":{"start":{"line":219,"column":6},"end":{"line":219,"column":30}},"65":{"start":{"line":220,"column":6},"end":{"line":220,"column":50}},"66":{"start":{"line":225,"column":4},"end":{"line":243,"column":5}},"67":{"start":{"line":227,"column":8},"end":{"line":227,"column":37}},"68":{"start":{"line":228,"column":6},"end":{"line":229,"column":57}},"69":{"start":{"line":229,"column":8},"end":{"line":229,"column":57}},"70":{"start":{"line":230,"column":21},"end":{"line":230,"column":37}},"71":{"start":{"line":232,"column":30},"end":{"line":236,"column":17}},"72":{"start":{"line":237,"column":6},"end":{"line":237,"column":29}},"73":{"start":{"line":237,"column":17},"end":{"line":237,"column":29}},"74":{"start":{"line":239,"column":6},"end":{"line":239,"column":71}},"75":{"start":{"line":240,"column":6},"end":{"line":240,"column":31}},"76":{"start":{"line":242,"column":6},"end":{"line":242,"column":50}},"77":{"start":{"line":247,"column":4},"end":{"line":257,"column":5}},"78":{"start":{"line":248,"column":30},"end":{"line":251,"column":34}},"79":{"start":{"line":252,"column":6},"end":{"line":252,"column":29}},"80":{"start":{"line":252,"column":17},"end":{"line":252,"column":29}},"81":{"start":{"line":253,"column":6},"end":{"line":253,"column":39}},"82":{"start":{"line":254,"column":6},"end":{"line":254,"column":31}},"83":{"start":{"line":256,"column":6},"end":{"line":256,"column":50}},"84":{"start":{"line":261,"column":4},"end":{"line":279,"column":5}},"85":{"start":{"line":263,"column":8},"end":{"line":263,"column":37}},"86":{"start":{"line":264,"column":6},"end":{"line":265,"column":57}},"87":{"start":{"line":265,"column":8},"end":{"line":265,"column":57}},"88":{"start":{"line":266,"column":21},"end":{"line":266,"column":37}},"89":{"start":{"line":268,"column":38},"end":{"line":272,"column":17}},"90":{"start":{"line":273,"column":6},"end":{"line":273,"column":78}},"91":{"start":{"line":273,"column":28},"end":{"line":273,"column":78}},"92":{"start":{"line":275,"column":6},"end":{"line":275,"column":34}},"93":{"start":{"line":276,"column":6},"end":{"line":276,"column":31}},"94":{"start":{"line":278,"column":6},"end":{"line":278,"column":50}},"95":{"start":{"line":283,"column":4},"end":{"line":290,"column":5}},"96":{"start":{"line":284,"column":24},"end":{"line":284,"column":77}},"97":{"start":{"line":285,"column":6},"end":{"line":285,"column":29}},"98":{"start":{"line":285,"column":17},"end":{"line":285,"column":29}},"99":{"start":{"line":286,"column":6},"end":{"line":286,"column":80}},"100":{"start":{"line":286,"column":22},"end":{"line":286,"column":77}},"101":{"start":{"line":286,"column":63},"end":{"line":286,"column":74}},"102":{"start":{"line":287,"column":6},"end":{"line":287,"column":31}},"103":{"start":{"line":289,"column":6},"end":{"line":289,"column":50}},"104":{"start":{"line":294,"column":4},"end":{"line":303,"column":5}},"105":{"start":{"line":295,"column":24},"end":{"line":298,"column":21}},"106":{"start":{"line":299,"column":6},"end":{"line":299,"column":29}},"107":{"start":{"line":299,"column":17},"end":{"line":299,"column":29}},"108":{"start":{"line":300,"column":6},"end":{"line":300,"column":31}},"109":{"start":{"line":302,"column":6},"end":{"line":302,"column":50}},"110":{"start":{"line":307,"column":4},"end":{"line":314,"column":5}},"111":{"start":{"line":308,"column":24},"end":{"line":308,"column":72}},"112":{"start":{"line":309,"column":6},"end":{"line":309,"column":29}},"113":{"start":{"line":309,"column":17},"end":{"line":309,"column":29}},"114":{"start":{"line":310,"column":6},"end":{"line":310,"column":70}},"115":{"start":{"line":310,"column":22},"end":{"line":310,"column":67}},"116":{"start":{"line":311,"column":6},"end":{"line":311,"column":31}},"117":{"start":{"line":313,"column":6},"end":{"line":313,"column":50}},"118":{"start":{"line":318,"column":4},"end":{"line":338,"column":5}},"119":{"start":{"line":319,"column":24},"end":{"line":328,"column":26}},"120":{"start":{"line":329,"column":6},"end":{"line":329,"column":29}},"121":{"start":{"line":329,"column":17},"end":{"line":329,"column":29}},"122":{"start":{"line":330,"column":6},"end":{"line":334,"column":10}},"123":{"start":{"line":330,"column":22},"end":{"line":334,"column":7}},"124":{"start":{"line":332,"column":10},"end":{"line":332,"column":37}},"125":{"start":{"line":335,"column":6},"end":{"line":335,"column":31}},"126":{"start":{"line":337,"column":6},"end":{"line":337,"column":50}},"127":{"start":{"line":342,"column":4},"end":{"line":354,"column":5}},"128":{"start":{"line":343,"column":24},"end":{"line":346,"column":21}},"129":{"start":{"line":347,"column":6},"end":{"line":347,"column":29}},"130":{"start":{"line":347,"column":17},"end":{"line":347,"column":29}},"131":{"start":{"line":348,"column":6},"end":{"line":350,"column":10}},"132":{"start":{"line":348,"column":22},"end":{"line":350,"column":7}},"133":{"start":{"line":349,"column":53},"end":{"line":349,"column":64}},"134":{"start":{"line":351,"column":6},"end":{"line":351,"column":31}},"135":{"start":{"line":353,"column":6},"end":{"line":353,"column":50}},"136":{"start":{"line":358,"column":4},"end":{"line":372,"column":5}},"137":{"start":{"line":359,"column":24},"end":{"line":362,"column":21}},"138":{"start":{"line":363,"column":6},"end":{"line":363,"column":29}},"139":{"start":{"line":363,"column":17},"end":{"line":363,"column":29}},"140":{"start":{"line":364,"column":6},"end":{"line":368,"column":10}},"141":{"start":{"line":364,"column":22},"end":{"line":368,"column":7}},"142":{"start":{"line":366,"column":10},"end":{"line":366,"column":46}},"143":{"start":{"line":369,"column":6},"end":{"line":369,"column":31}},"144":{"start":{"line":371,"column":6},"end":{"line":371,"column":50}}},"fnMap":{"0":{"name":"(anonymous_0)","decl":{"start":{"line":73,"column":54},"end":{"line":73,"column":55}},"loc":{"start":{"line":73,"column":69},"end":{"line":374,"column":1}},"line":73},"1":{"name":"(anonymous_1)","decl":{"start":{"line":80,"column":16},"end":{"line":80,"column":17}},"loc":{"start":{"line":80,"column":44},"end":{"line":98,"column":3}},"line":80},"2":{"name":"(anonymous_2)","decl":{"start":{"line":99,"column":13},"end":{"line":99,"column":14}},"loc":{"start":{"line":99,"column":46},"end":{"line":139,"column":3}},"line":99},"3":{"name":"(anonymous_3)","decl":{"start":{"line":140,"column":16},"end":{"line":140,"column":17}},"loc":{"start":{"line":140,"column":49},"end":{"line":177,"column":3}},"line":140},"4":{"name":"(anonymous_4)","decl":{"start":{"line":179,"column":17},"end":{"line":179,"column":18}},"loc":{"start":{"line":179,"column":29},"end":{"line":222,"column":3}},"line":179},"5":{"name":"(anonymous_5)","decl":{"start":{"line":193,"column":41},"end":{"line":193,"column":42}},"loc":{"start":{"line":193,"column":48},"end":{"line":193,"column":59}},"line":193},"6":{"name":"(anonymous_6)","decl":{"start":{"line":211,"column":41},"end":{"line":211,"column":42}},"loc":{"start":{"line":211,"column":49},"end":{"line":214,"column":7}},"line":211},"7":{"name":"(anonymous_7)","decl":{"start":{"line":224,"column":22},"end":{"line":224,"column":23}},"loc":{"start":{"line":224,"column":36},"end":{"line":244,"column":3}},"line":224},"8":{"name":"(anonymous_8)","decl":{"start":{"line":246,"column":20},"end":{"line":246,"column":21}},"loc":{"start":{"line":246,"column":40},"end":{"line":258,"column":3}},"line":246},"9":{"name":"(anonymous_9)","decl":{"start":{"line":260,"column":13},"end":{"line":260,"column":14}},"loc":{"start":{"line":260,"column":29},"end":{"line":280,"column":3}},"line":260},"10":{"name":"(anonymous_10)","decl":{"start":{"line":282,"column":16},"end":{"line":282,"column":17}},"loc":{"start":{"line":282,"column":30},"end":{"line":291,"column":3}},"line":282},"11":{"name":"(anonymous_11)","decl":{"start":{"line":286,"column":10},"end":{"line":286,"column":11}},"loc":{"start":{"line":286,"column":22},"end":{"line":286,"column":77}},"line":286},"12":{"name":"(anonymous_12)","decl":{"start":{"line":286,"column":56},"end":{"line":286,"column":57}},"loc":{"start":{"line":286,"column":63},"end":{"line":286,"column":74}},"line":286},"13":{"name":"(anonymous_13)","decl":{"start":{"line":293,"column":16},"end":{"line":293,"column":17}},"loc":{"start":{"line":293,"column":39},"end":{"line":304,"column":3}},"line":293},"14":{"name":"(anonymous_14)","decl":{"start":{"line":306,"column":17},"end":{"line":306,"column":18}},"loc":{"start":{"line":306,"column":33},"end":{"line":315,"column":3}},"line":306},"15":{"name":"(anonymous_15)","decl":{"start":{"line":310,"column":10},"end":{"line":310,"column":11}},"loc":{"start":{"line":310,"column":22},"end":{"line":310,"column":67}},"line":310},"16":{"name":"(anonymous_16)","decl":{"start":{"line":317,"column":20},"end":{"line":317,"column":21}},"loc":{"start":{"line":317,"column":36},"end":{"line":339,"column":3}},"line":317},"17":{"name":"(anonymous_17)","decl":{"start":{"line":330,"column":10},"end":{"line":330,"column":11}},"loc":{"start":{"line":330,"column":22},"end":{"line":334,"column":7}},"line":330},"18":{"name":"(anonymous_18)","decl":{"start":{"line":331,"column":43},"end":{"line":331,"column":44}},"loc":{"start":{"line":332,"column":10},"end":{"line":332,"column":37}},"line":332},"19":{"name":"(anonymous_19)","decl":{"start":{"line":341,"column":20},"end":{"line":341,"column":21}},"loc":{"start":{"line":341,"column":34},"end":{"line":355,"column":3}},"line":341},"20":{"name":"(anonymous_20)","decl":{"start":{"line":348,"column":10},"end":{"line":348,"column":11}},"loc":{"start":{"line":348,"column":22},"end":{"line":350,"column":7}},"line":348},"21":{"name":"(anonymous_21)","decl":{"start":{"line":349,"column":46},"end":{"line":349,"column":47}},"loc":{"start":{"line":349,"column":53},"end":{"line":349,"column":64}},"line":349},"22":{"name":"(anonymous_22)","decl":{"start":{"line":357,"column":22},"end":{"line":357,"column":23}},"loc":{"start":{"line":357,"column":46},"end":{"line":373,"column":3}},"line":357},"23":{"name":"(anonymous_23)","decl":{"start":{"line":364,"column":10},"end":{"line":364,"column":11}},"loc":{"start":{"line":364,"column":22},"end":{"line":368,"column":7}},"line":364},"24":{"name":"(anonymous_24)","decl":{"start":{"line":365,"column":43},"end":{"line":365,"column":44}},"loc":{"start":{"line":366,"column":10},"end":{"line":366,"column":46}},"line":366}},"branchMap":{"0":{"loc":{"start":{"line":87,"column":6},"end":{"line":87,"column":29}},"type":"if","locations":[{"start":{"line":87,"column":6},"end":{"line":87,"column":29}},{"start":{},"end":{}}],"line":87},"1":{"loc":{"start":{"line":90,"column":17},"end":{"line":90,"column":27}},"type":"binary-expr","locations":[{"start":{"line":90,"column":17},"end":{"line":90,"column":21}},{"start":{"line":90,"column":25},"end":{"line":90,"column":27}}],"line":90},"2":{"loc":{"start":{"line":95,"column":22},"end":{"line":95,"column":70}},"type":"binary-expr","locations":[{"start":{"line":95,"column":22},"end":{"line":95,"column":31}},{"start":{"line":95,"column":35},"end":{"line":95,"column":70}}],"line":95},"3":{"loc":{"start":{"line":108,"column":6},"end":{"line":109,"column":73}},"type":"if","locations":[{"start":{"line":108,"column":6},"end":{"line":109,"column":73}},{"start":{},"end":{}}],"line":108},"4":{"loc":{"start":{"line":108,"column":10},"end":{"line":108,"column":30}},"type":"binary-expr","locations":[{"start":{"line":108,"column":10},"end":{"line":108,"column":17}},{"start":{"line":108,"column":21},"end":{"line":108,"column":30}}],"line":108},"5":{"loc":{"start":{"line":118,"column":6},"end":{"line":118,"column":77}},"type":"if","locations":[{"start":{"line":118,"column":6},"end":{"line":118,"column":77}},{"start":{},"end":{}}],"line":118},"6":{"loc":{"start":{"line":119,"column":6},"end":{"line":120,"column":73}},"type":"if","locations":[{"start":{"line":119,"column":6},"end":{"line":120,"column":73}},{"start":{},"end":{}}],"line":119},"7":{"loc":{"start":{"line":119,"column":10},"end":{"line":119,"column":41}},"type":"binary-expr","locations":[{"start":{"line":119,"column":10},"end":{"line":119,"column":18}},{"start":{"line":119,"column":22},"end":{"line":119,"column":41}}],"line":119},"8":{"loc":{"start":{"line":131,"column":6},"end":{"line":131,"column":37}},"type":"if","locations":[{"start":{"line":131,"column":6},"end":{"line":131,"column":37}},{"start":{},"end":{}}],"line":131},"9":{"loc":{"start":{"line":149,"column":6},"end":{"line":150,"column":73}},"type":"if","locations":[{"start":{"line":149,"column":6},"end":{"line":150,"column":73}},{"start":{},"end":{}}],"line":149},"10":{"loc":{"start":{"line":149,"column":10},"end":{"line":149,"column":30}},"type":"binary-expr","locations":[{"start":{"line":149,"column":10},"end":{"line":149,"column":17}},{"start":{"line":149,"column":21},"end":{"line":149,"column":30}}],"line":149},"11":{"loc":{"start":{"line":159,"column":6},"end":{"line":159,"column":77}},"type":"if","locations":[{"start":{"line":159,"column":6},"end":{"line":159,"column":77}},{"start":{},"end":{}}],"line":159},"12":{"loc":{"start":{"line":160,"column":6},"end":{"line":161,"column":73}},"type":"if","locations":[{"start":{"line":160,"column":6},"end":{"line":161,"column":73}},{"start":{},"end":{}}],"line":160},"13":{"loc":{"start":{"line":160,"column":10},"end":{"line":160,"column":44}},"type":"binary-expr","locations":[{"start":{"line":160,"column":10},"end":{"line":160,"column":19}},{"start":{"line":160,"column":23},"end":{"line":160,"column":44}}],"line":160},"14":{"loc":{"start":{"line":169,"column":6},"end":{"line":169,"column":37}},"type":"if","locations":[{"start":{"line":169,"column":6},"end":{"line":169,"column":37}},{"start":{},"end":{}}],"line":169},"15":{"loc":{"start":{"line":184,"column":6},"end":{"line":185,"column":57}},"type":"if","locations":[{"start":{"line":184,"column":6},"end":{"line":185,"column":57}},{"start":{},"end":{}}],"line":184},"16":{"loc":{"start":{"line":184,"column":10},"end":{"line":184,"column":37}},"type":"binary-expr","locations":[{"start":{"line":184,"column":10},"end":{"line":184,"column":19}},{"start":{"line":184,"column":23},"end":{"line":184,"column":37}}],"line":184},"17":{"loc":{"start":{"line":185,"column":24},"end":{"line":185,"column":55}},"type":"binary-expr","locations":[{"start":{"line":185,"column":24},"end":{"line":185,"column":42}},{"start":{"line":185,"column":46},"end":{"line":185,"column":55}}],"line":185},"18":{"loc":{"start":{"line":192,"column":6},"end":{"line":192,"column":39}},"type":"if","locations":[{"start":{"line":192,"column":6},"end":{"line":192,"column":39}},{"start":{},"end":{}}],"line":192},"19":{"loc":{"start":{"line":193,"column":24},"end":{"line":193,"column":66}},"type":"binary-expr","locations":[{"start":{"line":193,"column":24},"end":{"line":193,"column":60}},{"start":{"line":193,"column":64},"end":{"line":193,"column":66}}],"line":193},"20":{"loc":{"start":{"line":199,"column":6},"end":{"line":199,"column":35}},"type":"if","locations":[{"start":{"line":199,"column":6},"end":{"line":199,"column":35}},{"start":{},"end":{}}],"line":199},"21":{"loc":{"start":{"line":201,"column":59},"end":{"line":207,"column":22}},"type":"cond-expr","locations":[{"start":{"line":202,"column":10},"end":{"line":206,"column":36}},{"start":{"line":207,"column":10},"end":{"line":207,"column":22}}],"line":201},"22":{"loc":{"start":{"line":208,"column":6},"end":{"line":208,"column":41}},"type":"if","locations":[{"start":{"line":208,"column":6},"end":{"line":208,"column":41}},{"start":{},"end":{}}],"line":208},"23":{"loc":{"start":{"line":210,"column":28},"end":{"line":210,"column":47}},"type":"binary-expr","locations":[{"start":{"line":210,"column":28},"end":{"line":210,"column":41}},{"start":{"line":210,"column":45},"end":{"line":210,"column":47}}],"line":210},"24":{"loc":{"start":{"line":210,"column":54},"end":{"line":210,"column":74}},"type":"binary-expr","locations":[{"start":{"line":210,"column":54},"end":{"line":210,"column":68}},{"start":{"line":210,"column":72},"end":{"line":210,"column":74}}],"line":210},"25":{"loc":{"start":{"line":228,"column":6},"end":{"line":229,"column":57}},"type":"if","locations":[{"start":{"line":228,"column":6},"end":{"line":229,"column":57}},{"start":{},"end":{}}],"line":228},"26":{"loc":{"start":{"line":228,"column":10},"end":{"line":228,"column":37}},"type":"binary-expr","locations":[{"start":{"line":228,"column":10},"end":{"line":228,"column":19}},{"start":{"line":228,"column":23},"end":{"line":228,"column":37}}],"line":228},"27":{"loc":{"start":{"line":229,"column":24},"end":{"line":229,"column":55}},"type":"binary-expr","locations":[{"start":{"line":229,"column":24},"end":{"line":229,"column":42}},{"start":{"line":229,"column":46},"end":{"line":229,"column":55}}],"line":229},"28":{"loc":{"start":{"line":237,"column":6},"end":{"line":237,"column":29}},"type":"if","locations":[{"start":{"line":237,"column":6},"end":{"line":237,"column":29}},{"start":{},"end":{}}],"line":237},"29":{"loc":{"start":{"line":252,"column":6},"end":{"line":252,"column":29}},"type":"if","locations":[{"start":{"line":252,"column":6},"end":{"line":252,"column":29}},{"start":{},"end":{}}],"line":252},"30":{"loc":{"start":{"line":253,"column":25},"end":{"line":253,"column":35}},"type":"binary-expr","locations":[{"start":{"line":253,"column":25},"end":{"line":253,"column":29}},{"start":{"line":253,"column":33},"end":{"line":253,"column":35}}],"line":253},"31":{"loc":{"start":{"line":264,"column":6},"end":{"line":265,"column":57}},"type":"if","locations":[{"start":{"line":264,"column":6},"end":{"line":265,"column":57}},{"start":{},"end":{}}],"line":264},"32":{"loc":{"start":{"line":264,"column":10},"end":{"line":264,"column":37}},"type":"binary-expr","locations":[{"start":{"line":264,"column":10},"end":{"line":264,"column":19}},{"start":{"line":264,"column":23},"end":{"line":264,"column":37}}],"line":264},"33":{"loc":{"start":{"line":265,"column":24},"end":{"line":265,"column":55}},"type":"binary-expr","locations":[{"start":{"line":265,"column":24},"end":{"line":265,"column":42}},{"start":{"line":265,"column":46},"end":{"line":265,"column":55}}],"line":265},"34":{"loc":{"start":{"line":273,"column":6},"end":{"line":273,"column":78}},"type":"if","locations":[{"start":{"line":273,"column":6},"end":{"line":273,"column":78}},{"start":{},"end":{}}],"line":273},"35":{"loc":{"start":{"line":273,"column":10},"end":{"line":273,"column":26}},"type":"binary-expr","locations":[{"start":{"line":273,"column":10},"end":{"line":273,"column":15}},{"start":{"line":273,"column":19},"end":{"line":273,"column":26}}],"line":273},"36":{"loc":{"start":{"line":273,"column":34},"end":{"line":273,"column":77}},"type":"binary-expr","locations":[{"start":{"line":273,"column":34},"end":{"line":273,"column":39}},{"start":{"line":273,"column":43},"end":{"line":273,"column":77}}],"line":273},"37":{"loc":{"start":{"line":285,"column":6},"end":{"line":285,"column":29}},"type":"if","locations":[{"start":{"line":285,"column":6},"end":{"line":285,"column":29}},{"start":{},"end":{}}],"line":285},"38":{"loc":{"start":{"line":299,"column":6},"end":{"line":299,"column":29}},"type":"if","locations":[{"start":{"line":299,"column":6},"end":{"line":299,"column":29}},{"start":{},"end":{}}],"line":299},"39":{"loc":{"start":{"line":309,"column":6},"end":{"line":309,"column":29}},"type":"if","locations":[{"start":{"line":309,"column":6},"end":{"line":309,"column":29}},{"start":{},"end":{}}],"line":309},"40":{"loc":{"start":{"line":329,"column":6},"end":{"line":329,"column":29}},"type":"if","locations":[{"start":{"line":329,"column":6},"end":{"line":329,"column":29}},{"start":{},"end":{}}],"line":329},"41":{"loc":{"start":{"line":332,"column":10},"end":{"line":332,"column":37}},"type":"cond-expr","locations":[{"start":{"line":332,"column":29},"end":{"line":332,"column":33}},{"start":{"line":332,"column":36},"end":{"line":332,"column":37}}],"line":332},"42":{"loc":{"start":{"line":347,"column":6},"end":{"line":347,"column":29}},"type":"if","locations":[{"start":{"line":347,"column":6},"end":{"line":347,"column":29}},{"start":{},"end":{}}],"line":347},"43":{"loc":{"start":{"line":363,"column":6},"end":{"line":363,"column":29}},"type":"if","locations":[{"start":{"line":363,"column":6},"end":{"line":363,"column":29}},{"start":{},"end":{}}],"line":363},"44":{"loc":{"start":{"line":366,"column":10},"end":{"line":366,"column":46}},"type":"cond-expr","locations":[{"start":{"line":366,"column":24},"end":{"line":366,"column":42}},{"start":{"line":366,"column":45},"end":{"line":366,"column":46}}],"line":366}},"s":{"0":1,"1":1,"2":0,"3":0,"4":0,"5":0,"6":0,"7":0,"8":0,"9":0,"10":0,"11":0,"12":0,"13":0,"14":0,"15":0,"16":0,"17":0,"18":0,"19":0,"20":0,"21":0,"22":0,"23":0,"24":0,"25":0,"26":0,"27":0,"28":0,"29":0,"30":0,"31":0,"32":0,"33":0,"34":0,"35":0,"36":0,"37":0,"38":0,"39":0,"40":0,"41":0,"42":3,"43":3,"44":3,"45":3,"46":1,"47":2,"48":2,"49":2,"50":0,"51":2,"52":0,"53":2,"54":2,"55":1,"56":1,"57":1,"58":0,"59":1,"60":1,"61":1,"62":1,"63":1,"64":2,"65":2,"66":2,"67":2,"68":2,"69":1,"70":1,"71":1,"72":1,"73":0,"74":1,"75":1,"76":1,"77":2,"78":2,"79":2,"80":1,"81":1,"82":1,"83":1,"84":2,"85":2,"86":2,"87":1,"88":1,"89":1,"90":1,"91":0,"92":1,"93":1,"94":1,"95":1,"96":1,"97":1,"98":0,"99":1,"100":1,"101":1,"102":1,"103":0,"104":1,"105":1,"106":1,"107":0,"108":1,"109":0,"110":0,"111":0,"112":0,"113":0,"114":0,"115":0,"116":0,"117":0,"118":1,"119":1,"120":1,"121":0,"122":1,"123":1,"124":1,"125":1,"126":0,"127":1,"128":1,"129":1,"130":0,"131":1,"132":1,"133":1,"134":1,"135":0,"136":2,"137":2,"138":2,"139":1,"140":1,"141":1,"142":1,"143":1,"144":1},"f":{"0":1,"1":0,"2":0,"3":0,"4":3,"5":0,"6":1,"7":2,"8":2,"9":2,"10":1,"11":1,"12":1,"13":1,"14":0,"15":0,"16":1,"17":1,"18":1,"19":1,"20":1,"21":1,"22":2,"23":1,"24":1},"b":{"0":[0,0],"1":[0,0],"2":[0,0],"3":[0,0],"4":[0,0],"5":[0,0],"6":[0,0],"7":[0,0],"8":[0,0],"9":[0,0],"10":[0,0],"11":[0,0],"12":[0,0],"13":[0,0],"14":[0,0],"15":[1,2],"16":[3,2],"17":[1,0],"18":[0,2],"19":[2,0],"20":[1,1],"21":[0,1],"22":[0,1],"23":[1,0],"24":[1,0],"25":[1,1],"26":[2,1],"27":[1,0],"28":[0,1],"29":[1,1],"30":[1,0],"31":[1,1],"32":[2,1],"33":[1,0],"34":[0,1],"35":[1,1],"36":[0,0],"37":[0,1],"38":[0,1],"39":[0,0],"40":[0,1],"41":[1,0],"42":[0,1],"43":[1,1],"44":[1,0]},"_coverageSchema":"1a1c01bbd47fc00a2c39e90264f33305004495a9","hash":"f93bc2b4793e0ea97be162f261f22534f182ea6d"}
,"C:\\Users\\starz\\Desktop\\Family-organizer\\smart-budget-apk\\stores\\shoppingListStore.ts": {"path":"C:\\Users\\starz\\Desktop\\Family-organizer\\smart-budget-apk\\stores\\shoppingListStore.ts","statementMap":{"0":{"start":{"line":91,"column":36},"end":{"line":441,"column":3}},"1":{"start":{"line":91,"column":77},"end":{"line":441,"column":1}},"2":{"start":{"line":100,"column":4},"end":{"line":126,"column":5}},"3":{"start":{"line":101,"column":20},"end":{"line":101,"column":25}},"4":{"start":{"line":102,"column":26},"end":{"line":102,"column":61}},"5":{"start":{"line":102,"column":52},"end":{"line":102,"column":60}},"6":{"start":{"line":103,"column":6},"end":{"line":104,"column":70}},"7":{"start":{"line":104,"column":8},"end":{"line":104,"column":70}},"8":{"start":{"line":105,"column":23},"end":{"line":111,"column":9}},"9":{"start":{"line":105,"column":47},"end":{"line":111,"column":7}},"10":{"start":{"line":112,"column":22},"end":{"line":112,"column":74}},"11":{"start":{"line":113,"column":6},"end":{"line":113,"column":29}},"12":{"start":{"line":113,"column":17},"end":{"line":113,"column":29}},"13":{"start":{"line":114,"column":6},"end":{"line":120,"column":11}},"14":{"start":{"line":119,"column":33},"end":{"line":119,"column":37}},"15":{"start":{"line":121,"column":6},"end":{"line":121,"column":29}},"16":{"start":{"line":121,"column":17},"end":{"line":121,"column":29}},"17":{"start":{"line":122,"column":6},"end":{"line":122,"column":59}},"18":{"start":{"line":122,"column":45},"end":{"line":122,"column":54}},"19":{"start":{"line":123,"column":6},"end":{"line":123,"column":31}},"20":{"start":{"line":125,"column":6},"end":{"line":125,"column":50}},"21":{"start":{"line":130,"column":4},"end":{"line":143,"column":5}},"22":{"start":{"line":131,"column":20},"end":{"line":131,"column":25}},"23":{"start":{"line":132,"column":24},"end":{"line":132,"column":76}},"24":{"start":{"line":132,"column":50},"end":{"line":132,"column":58}},"25":{"start":{"line":132,"column":71},"end":{"line":132,"column":75}},"26":{"start":{"line":133,"column":6},"end":{"line":133,"column":59}},"27":{"start":{"line":133,"column":34},"end":{"line":133,"column":59}},"28":{"start":{"line":134,"column":24},"end":{"line":137,"column":28}},"29":{"start":{"line":138,"column":6},"end":{"line":138,"column":29}},"30":{"start":{"line":138,"column":17},"end":{"line":138,"column":29}},"31":{"start":{"line":139,"column":6},"end":{"line":139,"column":59}},"32":{"start":{"line":139,"column":45},"end":{"line":139,"column":54}},"33":{"start":{"line":140,"column":6},"end":{"line":140,"column":31}},"34":{"start":{"line":142,"column":6},"end":{"line":142,"column":50}},"35":{"start":{"line":146,"column":4},"end":{"line":160,"column":5}},"36":{"start":{"line":147,"column":24},"end":{"line":150,"column":25}},"37":{"start":{"line":151,"column":6},"end":{"line":151,"column":29}},"38":{"start":{"line":151,"column":17},"end":{"line":151,"column":29}},"39":{"start":{"line":152,"column":6},"end":{"line":156,"column":10}},"40":{"start":{"line":152,"column":22},"end":{"line":156,"column":7}},"41":{"start":{"line":154,"column":10},"end":{"line":154,"column":67}},"42":{"start":{"line":157,"column":6},"end":{"line":157,"column":31}},"43":{"start":{"line":159,"column":6},"end":{"line":159,"column":50}},"44":{"start":{"line":163,"column":4},"end":{"line":179,"column":5}},"45":{"start":{"line":164,"column":24},"end":{"line":171,"column":26}},"46":{"start":{"line":172,"column":6},"end":{"line":172,"column":29}},"47":{"start":{"line":172,"column":17},"end":{"line":172,"column":29}},"48":{"start":{"line":173,"column":6},"end":{"line":175,"column":10}},"49":{"start":{"line":173,"column":22},"end":{"line":175,"column":7}},"50":{"start":{"line":174,"column":39},"end":{"line":174,"column":66}},"51":{"start":{"line":176,"column":6},"end":{"line":176,"column":31}},"52":{"start":{"line":178,"column":6},"end":{"line":178,"column":50}},"53":{"start":{"line":183,"column":4},"end":{"line":222,"column":5}},"54":{"start":{"line":185,"column":8},"end":{"line":185,"column":37}},"55":{"start":{"line":186,"column":6},"end":{"line":187,"column":57}},"56":{"start":{"line":187,"column":8},"end":{"line":187,"column":57}},"57":{"start":{"line":188,"column":21},"end":{"line":188,"column":37}},"58":{"start":{"line":190,"column":52},"end":{"line":193,"column":31}},"59":{"start":{"line":194,"column":6},"end":{"line":194,"column":35}},"60":{"start":{"line":194,"column":20},"end":{"line":194,"column":35}},"61":{"start":{"line":196,"column":54},"end":{"line":199,"column":30}},"62":{"start":{"line":200,"column":6},"end":{"line":200,"column":37}},"63":{"start":{"line":200,"column":21},"end":{"line":200,"column":37}},"64":{"start":{"line":201,"column":24},"end":{"line":201,"column":64}},"65":{"start":{"line":201,"column":48},"end":{"line":201,"column":57}},"66":{"start":{"line":203,"column":56},"end":{"line":209,"column":22}},"67":{"start":{"line":210,"column":6},"end":{"line":210,"column":41}},"68":{"start":{"line":210,"column":23},"end":{"line":210,"column":41}},"69":{"start":{"line":212,"column":23},"end":{"line":212,"column":70}},"70":{"start":{"line":213,"column":28},"end":{"line":216,"column":9}},"71":{"start":{"line":213,"column":49},"end":{"line":216,"column":7}},"72":{"start":{"line":218,"column":6},"end":{"line":218,"column":36}},"73":{"start":{"line":219,"column":6},"end":{"line":219,"column":31}},"74":{"start":{"line":221,"column":6},"end":{"line":221,"column":54}},"75":{"start":{"line":226,"column":4},"end":{"line":244,"column":5}},"76":{"start":{"line":228,"column":8},"end":{"line":228,"column":37}},"77":{"start":{"line":229,"column":6},"end":{"line":230,"column":57}},"78":{"start":{"line":230,"column":8},"end":{"line":230,"column":57}},"79":{"start":{"line":231,"column":21},"end":{"line":231,"column":37}},"80":{"start":{"line":233,"column":30},"end":{"line":237,"column":17}},"81":{"start":{"line":238,"column":6},"end":{"line":238,"column":69}},"82":{"start":{"line":238,"column":26},"end":{"line":238,"column":69}},"83":{"start":{"line":240,"column":6},"end":{"line":240,"column":69}},"84":{"start":{"line":241,"column":6},"end":{"line":241,"column":31}},"85":{"start":{"line":243,"column":6},"end":{"line":243,"column":54}},"86":{"start":{"line":248,"column":4},"end":{"line":259,"column":5}},"87":{"start":{"line":249,"column":30},"end":{"line":252,"column":30}},"88":{"start":{"line":253,"column":6},"end":{"line":253,"column":29}},"89":{"start":{"line":253,"column":17},"end":{"line":253,"column":29}},"90":{"start":{"line":255,"column":6},"end":{"line":255,"column":33}},"91":{"start":{"line":256,"column":6},"end":{"line":256,"column":31}},"92":{"start":{"line":258,"column":6},"end":{"line":258,"column":54}},"93":{"start":{"line":263,"column":4},"end":{"line":281,"column":5}},"94":{"start":{"line":265,"column":8},"end":{"line":265,"column":37}},"95":{"start":{"line":266,"column":6},"end":{"line":267,"column":57}},"96":{"start":{"line":267,"column":8},"end":{"line":267,"column":57}},"97":{"start":{"line":268,"column":21},"end":{"line":268,"column":37}},"98":{"start":{"line":270,"column":36},"end":{"line":274,"column":17}},"99":{"start":{"line":275,"column":6},"end":{"line":275,"column":74}},"100":{"start":{"line":275,"column":26},"end":{"line":275,"column":74}},"101":{"start":{"line":277,"column":6},"end":{"line":277,"column":31}},"102":{"start":{"line":278,"column":6},"end":{"line":278,"column":31}},"103":{"start":{"line":280,"column":6},"end":{"line":280,"column":54}},"104":{"start":{"line":285,"column":4},"end":{"line":296,"column":5}},"105":{"start":{"line":286,"column":24},"end":{"line":289,"column":21}},"106":{"start":{"line":290,"column":6},"end":{"line":290,"column":29}},"107":{"start":{"line":290,"column":17},"end":{"line":290,"column":29}},"108":{"start":{"line":292,"column":6},"end":{"line":292,"column":74}},"109":{"start":{"line":292,"column":22},"end":{"line":292,"column":71}},"110":{"start":{"line":292,"column":57},"end":{"line":292,"column":68}},"111":{"start":{"line":293,"column":6},"end":{"line":293,"column":31}},"112":{"start":{"line":295,"column":6},"end":{"line":295,"column":54}},"113":{"start":{"line":300,"column":4},"end":{"line":309,"column":5}},"114":{"start":{"line":301,"column":24},"end":{"line":304,"column":21}},"115":{"start":{"line":305,"column":6},"end":{"line":305,"column":29}},"116":{"start":{"line":305,"column":17},"end":{"line":305,"column":29}},"117":{"start":{"line":306,"column":6},"end":{"line":306,"column":31}},"118":{"start":{"line":308,"column":6},"end":{"line":308,"column":54}},"119":{"start":{"line":313,"column":4},"end":{"line":318,"column":5}},"120":{"start":{"line":314,"column":6},"end":{"line":314,"column":58}},"121":{"start":{"line":314,"column":22},"end":{"line":314,"column":55}},"122":{"start":{"line":315,"column":6},"end":{"line":315,"column":31}},"123":{"start":{"line":317,"column":6},"end":{"line":317,"column":54}},"124":{"start":{"line":322,"column":4},"end":{"line":329,"column":5}},"125":{"start":{"line":323,"column":6},"end":{"line":325,"column":10}},"126":{"start":{"line":323,"column":22},"end":{"line":325,"column":7}},"127":{"start":{"line":324,"column":39},"end":{"line":324,"column":66}},"128":{"start":{"line":326,"column":6},"end":{"line":326,"column":31}},"129":{"start":{"line":328,"column":6},"end":{"line":328,"column":54}},"130":{"start":{"line":333,"column":4},"end":{"line":344,"column":5}},"131":{"start":{"line":334,"column":24},"end":{"line":337,"column":21}},"132":{"start":{"line":338,"column":6},"end":{"line":338,"column":29}},"133":{"start":{"line":338,"column":17},"end":{"line":338,"column":29}},"134":{"start":{"line":340,"column":6},"end":{"line":340,"column":74}},"135":{"start":{"line":340,"column":22},"end":{"line":340,"column":71}},"136":{"start":{"line":340,"column":57},"end":{"line":340,"column":68}},"137":{"start":{"line":341,"column":6},"end":{"line":341,"column":31}},"138":{"start":{"line":343,"column":6},"end":{"line":343,"column":54}},"139":{"start":{"line":347,"column":4},"end":{"line":362,"column":5}},"140":{"start":{"line":348,"column":6},"end":{"line":348,"column":36}},"141":{"start":{"line":349,"column":30},"end":{"line":352,"column":30}},"142":{"start":{"line":353,"column":6},"end":{"line":353,"column":29}},"143":{"start":{"line":353,"column":17},"end":{"line":353,"column":29}},"144":{"start":{"line":354,"column":6},"end":{"line":357,"column":9}},"145":{"start":{"line":358,"column":6},"end":{"line":358,"column":31}},"146":{"start":{"line":360,"column":6},"end":{"line":360,"column":37}},"147":{"start":{"line":361,"column":6},"end":{"line":361,"column":54}},"148":{"start":{"line":366,"column":4},"end":{"line":402,"column":5}},"149":{"start":{"line":368,"column":49},"end":{"line":372,"column":17}},"150":{"start":{"line":373,"column":6},"end":{"line":374,"column":73}},"151":{"start":{"line":374,"column":8},"end":{"line":374,"column":73}},"152":{"start":{"line":377,"column":50},"end":{"line":381,"column":35}},"153":{"start":{"line":382,"column":6},"end":{"line":382,"column":77}},"154":{"start":{"line":382,"column":20},"end":{"line":382,"column":77}},"155":{"start":{"line":383,"column":6},"end":{"line":384,"column":70}},"156":{"start":{"line":384,"column":8},"end":{"line":384,"column":70}},"157":{"start":{"line":387,"column":35},"end":{"line":394,"column":10}},"158":{"start":{"line":395,"column":6},"end":{"line":395,"column":37}},"159":{"start":{"line":395,"column":21},"end":{"line":395,"column":37}},"160":{"start":{"line":398,"column":6},"end":{"line":398,"column":39}},"161":{"start":{"line":399,"column":6},"end":{"line":399,"column":31}},"162":{"start":{"line":401,"column":6},"end":{"line":401,"column":54}},"163":{"start":{"line":406,"column":4},"end":{"line":439,"column":5}},"164":{"start":{"line":408,"column":49},"end":{"line":412,"column":17}},"165":{"start":{"line":413,"column":6},"end":{"line":414,"column":73}},"166":{"start":{"line":414,"column":8},"end":{"line":414,"column":73}},"167":{"start":{"line":417,"column":50},"end":{"line":421,"column":35}},"168":{"start":{"line":422,"column":6},"end":{"line":422,"column":77}},"169":{"start":{"line":422,"column":20},"end":{"line":422,"column":77}},"170":{"start":{"line":423,"column":6},"end":{"line":424,"column":70}},"171":{"start":{"line":424,"column":8},"end":{"line":424,"column":70}},"172":{"start":{"line":427,"column":35},"end":{"line":431,"column":35}},"173":{"start":{"line":432,"column":6},"end":{"line":432,"column":37}},"174":{"start":{"line":432,"column":21},"end":{"line":432,"column":37}},"175":{"start":{"line":435,"column":6},"end":{"line":435,"column":39}},"176":{"start":{"line":436,"column":6},"end":{"line":436,"column":31}},"177":{"start":{"line":438,"column":6},"end":{"line":438,"column":54}}},"fnMap":{"0":{"name":"(anonymous_0)","decl":{"start":{"line":91,"column":62},"end":{"line":91,"column":63}},"loc":{"start":{"line":91,"column":77},"end":{"line":441,"column":1}},"line":91},"1":{"name":"(anonymous_1)","decl":{"start":{"line":99,"column":22},"end":{"line":99,"column":23}},"loc":{"start":{"line":99,"column":42},"end":{"line":127,"column":3}},"line":99},"2":{"name":"(anonymous_2)","decl":{"start":{"line":102,"column":45},"end":{"line":102,"column":46}},"loc":{"start":{"line":102,"column":52},"end":{"line":102,"column":60}},"line":102},"3":{"name":"(anonymous_3)","decl":{"start":{"line":105,"column":39},"end":{"line":105,"column":40}},"loc":{"start":{"line":105,"column":47},"end":{"line":111,"column":7}},"line":105},"4":{"name":"(anonymous_4)","decl":{"start":{"line":119,"column":26},"end":{"line":119,"column":27}},"loc":{"start":{"line":119,"column":33},"end":{"line":119,"column":37}},"line":119},"5":{"name":"(anonymous_5)","decl":{"start":{"line":122,"column":38},"end":{"line":122,"column":39}},"loc":{"start":{"line":122,"column":45},"end":{"line":122,"column":54}},"line":122},"6":{"name":"(anonymous_6)","decl":{"start":{"line":129,"column":21},"end":{"line":129,"column":22}},"loc":{"start":{"line":129,"column":33},"end":{"line":144,"column":3}},"line":129},"7":{"name":"(anonymous_7)","decl":{"start":{"line":132,"column":43},"end":{"line":132,"column":44}},"loc":{"start":{"line":132,"column":50},"end":{"line":132,"column":58}},"line":132},"8":{"name":"(anonymous_8)","decl":{"start":{"line":132,"column":64},"end":{"line":132,"column":65}},"loc":{"start":{"line":132,"column":71},"end":{"line":132,"column":75}},"line":132},"9":{"name":"(anonymous_9)","decl":{"start":{"line":139,"column":38},"end":{"line":139,"column":39}},"loc":{"start":{"line":139,"column":45},"end":{"line":139,"column":54}},"line":139},"10":{"name":"(anonymous_10)","decl":{"start":{"line":145,"column":14},"end":{"line":145,"column":15}},"loc":{"start":{"line":145,"column":41},"end":{"line":161,"column":3}},"line":145},"11":{"name":"(anonymous_11)","decl":{"start":{"line":152,"column":10},"end":{"line":152,"column":11}},"loc":{"start":{"line":152,"column":22},"end":{"line":156,"column":7}},"line":152},"12":{"name":"(anonymous_12)","decl":{"start":{"line":153,"column":31},"end":{"line":153,"column":32}},"loc":{"start":{"line":154,"column":10},"end":{"line":154,"column":67}},"line":154},"13":{"name":"(anonymous_13)","decl":{"start":{"line":162,"column":12},"end":{"line":162,"column":13}},"loc":{"start":{"line":162,"column":46},"end":{"line":180,"column":3}},"line":162},"14":{"name":"(anonymous_14)","decl":{"start":{"line":173,"column":10},"end":{"line":173,"column":11}},"loc":{"start":{"line":173,"column":22},"end":{"line":175,"column":7}},"line":173},"15":{"name":"(anonymous_15)","decl":{"start":{"line":174,"column":31},"end":{"line":174,"column":32}},"loc":{"start":{"line":174,"column":39},"end":{"line":174,"column":66}},"line":174},"16":{"name":"(anonymous_16)","decl":{"start":{"line":182,"column":14},"end":{"line":182,"column":15}},"loc":{"start":{"line":182,"column":26},"end":{"line":223,"column":3}},"line":182},"17":{"name":"(anonymous_17)","decl":{"start":{"line":201,"column":41},"end":{"line":201,"column":42}},"loc":{"start":{"line":201,"column":48},"end":{"line":201,"column":57}},"line":201},"18":{"name":"(anonymous_18)","decl":{"start":{"line":213,"column":41},"end":{"line":213,"column":42}},"loc":{"start":{"line":213,"column":49},"end":{"line":216,"column":7}},"line":213},"19":{"name":"(anonymous_19)","decl":{"start":{"line":225,"column":20},"end":{"line":225,"column":21}},"loc":{"start":{"line":225,"column":34},"end":{"line":245,"column":3}},"line":225},"20":{"name":"(anonymous_20)","decl":{"start":{"line":247,"column":18},"end":{"line":247,"column":19}},"loc":{"start":{"line":247,"column":36},"end":{"line":260,"column":3}},"line":247},"21":{"name":"(anonymous_21)","decl":{"start":{"line":262,"column":11},"end":{"line":262,"column":12}},"loc":{"start":{"line":262,"column":27},"end":{"line":282,"column":3}},"line":262},"22":{"name":"(anonymous_22)","decl":{"start":{"line":284,"column":14},"end":{"line":284,"column":15}},"loc":{"start":{"line":284,"column":28},"end":{"line":297,"column":3}},"line":284},"23":{"name":"(anonymous_23)","decl":{"start":{"line":292,"column":10},"end":{"line":292,"column":11}},"loc":{"start":{"line":292,"column":22},"end":{"line":292,"column":71}},"line":292},"24":{"name":"(anonymous_24)","decl":{"start":{"line":292,"column":50},"end":{"line":292,"column":51}},"loc":{"start":{"line":292,"column":57},"end":{"line":292,"column":68}},"line":292},"25":{"name":"(anonymous_25)","decl":{"start":{"line":299,"column":14},"end":{"line":299,"column":15}},"loc":{"start":{"line":299,"column":37},"end":{"line":310,"column":3}},"line":299},"26":{"name":"(anonymous_26)","decl":{"start":{"line":312,"column":11},"end":{"line":312,"column":12}},"loc":{"start":{"line":312,"column":21},"end":{"line":319,"column":3}},"line":312},"27":{"name":"(anonymous_27)","decl":{"start":{"line":314,"column":10},"end":{"line":314,"column":11}},"loc":{"start":{"line":314,"column":22},"end":{"line":314,"column":55}},"line":314},"28":{"name":"(anonymous_28)","decl":{"start":{"line":321,"column":14},"end":{"line":321,"column":15}},"loc":{"start":{"line":321,"column":24},"end":{"line":330,"column":3}},"line":321},"29":{"name":"(anonymous_29)","decl":{"start":{"line":323,"column":10},"end":{"line":323,"column":11}},"loc":{"start":{"line":323,"column":22},"end":{"line":325,"column":7}},"line":323},"30":{"name":"(anonymous_30)","decl":{"start":{"line":324,"column":31},"end":{"line":324,"column":32}},"loc":{"start":{"line":324,"column":39},"end":{"line":324,"column":66}},"line":324},"31":{"name":"(anonymous_31)","decl":{"start":{"line":332,"column":14},"end":{"line":332,"column":15}},"loc":{"start":{"line":332,"column":28},"end":{"line":345,"column":3}},"line":332},"32":{"name":"(anonymous_32)","decl":{"start":{"line":340,"column":10},"end":{"line":340,"column":11}},"loc":{"start":{"line":340,"column":22},"end":{"line":340,"column":71}},"line":340},"33":{"name":"(anonymous_33)","decl":{"start":{"line":340,"column":50},"end":{"line":340,"column":51}},"loc":{"start":{"line":340,"column":57},"end":{"line":340,"column":68}},"line":340},"34":{"name":"(anonymous_34)","decl":{"start":{"line":346,"column":16},"end":{"line":346,"column":17}},"loc":{"start":{"line":346,"column":34},"end":{"line":363,"column":3}},"line":346},"35":{"name":"(anonymous_35)","decl":{"start":{"line":365,"column":13},"end":{"line":365,"column":14}},"loc":{"start":{"line":365,"column":44},"end":{"line":403,"column":3}},"line":365},"36":{"name":"(anonymous_36)","decl":{"start":{"line":405,"column":16},"end":{"line":405,"column":17}},"loc":{"start":{"line":405,"column":47},"end":{"line":440,"column":3}},"line":405}},"branchMap":{"0":{"loc":{"start":{"line":103,"column":6},"end":{"line":104,"column":70}},"type":"if","locations":[{"start":{"line":103,"column":6},"end":{"line":104,"column":70}},{"start":{},"end":{}}],"line":103},"1":{"loc":{"start":{"line":113,"column":6},"end":{"line":113,"column":29}},"type":"if","locations":[{"start":{"line":113,"column":6},"end":{"line":113,"column":29}},{"start":{},"end":{}}],"line":113},"2":{"loc":{"start":{"line":121,"column":6},"end":{"line":121,"column":29}},"type":"if","locations":[{"start":{"line":121,"column":6},"end":{"line":121,"column":29}},{"start":{},"end":{}}],"line":121},"3":{"loc":{"start":{"line":133,"column":6},"end":{"line":133,"column":59}},"type":"if","locations":[{"start":{"line":133,"column":6},"end":{"line":133,"column":59}},{"start":{},"end":{}}],"line":133},"4":{"loc":{"start":{"line":138,"column":6},"end":{"line":138,"column":29}},"type":"if","locations":[{"start":{"line":138,"column":6},"end":{"line":138,"column":29}},{"start":{},"end":{}}],"line":138},"5":{"loc":{"start":{"line":151,"column":6},"end":{"line":151,"column":29}},"type":"if","locations":[{"start":{"line":151,"column":6},"end":{"line":151,"column":29}},{"start":{},"end":{}}],"line":151},"6":{"loc":{"start":{"line":154,"column":10},"end":{"line":154,"column":67}},"type":"cond-expr","locations":[{"start":{"line":154,"column":31},"end":{"line":154,"column":60}},{"start":{"line":154,"column":63},"end":{"line":154,"column":67}}],"line":154},"7":{"loc":{"start":{"line":172,"column":6},"end":{"line":172,"column":29}},"type":"if","locations":[{"start":{"line":172,"column":6},"end":{"line":172,"column":29}},{"start":{},"end":{}}],"line":172},"8":{"loc":{"start":{"line":174,"column":39},"end":{"line":174,"column":66}},"type":"cond-expr","locations":[{"start":{"line":174,"column":58},"end":{"line":174,"column":62}},{"start":{"line":174,"column":65},"end":{"line":174,"column":66}}],"line":174},"9":{"loc":{"start":{"line":186,"column":6},"end":{"line":187,"column":57}},"type":"if","locations":[{"start":{"line":186,"column":6},"end":{"line":187,"column":57}},{"start":{},"end":{}}],"line":186},"10":{"loc":{"start":{"line":186,"column":10},"end":{"line":186,"column":37}},"type":"binary-expr","locations":[{"start":{"line":186,"column":10},"end":{"line":186,"column":19}},{"start":{"line":186,"column":23},"end":{"line":186,"column":37}}],"line":186},"11":{"loc":{"start":{"line":187,"column":24},"end":{"line":187,"column":55}},"type":"binary-expr","locations":[{"start":{"line":187,"column":24},"end":{"line":187,"column":42}},{"start":{"line":187,"column":46},"end":{"line":187,"column":55}}],"line":187},"12":{"loc":{"start":{"line":194,"column":6},"end":{"line":194,"column":35}},"type":"if","locations":[{"start":{"line":194,"column":6},"end":{"line":194,"column":35}},{"start":{},"end":{}}],"line":194},"13":{"loc":{"start":{"line":200,"column":6},"end":{"line":200,"column":37}},"type":"if","locations":[{"start":{"line":200,"column":6},"end":{"line":200,"column":37}},{"start":{},"end":{}}],"line":200},"14":{"loc":{"start":{"line":201,"column":24},"end":{"line":201,"column":64}},"type":"binary-expr","locations":[{"start":{"line":201,"column":24},"end":{"line":201,"column":58}},{"start":{"line":201,"column":62},"end":{"line":201,"column":64}}],"line":201},"15":{"loc":{"start":{"line":203,"column":56},"end":{"line":209,"column":22}},"type":"cond-expr","locations":[{"start":{"line":204,"column":10},"end":{"line":208,"column":36}},{"start":{"line":209,"column":10},"end":{"line":209,"column":22}}],"line":203},"16":{"loc":{"start":{"line":210,"column":6},"end":{"line":210,"column":41}},"type":"if","locations":[{"start":{"line":210,"column":6},"end":{"line":210,"column":41}},{"start":{},"end":{}}],"line":210},"17":{"loc":{"start":{"line":212,"column":28},"end":{"line":212,"column":44}},"type":"binary-expr","locations":[{"start":{"line":212,"column":28},"end":{"line":212,"column":38}},{"start":{"line":212,"column":42},"end":{"line":212,"column":44}}],"line":212},"18":{"loc":{"start":{"line":212,"column":51},"end":{"line":212,"column":68}},"type":"binary-expr","locations":[{"start":{"line":212,"column":51},"end":{"line":212,"column":62}},{"start":{"line":212,"column":66},"end":{"line":212,"column":68}}],"line":212},"19":{"loc":{"start":{"line":229,"column":6},"end":{"line":230,"column":57}},"type":"if","locations":[{"start":{"line":229,"column":6},"end":{"line":230,"column":57}},{"start":{},"end":{}}],"line":229},"20":{"loc":{"start":{"line":229,"column":10},"end":{"line":229,"column":37}},"type":"binary-expr","locations":[{"start":{"line":229,"column":10},"end":{"line":229,"column":19}},{"start":{"line":229,"column":23},"end":{"line":229,"column":37}}],"line":229},"21":{"loc":{"start":{"line":230,"column":24},"end":{"line":230,"column":55}},"type":"binary-expr","locations":[{"start":{"line":230,"column":24},"end":{"line":230,"column":42}},{"start":{"line":230,"column":46},"end":{"line":230,"column":55}}],"line":230},"22":{"loc":{"start":{"line":238,"column":6},"end":{"line":238,"column":69}},"type":"if","locations":[{"start":{"line":238,"column":6},"end":{"line":238,"column":69}},{"start":{},"end":{}}],"line":238},"23":{"loc":{"start":{"line":238,"column":10},"end":{"line":238,"column":24}},"type":"binary-expr","locations":[{"start":{"line":238,"column":10},"end":{"line":238,"column":15}},{"start":{"line":238,"column":19},"end":{"line":238,"column":24}}],"line":238},"24":{"loc":{"start":{"line":238,"column":32},"end":{"line":238,"column":68}},"type":"binary-expr","locations":[{"start":{"line":238,"column":32},"end":{"line":238,"column":37}},{"start":{"line":238,"column":41},"end":{"line":238,"column":68}}],"line":238},"25":{"loc":{"start":{"line":253,"column":6},"end":{"line":253,"column":29}},"type":"if","locations":[{"start":{"line":253,"column":6},"end":{"line":253,"column":29}},{"start":{},"end":{}}],"line":253},"26":{"loc":{"start":{"line":255,"column":19},"end":{"line":255,"column":29}},"type":"binary-expr","locations":[{"start":{"line":255,"column":19},"end":{"line":255,"column":23}},{"start":{"line":255,"column":27},"end":{"line":255,"column":29}}],"line":255},"27":{"loc":{"start":{"line":266,"column":6},"end":{"line":267,"column":57}},"type":"if","locations":[{"start":{"line":266,"column":6},"end":{"line":267,"column":57}},{"start":{},"end":{}}],"line":266},"28":{"loc":{"start":{"line":266,"column":10},"end":{"line":266,"column":37}},"type":"binary-expr","locations":[{"start":{"line":266,"column":10},"end":{"line":266,"column":19}},{"start":{"line":266,"column":23},"end":{"line":266,"column":37}}],"line":266},"29":{"loc":{"start":{"line":267,"column":24},"end":{"line":267,"column":55}},"type":"binary-expr","locations":[{"start":{"line":267,"column":24},"end":{"line":267,"column":42}},{"start":{"line":267,"column":46},"end":{"line":267,"column":55}}],"line":267},"30":{"loc":{"start":{"line":275,"column":6},"end":{"line":275,"column":74}},"type":"if","locations":[{"start":{"line":275,"column":6},"end":{"line":275,"column":74}},{"start":{},"end":{}}],"line":275},"31":{"loc":{"start":{"line":275,"column":10},"end":{"line":275,"column":24}},"type":"binary-expr","locations":[{"start":{"line":275,"column":10},"end":{"line":275,"column":15}},{"start":{"line":275,"column":19},"end":{"line":275,"column":24}}],"line":275},"32":{"loc":{"start":{"line":275,"column":32},"end":{"line":275,"column":73}},"type":"binary-expr","locations":[{"start":{"line":275,"column":32},"end":{"line":275,"column":37}},{"start":{"line":275,"column":41},"end":{"line":275,"column":73}}],"line":275},"33":{"loc":{"start":{"line":290,"column":6},"end":{"line":290,"column":29}},"type":"if","locations":[{"start":{"line":290,"column":6},"end":{"line":290,"column":29}},{"start":{},"end":{}}],"line":290},"34":{"loc":{"start":{"line":305,"column":6},"end":{"line":305,"column":29}},"type":"if","locations":[{"start":{"line":305,"column":6},"end":{"line":305,"column":29}},{"start":{},"end":{}}],"line":305},"35":{"loc":{"start":{"line":324,"column":39},"end":{"line":324,"column":66}},"type":"cond-expr","locations":[{"start":{"line":324,"column":58},"end":{"line":324,"column":62}},{"start":{"line":324,"column":65},"end":{"line":324,"column":66}}],"line":324},"36":{"loc":{"start":{"line":338,"column":6},"end":{"line":338,"column":29}},"type":"if","locations":[{"start":{"line":338,"column":6},"end":{"line":338,"column":29}},{"start":{},"end":{}}],"line":338},"37":{"loc":{"start":{"line":353,"column":6},"end":{"line":353,"column":29}},"type":"if","locations":[{"start":{"line":353,"column":6},"end":{"line":353,"column":29}},{"start":{},"end":{}}],"line":353},"38":{"loc":{"start":{"line":355,"column":17},"end":{"line":355,"column":27}},"type":"binary-expr","locations":[{"start":{"line":355,"column":17},"end":{"line":355,"column":21}},{"start":{"line":355,"column":25},"end":{"line":355,"column":27}}],"line":355},"39":{"loc":{"start":{"line":373,"column":6},"end":{"line":374,"column":73}},"type":"if","locations":[{"start":{"line":373,"column":6},"end":{"line":374,"column":73}},{"start":{},"end":{}}],"line":373},"40":{"loc":{"start":{"line":373,"column":10},"end":{"line":373,"column":30}},"type":"binary-expr","locations":[{"start":{"line":373,"column":10},"end":{"line":373,"column":17}},{"start":{"line":373,"column":21},"end":{"line":373,"column":30}}],"line":373},"41":{"loc":{"start":{"line":382,"column":6},"end":{"line":382,"column":77}},"type":"if","locations":[{"start":{"line":382,"column":6},"end":{"line":382,"column":77}},{"start":{},"end":{}}],"line":382},"42":{"loc":{"start":{"line":383,"column":6},"end":{"line":384,"column":70}},"type":"if","locations":[{"start":{"line":383,"column":6},"end":{"line":384,"column":70}},{"start":{},"end":{}}],"line":383},"43":{"loc":{"start":{"line":383,"column":10},"end":{"line":383,"column":41}},"type":"binary-expr","locations":[{"start":{"line":383,"column":10},"end":{"line":383,"column":18}},{"start":{"line":383,"column":22},"end":{"line":383,"column":41}}],"line":383},"44":{"loc":{"start":{"line":395,"column":6},"end":{"line":395,"column":37}},"type":"if","locations":[{"start":{"line":395,"column":6},"end":{"line":395,"column":37}},{"start":{},"end":{}}],"line":395},"45":{"loc":{"start":{"line":413,"column":6},"end":{"line":414,"column":73}},"type":"if","locations":[{"start":{"line":413,"column":6},"end":{"line":414,"column":73}},{"start":{},"end":{}}],"line":413},"46":{"loc":{"start":{"line":413,"column":10},"end":{"line":413,"column":30}},"type":"binary-expr","locations":[{"start":{"line":413,"column":10},"end":{"line":413,"column":17}},{"start":{"line":413,"column":21},"end":{"line":413,"column":30}}],"line":413},"47":{"loc":{"start":{"line":422,"column":6},"end":{"line":422,"column":77}},"type":"if","locations":[{"start":{"line":422,"column":6},"end":{"line":422,"column":77}},{"start":{},"end":{}}],"line":422},"48":{"loc":{"start":{"line":423,"column":6},"end":{"line":424,"column":70}},"type":"if","locations":[{"start":{"line":423,"column":6},"end":{"line":424,"column":70}},{"start":{},"end":{}}],"line":423},"49":{"loc":{"start":{"line":423,"column":10},"end":{"line":423,"column":44}},"type":"binary-expr","locations":[{"start":{"line":423,"column":10},"end":{"line":423,"column":19}},{"start":{"line":423,"column":23},"end":{"line":423,"column":44}}],"line":423},"50":{"loc":{"start":{"line":432,"column":6},"end":{"line":432,"column":37}},"type":"if","locations":[{"start":{"line":432,"column":6},"end":{"line":432,"column":37}},{"start":{},"end":{}}],"line":432}},"s":{"0":1,"1":1,"2":2,"3":2,"4":2,"5":3,"6":2,"7":1,"8":1,"9":1,"10":1,"11":1,"12":0,"13":1,"14":1,"15":1,"16":0,"17":1,"18":2,"19":1,"20":1,"21":2,"22":2,"23":2,"24":3,"25":1,"26":2,"27":1,"28":1,"29":1,"30":0,"31":1,"32":2,"33":1,"34":0,"35":2,"36":2,"37":2,"38":1,"39":1,"40":1,"41":1,"42":1,"43":1,"44":2,"45":2,"46":2,"47":1,"48":1,"49":1,"50":1,"51":1,"52":1,"53":2,"54":2,"55":2,"56":0,"57":2,"58":2,"59":2,"60":0,"61":2,"62":2,"63":0,"64":2,"65":1,"66":2,"67":2,"68":0,"69":2,"70":2,"71":2,"72":2,"73":2,"74":0,"75":2,"76":2,"77":2,"78":1,"79":1,"80":1,"81":1,"82":0,"83":1,"84":1,"85":1,"86":0,"87":0,"88":0,"89":0,"90":0,"91":0,"92":0,"93":1,"94":1,"95":1,"96":0,"97":1,"98":1,"99":1,"100":0,"101":1,"102":1,"103":0,"104":1,"105":1,"106":1,"107":0,"108":1,"109":1,"110":1,"111":1,"112":0,"113":1,"114":1,"115":1,"116":0,"117":1,"118":0,"119":1,"120":1,"121":1,"122":1,"123":0,"124":1,"125":1,"126":1,"127":1,"128":1,"129":0,"130":1,"131":1,"132":1,"133":0,"134":1,"135":1,"136":1,"137":1,"138":0,"139":1,"140":1,"141":1,"142":1,"143":0,"144":1,"145":1,"146":0,"147":0,"148":1,"149":1,"150":1,"151":0,"152":1,"153":1,"154":0,"155":1,"156":0,"157":1,"158":1,"159":0,"160":1,"161":1,"162":0,"163":1,"164":1,"165":1,"166":0,"167":1,"168":1,"169":0,"170":1,"171":0,"172":1,"173":1,"174":0,"175":1,"176":1,"177":0},"f":{"0":1,"1":2,"2":3,"3":1,"4":1,"5":2,"6":2,"7":3,"8":1,"9":2,"10":2,"11":1,"12":1,"13":2,"14":1,"15":1,"16":2,"17":1,"18":2,"19":2,"20":0,"21":1,"22":1,"23":1,"24":1,"25":1,"26":1,"27":1,"28":1,"29":1,"30":1,"31":1,"32":1,"33":1,"34":1,"35":1,"36":1},"b":{"0":[1,1],"1":[0,1],"2":[0,1],"3":[1,1],"4":[0,1],"5":[1,1],"6":[1,0],"7":[1,1],"8":[1,0],"9":[0,2],"10":[2,2],"11":[0,0],"12":[0,2],"13":[0,2],"14":[2,1],"15":[1,1],"16":[0,2],"17":[2,0],"18":[2,0],"19":[1,1],"20":[2,1],"21":[1,0],"22":[0,1],"23":[1,1],"24":[0,0],"25":[0,0],"26":[0,0],"27":[0,1],"28":[1,1],"29":[0,0],"30":[0,1],"31":[1,1],"32":[0,0],"33":[0,1],"34":[0,1],"35":[1,0],"36":[0,1],"37":[0,1],"38":[1,0],"39":[0,1],"40":[1,1],"41":[0,1],"42":[0,1],"43":[1,1],"44":[0,1],"45":[0,1],"46":[1,1],"47":[0,1],"48":[0,1],"49":[1,1],"50":[0,1]},"_coverageSchema":"1a1c01bbd47fc00a2c39e90264f33305004495a9","hash":"e93cd5b959581e63f42760350d6fd6832318cd1b"}
}
