{"C:\\Users\\starz\\Desktop\\Family-organizer\\smart-budget-apk\\components\\expenses\\ExpenseFilters.tsx": {"path":"C:\\Users\\starz\\Desktop\\Family-organizer\\smart-budget-apk\\components\\expenses\\ExpenseFilters.tsx","statementMap":{"0":{"start":{"line":8,"column":25},"end":{"line":8,"column":89}},"1":{"start":{"line":8,"column":61},"end":{"line":8,"column":87}},"2":{"start":{"line":10,"column":21},"end":{"line":17,"column":1}},"3":{"start":{"line":40,"column":4},"end":{"line":72,"column":6}},"4":{"start":{"line":75,"column":15},"end":{"line":81,"column":2}}},"fnMap":{"0":{"name":"(anonymous_0)","decl":{"start":{"line":8,"column":53},"end":{"line":8,"column":54}},"loc":{"start":{"line":8,"column":61},"end":{"line":8,"column":87}},"line":8},"1":{"name":"ExpenseFilters","decl":{"start":{"line":30,"column":24},"end":{"line":30,"column":38}},"loc":{"start":{"line":39,"column":10},"end":{"line":73,"column":1}},"line":39}},"branchMap":{},"s":{"0":1,"1":4,"2":1,"3":9,"4":1},"f":{"0":4,"1":9},"b":{},"_coverageSchema":"1a1c01bbd47fc00a2c39e90264f33305004495a9","hash":"318206cb9203f58b628144bba075c04fa7b92793"}
,"C:\\Users\\starz\\Desktop\\Family-organizer\\smart-budget-apk\\components\\expenses\\ExpenseItem.tsx": {"path":"C:\\Users\\starz\\Desktop\\Family-organizer\\smart-budget-apk\\components\\expenses\\ExpenseItem.tsx","statementMap":{"0":{"start":{"line":13,"column":4},"end":{"line":22,"column":6}},"1":{"start":{"line":25,"column":15},"end":{"line":46,"column":2}}},"fnMap":{"0":{"name":"ExpenseItem","decl":{"start":{"line":9,"column":24},"end":{"line":9,"column":35}},"loc":{"start":{"line":12,"column":10},"end":{"line":23,"column":1}},"line":12}},"branchMap":{},"s":{"0":6,"1":1},"f":{"0":6},"b":{},"_coverageSchema":"1a1c01bbd47fc00a2c39e90264f33305004495a9","hash":"cfd03ed0f0998ed73098d858c1f81a1fa20eb121"}
,"C:\\Users\\starz\\Desktop\\Family-organizer\\smart-budget-apk\\components\\pantries\\EditPantryItemModal.tsx": {"path":"C:\\Users\\starz\\Desktop\\Family-organizer\\smart-budget-apk\\components\\pantries\\EditPantryItemModal.tsx","statementMap":{"0":{"start":{"line":13,"column":19},"end":{"line":13,"column":70}},"1":{"start":{"line":14,"column":14},"end":{"line":14,"column":27}},"2":{"start":{"line":29,"column":4},"end":{"line":95,"column":6}},"3":{"start":{"line":37,"column":48},"end":{"line":37,"column":81}},"4":{"start":{"line":45,"column":50},"end":{"line":45,"column":88}},"5":{"start":{"line":50,"column":28},"end":{"line":50,"column":77}},"6":{"start":{"line":58,"column":32},"end":{"line":58,"column":82}},"7":{"start":{"line":67,"column":54},"end":{"line":67,"column":88}},"8":{"start":{"line":72,"column":32},"end":{"line":72,"column":84}},"9":{"start":{"line":79,"column":48},"end":{"line":79,"column":96}},"10":{"start":{"line":98,"column":15},"end":{"line":151,"column":2}}},"fnMap":{"0":{"name":"EditPantryItemModal","decl":{"start":{"line":23,"column":24},"end":{"line":23,"column":43}},"loc":{"start":{"line":28,"column":10},"end":{"line":96,"column":1}},"line":28},"1":{"name":"(anonymous_1)","decl":{"start":{"line":37,"column":38},"end":{"line":37,"column":39}},"loc":{"start":{"line":37,"column":48},"end":{"line":37,"column":81}},"line":37},"2":{"name":"(anonymous_2)","decl":{"start":{"line":45,"column":39},"end":{"line":45,"column":40}},"loc":{"start":{"line":45,"column":50},"end":{"line":45,"column":88}},"line":45},"3":{"name":"(anonymous_3)","decl":{"start":{"line":49,"column":40},"end":{"line":49,"column":41}},"loc":{"start":{"line":50,"column":28},"end":{"line":50,"column":77}},"line":50},"4":{"name":"(anonymous_4)","decl":{"start":{"line":57,"column":42},"end":{"line":57,"column":43}},"loc":{"start":{"line":58,"column":32},"end":{"line":58,"column":82}},"line":58},"5":{"name":"(anonymous_5)","decl":{"start":{"line":67,"column":43},"end":{"line":67,"column":44}},"loc":{"start":{"line":67,"column":54},"end":{"line":67,"column":88}},"line":67},"6":{"name":"(anonymous_6)","decl":{"start":{"line":71,"column":39},"end":{"line":71,"column":40}},"loc":{"start":{"line":72,"column":32},"end":{"line":72,"column":84}},"line":72},"7":{"name":"(anonymous_7)","decl":{"start":{"line":79,"column":38},"end":{"line":79,"column":39}},"loc":{"start":{"line":79,"column":48},"end":{"line":79,"column":96}},"line":79}},"branchMap":{"0":{"loc":{"start":{"line":58,"column":62},"end":{"line":58,"column":79}},"type":"binary-expr","locations":[{"start":{"line":58,"column":62},"end":{"line":58,"column":74}},{"start":{"line":58,"column":78},"end":{"line":58,"column":79}}],"line":58},"1":{"loc":{"start":{"line":78,"column":31},"end":{"line":78,"column":53}},"type":"binary-expr","locations":[{"start":{"line":78,"column":31},"end":{"line":78,"column":47}},{"start":{"line":78,"column":51},"end":{"line":78,"column":53}}],"line":78},"2":{"loc":{"start":{"line":79,"column":81},"end":{"line":79,"column":93}},"type":"binary-expr","locations":[{"start":{"line":79,"column":81},"end":{"line":79,"column":85}},{"start":{"line":79,"column":89},"end":{"line":79,"column":93}}],"line":79}},"s":{"0":1,"1":1,"2":13,"3":1,"4":2,"5":65,"6":2,"7":2,"8":26,"9":2,"10":1},"f":{"0":13,"1":1,"2":2,"3":65,"4":2,"5":2,"6":26,"7":2},"b":{"0":[2,1],"1":[13,1],"2":[2,1]},"_coverageSchema":"1a1c01bbd47fc00a2c39e90264f33305004495a9","hash":"f4eda3799ca2dca45365eca1882f8219b6b63f9d"}
,"C:\\Users\\starz\\Desktop\\Family-organizer\\smart-budget-apk\\components\\pantries\\GroupedItemList.tsx": {"path":"C:\\Users\\starz\\Desktop\\Family-organizer\\smart-budget-apk\\components\\pantries\\GroupedItemList.tsx","statementMap":{"0":{"start":{"line":25,"column":20},"end":{"line":29,"column":10}},"1":{"start":{"line":26,"column":8},"end":{"line":26,"column":54}},"2":{"start":{"line":27,"column":8},"end":{"line":27,"column":38}},"3":{"start":{"line":28,"column":8},"end":{"line":28,"column":19}},"4":{"start":{"line":31,"column":44},"end":{"line":31,"column":73}},"5":{"start":{"line":33,"column":4},"end":{"line":69,"column":6}},"6":{"start":{"line":36,"column":16},"end":{"line":66,"column":23}},"7":{"start":{"line":40,"column":28},"end":{"line":40,"column":92}},"8":{"start":{"line":40,"column":55},"end":{"line":40,"column":90}},"9":{"start":{"line":51,"column":32},"end":{"line":62,"column":39}},"10":{"start":{"line":56,"column":69},"end":{"line":56,"column":81}},"11":{"start":{"line":59,"column":69},"end":{"line":59,"column":86}},"12":{"start":{"line":72,"column":15},"end":{"line":105,"column":2}}},"fnMap":{"0":{"name":"GroupedItemList","decl":{"start":{"line":24,"column":24},"end":{"line":24,"column":39}},"loc":{"start":{"line":24,"column":76},"end":{"line":70,"column":1}},"line":24},"1":{"name":"(anonymous_1)","decl":{"start":{"line":25,"column":57},"end":{"line":25,"column":58}},"loc":{"start":{"line":25,"column":72},"end":{"line":29,"column":5}},"line":25},"2":{"name":"(anonymous_2)","decl":{"start":{"line":35,"column":41},"end":{"line":35,"column":42}},"loc":{"start":{"line":36,"column":16},"end":{"line":66,"column":23}},"line":36},"3":{"name":"(anonymous_3)","decl":{"start":{"line":39,"column":33},"end":{"line":39,"column":34}},"loc":{"start":{"line":40,"column":28},"end":{"line":40,"column":92}},"line":40},"4":{"name":"(anonymous_4)","decl":{"start":{"line":40,"column":44},"end":{"line":40,"column":45}},"loc":{"start":{"line":40,"column":55},"end":{"line":40,"column":90}},"line":40},"5":{"name":"(anonymous_5)","decl":{"start":{"line":50,"column":44},"end":{"line":50,"column":45}},"loc":{"start":{"line":51,"column":32},"end":{"line":62,"column":39}},"line":51},"6":{"name":"(anonymous_6)","decl":{"start":{"line":56,"column":63},"end":{"line":56,"column":64}},"loc":{"start":{"line":56,"column":69},"end":{"line":56,"column":81}},"line":56},"7":{"name":"(anonymous_7)","decl":{"start":{"line":59,"column":63},"end":{"line":59,"column":64}},"loc":{"start":{"line":59,"column":69},"end":{"line":59,"column":86}},"line":59}},"branchMap":{"0":{"loc":{"start":{"line":26,"column":29},"end":{"line":26,"column":53}},"type":"binary-expr","locations":[{"start":{"line":26,"column":29},"end":{"line":26,"column":47}},{"start":{"line":26,"column":51},"end":{"line":26,"column":53}}],"line":26},"1":{"loc":{"start":{"line":40,"column":55},"end":{"line":40,"column":90}},"type":"cond-expr","locations":[{"start":{"line":40,"column":75},"end":{"line":40,"column":79}},{"start":{"line":40,"column":82},"end":{"line":40,"column":90}}],"line":40},"2":{"loc":{"start":{"line":48,"column":21},"end":{"line":65,"column":21}},"type":"binary-expr","locations":[{"start":{"line":48,"column":21},"end":{"line":48,"column":46}},{"start":{"line":49,"column":24},"end":{"line":64,"column":31}}],"line":48}},"s":{"0":9,"1":27,"2":27,"3":27,"4":9,"5":9,"6":18,"7":4,"8":4,"9":5,"10":1,"11":1,"12":1},"f":{"0":9,"1":27,"2":18,"3":4,"4":4,"5":5,"6":1,"7":1},"b":{"0":[27,18],"1":[1,3],"2":[18,3]},"_coverageSchema":"1a1c01bbd47fc00a2c39e90264f33305004495a9","hash":"a434611efadd4bf3b5d6a2ac128e964ddacd34bd"}
,"C:\\Users\\starz\\Desktop\\Family-organizer\\smart-budget-apk\\components\\pantries\\ItemList.tsx": {"path":"C:\\Users\\starz\\Desktop\\Family-organizer\\smart-budget-apk\\components\\pantries\\ItemList.tsx","statementMap":{"0":{"start":{"line":21,"column":2},"end":{"line":54,"column":4}},"1":{"start":{"line":31,"column":8},"end":{"line":51,"column":15}},"2":{"start":{"line":35,"column":45},"end":{"line":35,"column":102}},"3":{"start":{"line":39,"column":45},"end":{"line":39,"column":89}},"4":{"start":{"line":44,"column":45},"end":{"line":44,"column":57}},"5":{"start":{"line":47,"column":45},"end":{"line":47,"column":62}},"6":{"start":{"line":57,"column":15},"end":{"line":90,"column":2}}},"fnMap":{"0":{"name":"ItemList","decl":{"start":{"line":20,"column":24},"end":{"line":20,"column":32}},"loc":{"start":{"line":20,"column":87},"end":{"line":55,"column":1}},"line":20},"1":{"name":"(anonymous_1)","decl":{"start":{"line":30,"column":17},"end":{"line":30,"column":18}},"loc":{"start":{"line":31,"column":8},"end":{"line":51,"column":15}},"line":31},"2":{"name":"(anonymous_2)","decl":{"start":{"line":35,"column":39},"end":{"line":35,"column":40}},"loc":{"start":{"line":35,"column":45},"end":{"line":35,"column":102}},"line":35},"3":{"name":"(anonymous_3)","decl":{"start":{"line":39,"column":39},"end":{"line":39,"column":40}},"loc":{"start":{"line":39,"column":45},"end":{"line":39,"column":89}},"line":39},"4":{"name":"(anonymous_4)","decl":{"start":{"line":44,"column":39},"end":{"line":44,"column":40}},"loc":{"start":{"line":44,"column":45},"end":{"line":44,"column":57}},"line":44},"5":{"name":"(anonymous_5)","decl":{"start":{"line":47,"column":39},"end":{"line":47,"column":40}},"loc":{"start":{"line":47,"column":45},"end":{"line":47,"column":62}},"line":47}},"branchMap":{},"s":{"0":7,"1":13,"2":2,"3":1,"4":1,"5":1,"6":1},"f":{"0":7,"1":13,"2":2,"3":1,"4":1,"5":1},"b":{},"_coverageSchema":"1a1c01bbd47fc00a2c39e90264f33305004495a9","hash":"9b7accb47a5ef442da15a6720e89494553f65903"}
,"C:\\Users\\starz\\Desktop\\Family-organizer\\smart-budget-apk\\components\\pantries\\PantryItem.tsx": {"path":"C:\\Users\\starz\\Desktop\\Family-organizer\\smart-budget-apk\\components\\pantries\\PantryItem.tsx","statementMap":{"0":{"start":{"line":11,"column":4},"end":{"line":20,"column":6}},"1":{"start":{"line":16,"column":27},"end":{"line":16,"column":44}},"2":{"start":{"line":23,"column":15},"end":{"line":40,"column":2}}},"fnMap":{"0":{"name":"PantryItem","decl":{"start":{"line":10,"column":24},"end":{"line":10,"column":34}},"loc":{"start":{"line":10,"column":62},"end":{"line":21,"column":1}},"line":10},"1":{"name":"(anonymous_1)","decl":{"start":{"line":16,"column":21},"end":{"line":16,"column":22}},"loc":{"start":{"line":16,"column":27},"end":{"line":16,"column":44}},"line":16}},"branchMap":{},"s":{"0":3,"1":1,"2":1},"f":{"0":3,"1":1},"b":{},"_coverageSchema":"1a1c01bbd47fc00a2c39e90264f33305004495a9","hash":"8be32e008435a52fe987b512ee886e5d65a4b938"}
,"C:\\Users\\starz\\Desktop\\Family-organizer\\smart-budget-apk\\components\\recipes\\IngredientFormRow.tsx": {"path":"C:\\Users\\starz\\Desktop\\Family-organizer\\smart-budget-apk\\components\\recipes\\IngredientFormRow.tsx","statementMap":{"0":{"start":{"line":18,"column":14},"end":{"line":18,"column":77}},"1":{"start":{"line":35,"column":25},"end":{"line":37,"column":5}},"2":{"start":{"line":36,"column":8},"end":{"line":36,"column":59}},"3":{"start":{"line":39,"column":4},"end":{"line":86,"column":6}},"4":{"start":{"line":47,"column":47},"end":{"line":47,"column":72}},"5":{"start":{"line":48,"column":46},"end":{"line":48,"column":71}},"6":{"start":{"line":57,"column":56},"end":{"line":57,"column":94}},"7":{"start":{"line":67,"column":57},"end":{"line":67,"column":79}},"8":{"start":{"line":69,"column":51},"end":{"line":69,"column":76}},"9":{"start":{"line":79,"column":35},"end":{"line":79,"column":50}},"10":{"start":{"line":89,"column":15},"end":{"line":119,"column":2}}},"fnMap":{"0":{"name":"IngredientFormRow","decl":{"start":{"line":28,"column":24},"end":{"line":28,"column":41}},"loc":{"start":{"line":34,"column":10},"end":{"line":87,"column":1}},"line":34},"1":{"name":"(anonymous_1)","decl":{"start":{"line":35,"column":25},"end":{"line":35,"column":26}},"loc":{"start":{"line":35,"column":78},"end":{"line":37,"column":5}},"line":35},"2":{"name":"(anonymous_2)","decl":{"start":{"line":47,"column":38},"end":{"line":47,"column":39}},"loc":{"start":{"line":47,"column":47},"end":{"line":47,"column":72}},"line":47},"3":{"name":"(anonymous_3)","decl":{"start":{"line":48,"column":37},"end":{"line":48,"column":38}},"loc":{"start":{"line":48,"column":46},"end":{"line":48,"column":71}},"line":48},"4":{"name":"(anonymous_4)","decl":{"start":{"line":57,"column":46},"end":{"line":57,"column":47}},"loc":{"start":{"line":57,"column":56},"end":{"line":57,"column":94}},"line":57},"5":{"name":"(anonymous_5)","decl":{"start":{"line":67,"column":51},"end":{"line":67,"column":52}},"loc":{"start":{"line":67,"column":57},"end":{"line":67,"column":79}},"line":67},"6":{"name":"(anonymous_6)","decl":{"start":{"line":69,"column":42},"end":{"line":69,"column":43}},"loc":{"start":{"line":69,"column":51},"end":{"line":69,"column":76}},"line":69},"7":{"name":"(anonymous_7)","decl":{"start":{"line":79,"column":29},"end":{"line":79,"column":30}},"loc":{"start":{"line":79,"column":35},"end":{"line":79,"column":50}},"line":79}},"branchMap":{"0":{"loc":{"start":{"line":33,"column":4},"end":{"line":33,"column":15}},"type":"default-arg","locations":[{"start":{"line":33,"column":13},"end":{"line":33,"column":15}}],"line":33}},"s":{"0":1,"1":6,"2":3,"3":6,"4":1,"5":0,"6":1,"7":48,"8":1,"9":1,"10":1},"f":{"0":6,"1":3,"2":1,"3":0,"4":1,"5":48,"6":1,"7":1},"b":{"0":[5]},"_coverageSchema":"1a1c01bbd47fc00a2c39e90264f33305004495a9","hash":"58f32533a43ad107c2649a46870bcf64e769acea"}
,"C:\\Users\\starz\\Desktop\\Family-organizer\\smart-budget-apk\\components\\recipes\\IngredientListEditor.tsx": {"path":"C:\\Users\\starz\\Desktop\\Family-organizer\\smart-budget-apk\\components\\recipes\\IngredientListEditor.tsx","statementMap":{"0":{"start":{"line":13,"column":4},"end":{"line":26,"column":6}},"1":{"start":{"line":16,"column":16},"end":{"line":23,"column":18}},"2":{"start":{"line":29,"column":15},"end":{"line":34,"column":2}}},"fnMap":{"0":{"name":"IngredientListEditor","decl":{"start":{"line":12,"column":24},"end":{"line":12,"column":44}},"loc":{"start":{"line":12,"column":102},"end":{"line":27,"column":1}},"line":12},"1":{"name":"(anonymous_1)","decl":{"start":{"line":15,"column":29},"end":{"line":15,"column":30}},"loc":{"start":{"line":16,"column":16},"end":{"line":23,"column":18}},"line":16}},"branchMap":{"0":{"loc":{"start":{"line":12,"column":80},"end":{"line":12,"column":91}},"type":"default-arg","locations":[{"start":{"line":12,"column":89},"end":{"line":12,"column":91}}],"line":12},"1":{"loc":{"start":{"line":17,"column":25},"end":{"line":17,"column":43}},"type":"binary-expr","locations":[{"start":{"line":17,"column":25},"end":{"line":17,"column":34}},{"start":{"line":17,"column":38},"end":{"line":17,"column":43}}],"line":17}},"s":{"0":7,"1":11,"2":1},"f":{"0":7,"1":11},"b":{"0":[3],"1":[11,1]},"_coverageSchema":"1a1c01bbd47fc00a2c39e90264f33305004495a9","hash":"94ebac5237d73f5ed0ad93a27879a67faf019f50"}
,"C:\\Users\\starz\\Desktop\\Family-organizer\\smart-budget-apk\\components\\shopping-list\\AddItemForm.tsx": {"path":"C:\\Users\\starz\\Desktop\\Family-organizer\\smart-budget-apk\\components\\shopping-list\\AddItemForm.tsx","statementMap":{"0":{"start":{"line":16,"column":21},"end":{"line":16,"column":50}},"1":{"start":{"line":22,"column":20},"end":{"line":102,"column":1}},"2":{"start":{"line":23,"column":26},"end":{"line":23,"column":38}},"3":{"start":{"line":24,"column":34},"end":{"line":24,"column":46}},"4":{"start":{"line":25,"column":26},"end":{"line":25,"column":41}},"5":{"start":{"line":26,"column":30},"end":{"line":26,"column":80}},"6":{"start":{"line":29,"column":23},"end":{"line":70,"column":3}},"7":{"start":{"line":30,"column":37},"end":{"line":30,"column":39}},"8":{"start":{"line":31,"column":4},"end":{"line":31,"column":63}},"9":{"start":{"line":31,"column":22},"end":{"line":31,"column":63}},"10":{"start":{"line":32,"column":4},"end":{"line":32,"column":62}},"11":{"start":{"line":32,"column":26},"end":{"line":32,"column":62}},"12":{"start":{"line":34,"column":4},"end":{"line":37,"column":5}},"13":{"start":{"line":35,"column":6},"end":{"line":35,"column":27}},"14":{"start":{"line":36,"column":6},"end":{"line":36,"column":13}},"15":{"start":{"line":39,"column":4},"end":{"line":39,"column":18}},"16":{"start":{"line":41,"column":27},"end":{"line":43,"column":5}},"17":{"start":{"line":42,"column":19},"end":{"line":42,"column":68}},"18":{"start":{"line":44,"column":21},"end":{"line":44,"column":55}},"19":{"start":{"line":46,"column":4},"end":{"line":69,"column":5}},"20":{"start":{"line":47,"column":30},"end":{"line":58,"column":17}},"21":{"start":{"line":60,"column":6},"end":{"line":60,"column":29}},"22":{"start":{"line":60,"column":17},"end":{"line":60,"column":29}},"23":{"start":{"line":62,"column":6},"end":{"line":62,"column":18}},"24":{"start":{"line":63,"column":6},"end":{"line":63,"column":22}},"25":{"start":{"line":64,"column":6},"end":{"line":64,"column":21}},"26":{"start":{"line":65,"column":6},"end":{"line":65,"column":26}},"27":{"start":{"line":67,"column":6},"end":{"line":67,"column":58}},"28":{"start":{"line":68,"column":6},"end":{"line":68,"column":59}},"29":{"start":{"line":72,"column":2},"end":{"line":101,"column":4}},"30":{"start":{"line":106,"column":15},"end":{"line":122,"column":2}}},"fnMap":{"0":{"name":"(anonymous_0)","decl":{"start":{"line":22,"column":20},"end":{"line":22,"column":21}},"loc":{"start":{"line":22,"column":56},"end":{"line":102,"column":1}},"line":22},"1":{"name":"(anonymous_1)","decl":{"start":{"line":29,"column":23},"end":{"line":29,"column":24}},"loc":{"start":{"line":29,"column":35},"end":{"line":70,"column":3}},"line":29},"2":{"name":"(anonymous_2)","decl":{"start":{"line":42,"column":6},"end":{"line":42,"column":7}},"loc":{"start":{"line":42,"column":19},"end":{"line":42,"column":68}},"line":42}},"branchMap":{"0":{"loc":{"start":{"line":31,"column":4},"end":{"line":31,"column":63}},"type":"if","locations":[{"start":{"line":31,"column":4},"end":{"line":31,"column":63}},{"start":{},"end":{}}],"line":31},"1":{"loc":{"start":{"line":32,"column":4},"end":{"line":32,"column":62}},"type":"if","locations":[{"start":{"line":32,"column":4},"end":{"line":32,"column":62}},{"start":{},"end":{}}],"line":32},"2":{"loc":{"start":{"line":34,"column":4},"end":{"line":37,"column":5}},"type":"if","locations":[{"start":{"line":34,"column":4},"end":{"line":37,"column":5}},{"start":{},"end":{}}],"line":34},"3":{"loc":{"start":{"line":44,"column":21},"end":{"line":44,"column":55}},"type":"binary-expr","locations":[{"start":{"line":44,"column":21},"end":{"line":44,"column":45}},{"start":{"line":44,"column":49},"end":{"line":44,"column":55}}],"line":44},"4":{"loc":{"start":{"line":60,"column":6},"end":{"line":60,"column":29}},"type":"if","locations":[{"start":{"line":60,"column":6},"end":{"line":60,"column":29}},{"start":{},"end":{}}],"line":60}},"s":{"0":3,"1":3,"2":36,"3":36,"4":36,"5":36,"6":36,"7":9,"8":9,"9":3,"10":9,"11":3,"12":9,"13":3,"14":3,"15":6,"16":6,"17":20250,"18":6,"19":6,"20":6,"21":6,"22":3,"23":3,"24":3,"25":3,"26":3,"27":3,"28":3,"29":36,"30":3},"f":{"0":36,"1":9,"2":20250},"b":{"0":[3,6],"1":[3,6],"2":[3,6],"3":[6,6],"4":[3,3]},"_coverageSchema":"1a1c01bbd47fc00a2c39e90264f33305004495a9","hash":"2f23a0d592530196c014a85216e84d11fae652bf"}
,"C:\\Users\\starz\\Desktop\\Family-organizer\\smart-budget-apk\\components\\shopping-list\\EditItemModal.tsx": {"path":"C:\\Users\\starz\\Desktop\\Family-organizer\\smart-budget-apk\\components\\shopping-list\\EditItemModal.tsx","statementMap":{"0":{"start":{"line":26,"column":14},"end":{"line":26,"column":45}},"1":{"start":{"line":29,"column":2},"end":{"line":76,"column":4}},"2":{"start":{"line":38,"column":36},"end":{"line":38,"column":69}},"3":{"start":{"line":48,"column":16},"end":{"line":48,"column":66}},"4":{"start":{"line":56,"column":40},"end":{"line":56,"column":72}},"5":{"start":{"line":59,"column":18},"end":{"line":59,"column":70}},"6":{"start":{"line":79,"column":15},"end":{"line":132,"column":2}}},"fnMap":{"0":{"name":"EditItemModal","decl":{"start":{"line":28,"column":24},"end":{"line":28,"column":37}},"loc":{"start":{"line":28,"column":82},"end":{"line":77,"column":1}},"line":28},"1":{"name":"(anonymous_1)","decl":{"start":{"line":38,"column":26},"end":{"line":38,"column":27}},"loc":{"start":{"line":38,"column":36},"end":{"line":38,"column":69}},"line":38},"2":{"name":"(anonymous_2)","decl":{"start":{"line":47,"column":28},"end":{"line":47,"column":29}},"loc":{"start":{"line":48,"column":16},"end":{"line":48,"column":66}},"line":48},"3":{"name":"(anonymous_3)","decl":{"start":{"line":56,"column":31},"end":{"line":56,"column":32}},"loc":{"start":{"line":56,"column":40},"end":{"line":56,"column":72}},"line":56},"4":{"name":"(anonymous_4)","decl":{"start":{"line":58,"column":27},"end":{"line":58,"column":28}},"loc":{"start":{"line":59,"column":18},"end":{"line":59,"column":70}},"line":59}},"branchMap":{"0":{"loc":{"start":{"line":48,"column":46},"end":{"line":48,"column":63}},"type":"binary-expr","locations":[{"start":{"line":48,"column":46},"end":{"line":48,"column":58}},{"start":{"line":48,"column":62},"end":{"line":48,"column":63}}],"line":48}},"s":{"0":1,"1":7,"2":1,"3":2,"4":1,"5":35,"6":1},"f":{"0":7,"1":1,"2":2,"3":1,"4":35},"b":{"0":[2,1]},"_coverageSchema":"1a1c01bbd47fc00a2c39e90264f33305004495a9","hash":"1b80caee6480684b66667180a31901b425959a0b"}
,"C:\\Users\\starz\\Desktop\\Family-organizer\\smart-budget-apk\\components\\shopping-list\\GroupedItemList.tsx": {"path":"C:\\Users\\starz\\Desktop\\Family-organizer\\smart-budget-apk\\components\\shopping-list\\GroupedItemList.tsx","statementMap":{"0":{"start":{"line":25,"column":23},"end":{"line":25,"column":71}},"1":{"start":{"line":25,"column":55},"end":{"line":25,"column":68}},"2":{"start":{"line":26,"column":48},"end":{"line":26,"column":70}},"3":{"start":{"line":28,"column":26},"end":{"line":34,"column":5}},"4":{"start":{"line":29,"column":8},"end":{"line":33,"column":10}},"5":{"start":{"line":30,"column":12},"end":{"line":32,"column":37}},"6":{"start":{"line":31,"column":39},"end":{"line":31,"column":55}},"7":{"start":{"line":36,"column":4},"end":{"line":72,"column":6}},"8":{"start":{"line":39,"column":33},"end":{"line":39,"column":89}},"9":{"start":{"line":41,"column":35},"end":{"line":41,"column":63}},"10":{"start":{"line":42,"column":42},"end":{"line":42,"column":87}},"11":{"start":{"line":42,"column":65},"end":{"line":42,"column":86}},"12":{"start":{"line":44,"column":20},"end":{"line":69,"column":22}},"13":{"start":{"line":46,"column":61},"end":{"line":46,"column":79}},"14":{"start":{"line":52,"column":36},"end":{"line":65,"column":43}},"15":{"start":{"line":55,"column":59},"end":{"line":55,"column":89}},"16":{"start":{"line":62,"column":73},"end":{"line":62,"column":85}},"17":{"start":{"line":75,"column":15},"end":{"line":112,"column":2}}},"fnMap":{"0":{"name":"GroupedItemList","decl":{"start":{"line":19,"column":24},"end":{"line":19,"column":39}},"loc":{"start":{"line":24,"column":10},"end":{"line":73,"column":1}},"line":24},"1":{"name":"(anonymous_1)","decl":{"start":{"line":25,"column":45},"end":{"line":25,"column":46}},"loc":{"start":{"line":25,"column":55},"end":{"line":25,"column":68}},"line":25},"2":{"name":"(anonymous_2)","decl":{"start":{"line":28,"column":26},"end":{"line":28,"column":27}},"loc":{"start":{"line":28,"column":48},"end":{"line":34,"column":5}},"line":28},"3":{"name":"(anonymous_3)","decl":{"start":{"line":29,"column":26},"end":{"line":29,"column":27}},"loc":{"start":{"line":30,"column":12},"end":{"line":32,"column":37}},"line":30},"4":{"name":"(anonymous_4)","decl":{"start":{"line":31,"column":30},"end":{"line":31,"column":31}},"loc":{"start":{"line":31,"column":39},"end":{"line":31,"column":55}},"line":31},"5":{"name":"(anonymous_5)","decl":{"start":{"line":39,"column":24},"end":{"line":39,"column":25}},"loc":{"start":{"line":39,"column":33},"end":{"line":39,"column":89}},"line":39},"6":{"name":"(anonymous_6)","decl":{"start":{"line":40,"column":21},"end":{"line":40,"column":22}},"loc":{"start":{"line":40,"column":30},"end":{"line":70,"column":17}},"line":40},"7":{"name":"(anonymous_7)","decl":{"start":{"line":42,"column":55},"end":{"line":42,"column":56}},"loc":{"start":{"line":42,"column":65},"end":{"line":42,"column":86}},"line":42},"8":{"name":"(anonymous_8)","decl":{"start":{"line":46,"column":55},"end":{"line":46,"column":56}},"loc":{"start":{"line":46,"column":61},"end":{"line":46,"column":79}},"line":46},"9":{"name":"(anonymous_9)","decl":{"start":{"line":51,"column":51},"end":{"line":51,"column":52}},"loc":{"start":{"line":52,"column":36},"end":{"line":65,"column":43}},"line":52},"10":{"name":"(anonymous_10)","decl":{"start":{"line":55,"column":53},"end":{"line":55,"column":54}},"loc":{"start":{"line":55,"column":59},"end":{"line":55,"column":89}},"line":55},"11":{"name":"(anonymous_11)","decl":{"start":{"line":62,"column":67},"end":{"line":62,"column":68}},"loc":{"start":{"line":62,"column":73},"end":{"line":62,"column":85}},"line":62}},"branchMap":{"0":{"loc":{"start":{"line":30,"column":12},"end":{"line":32,"column":37}},"type":"cond-expr","locations":[{"start":{"line":31,"column":18},"end":{"line":31,"column":56}},{"start":{"line":32,"column":18},"end":{"line":32,"column":37}}],"line":30},"1":{"loc":{"start":{"line":39,"column":33},"end":{"line":39,"column":89}},"type":"binary-expr","locations":[{"start":{"line":39,"column":33},"end":{"line":39,"column":63}},{"start":{"line":39,"column":67},"end":{"line":39,"column":89}}],"line":39},"2":{"loc":{"start":{"line":58,"column":75},"end":{"line":58,"column":107}},"type":"binary-expr","locations":[{"start":{"line":58,"column":75},"end":{"line":58,"column":86}},{"start":{"line":58,"column":90},"end":{"line":58,"column":107}}],"line":58}},"s":{"0":9,"1":27,"2":9,"3":9,"4":3,"5":3,"6":0,"7":9,"8":18,"9":17,"10":17,"11":51,"12":17,"13":3,"14":25,"15":1,"16":1,"17":1},"f":{"0":9,"1":27,"2":3,"3":3,"4":0,"5":18,"6":17,"7":51,"8":3,"9":25,"10":1,"11":1},"b":{"0":[0,3],"1":[18,2],"2":[25,8]},"_coverageSchema":"1a1c01bbd47fc00a2c39e90264f33305004495a9","hash":"e189af9cd061f453646a345622ef8f2b1ad29b9d"}
,"C:\\Users\\starz\\Desktop\\Family-organizer\\smart-budget-apk\\components\\shopping-list\\ItemList.tsx": {"path":"C:\\Users\\starz\\Desktop\\Family-organizer\\smart-budget-apk\\components\\shopping-list\\ItemList.tsx","statementMap":{"0":{"start":{"line":12,"column":4},"end":{"line":35,"column":6}},"1":{"start":{"line":15,"column":36},"end":{"line":15,"column":43}},"2":{"start":{"line":18,"column":16},"end":{"line":32,"column":23}},"3":{"start":{"line":20,"column":39},"end":{"line":20,"column":69}},"4":{"start":{"line":29,"column":46},"end":{"line":29,"column":58}},"5":{"start":{"line":38,"column":15},"end":{"line":66,"column":2}}},"fnMap":{"0":{"name":"ItemList","decl":{"start":{"line":11,"column":24},"end":{"line":11,"column":32}},"loc":{"start":{"line":11,"column":69},"end":{"line":36,"column":1}},"line":11},"1":{"name":"(anonymous_1)","decl":{"start":{"line":15,"column":26},"end":{"line":15,"column":27}},"loc":{"start":{"line":15,"column":36},"end":{"line":15,"column":43}},"line":15},"2":{"name":"(anonymous_2)","decl":{"start":{"line":17,"column":24},"end":{"line":17,"column":25}},"loc":{"start":{"line":18,"column":16},"end":{"line":32,"column":23}},"line":18},"3":{"name":"(anonymous_3)","decl":{"start":{"line":20,"column":33},"end":{"line":20,"column":34}},"loc":{"start":{"line":20,"column":39},"end":{"line":20,"column":69}},"line":20},"4":{"name":"(anonymous_4)","decl":{"start":{"line":29,"column":40},"end":{"line":29,"column":41}},"loc":{"start":{"line":29,"column":46},"end":{"line":29,"column":58}},"line":29}},"branchMap":{"0":{"loc":{"start":{"line":23,"column":37},"end":{"line":23,"column":82}},"type":"cond-expr","locations":[{"start":{"line":23,"column":51},"end":{"line":23,"column":68}},{"start":{"line":23,"column":71},"end":{"line":23,"column":82}}],"line":23},"1":{"loc":{"start":{"line":25,"column":29},"end":{"line":25,"column":67}},"type":"cond-expr","locations":[{"start":{"line":25,"column":43},"end":{"line":25,"column":62}},{"start":{"line":25,"column":65},"end":{"line":25,"column":67}}],"line":25}},"s":{"0":4,"1":12,"2":8,"3":2,"4":2,"5":1},"f":{"0":4,"1":12,"2":8,"3":2,"4":2},"b":{"0":[4,4],"1":[4,4]},"_coverageSchema":"1a1c01bbd47fc00a2c39e90264f33305004495a9","hash":"de861c5ddfddf72fe8bf9b74134779a1d77d8754"}
,"C:\\Users\\starz\\Desktop\\Family-organizer\\smart-budget-apk\\components\\shopping-list\\ListItem.tsx": {"path":"C:\\Users\\starz\\Desktop\\Family-organizer\\smart-budget-apk\\components\\shopping-list\\ListItem.tsx","statementMap":{"0":{"start":{"line":10,"column":17},"end":{"line":10,"column":28}},"1":{"start":{"line":12,"column":2},"end":{"line":19,"column":4}},"2":{"start":{"line":14,"column":21},"end":{"line":14,"column":62}},"3":{"start":{"line":22,"column":15},"end":{"line":36,"column":2}}},"fnMap":{"0":{"name":"ListItem","decl":{"start":{"line":9,"column":24},"end":{"line":9,"column":32}},"loc":{"start":{"line":9,"column":50},"end":{"line":20,"column":1}},"line":9},"1":{"name":"(anonymous_1)","decl":{"start":{"line":14,"column":15},"end":{"line":14,"column":16}},"loc":{"start":{"line":14,"column":21},"end":{"line":14,"column":62}},"line":14}},"branchMap":{},"s":{"0":2,"1":2,"2":1,"3":1},"f":{"0":2,"1":1},"b":{},"_coverageSchema":"1a1c01bbd47fc00a2c39e90264f33305004495a9","hash":"a9aa0442723b6cf185b243866a89304fab6fa8e3"}
,"C:\\Users\\starz\\Desktop\\Family-organizer\\smart-budget-apk\\components\\shopping-list\\ProductAutocomplete.tsx": {"path":"C:\\Users\\starz\\Desktop\\Family-organizer\\smart-budget-apk\\components\\shopping-list\\ProductAutocomplete.tsx","statementMap":{"0":{"start":{"line":28,"column":21},"end":{"line":28,"column":50}},"1":{"start":{"line":36,"column":42},"end":{"line":36,"column":65}},"2":{"start":{"line":37,"column":50},"end":{"line":37,"column":65}},"3":{"start":{"line":39,"column":4},"end":{"line":65,"column":28}},"4":{"start":{"line":40,"column":26},"end":{"line":40,"column":37}},"5":{"start":{"line":42,"column":8},"end":{"line":46,"column":9}},"6":{"start":{"line":43,"column":12},"end":{"line":43,"column":31}},"7":{"start":{"line":44,"column":12},"end":{"line":44,"column":38}},"8":{"start":{"line":45,"column":12},"end":{"line":45,"column":19}},"9":{"start":{"line":48,"column":25},"end":{"line":52,"column":24}},"10":{"start":{"line":50,"column":16},"end":{"line":50,"column":76}},"11":{"start":{"line":54,"column":30},"end":{"line":56,"column":9}},"12":{"start":{"line":55,"column":19},"end":{"line":55,"column":67}},"13":{"start":{"line":58,"column":8},"end":{"line":62,"column":9}},"14":{"start":{"line":59,"column":12},"end":{"line":59,"column":81}},"15":{"start":{"line":61,"column":12},"end":{"line":61,"column":37}},"16":{"start":{"line":64,"column":8},"end":{"line":64,"column":43}},"17":{"start":{"line":67,"column":28},"end":{"line":72,"column":5}},"18":{"start":{"line":68,"column":8},"end":{"line":68,"column":28}},"19":{"start":{"line":69,"column":8},"end":{"line":69,"column":27}},"20":{"start":{"line":70,"column":8},"end":{"line":70,"column":27}},"21":{"start":{"line":71,"column":8},"end":{"line":71,"column":34}},"22":{"start":{"line":74,"column":4},"end":{"line":107,"column":6}},"23":{"start":{"line":80,"column":20},"end":{"line":80,"column":35}},"24":{"start":{"line":81,"column":20},"end":{"line":81,"column":45}},"25":{"start":{"line":91,"column":55},"end":{"line":91,"column":72}},"26":{"start":{"line":93,"column":28},"end":{"line":101,"column":47}},"27":{"start":{"line":94,"column":47},"end":{"line":94,"column":68}},"28":{"start":{"line":110,"column":15},"end":{"line":130,"column":2}}},"fnMap":{"0":{"name":"ProductAutocomplete","decl":{"start":{"line":30,"column":24},"end":{"line":30,"column":43}},"loc":{"start":{"line":35,"column":10},"end":{"line":108,"column":1}},"line":35},"1":{"name":"(anonymous_1)","decl":{"start":{"line":39,"column":14},"end":{"line":39,"column":15}},"loc":{"start":{"line":39,"column":20},"end":{"line":65,"column":5}},"line":39},"2":{"name":"(anonymous_2)","decl":{"start":{"line":49,"column":20},"end":{"line":49,"column":21}},"loc":{"start":{"line":50,"column":16},"end":{"line":50,"column":76}},"line":50},"3":{"name":"(anonymous_3)","decl":{"start":{"line":55,"column":12},"end":{"line":55,"column":13}},"loc":{"start":{"line":55,"column":19},"end":{"line":55,"column":67}},"line":55},"4":{"name":"(anonymous_4)","decl":{"start":{"line":67,"column":28},"end":{"line":67,"column":29}},"loc":{"start":{"line":67,"column":47},"end":{"line":72,"column":5}},"line":67},"5":{"name":"(anonymous_5)","decl":{"start":{"line":79,"column":30},"end":{"line":79,"column":31}},"loc":{"start":{"line":79,"column":40},"end":{"line":82,"column":17}},"line":79},"6":{"name":"(anonymous_6)","decl":{"start":{"line":91,"column":38},"end":{"line":91,"column":39}},"loc":{"start":{"line":91,"column":55},"end":{"line":91,"column":72}},"line":91},"7":{"name":"(anonymous_7)","decl":{"start":{"line":92,"column":36},"end":{"line":92,"column":37}},"loc":{"start":{"line":93,"column":28},"end":{"line":101,"column":47}},"line":93},"8":{"name":"(anonymous_8)","decl":{"start":{"line":94,"column":41},"end":{"line":94,"column":42}},"loc":{"start":{"line":94,"column":47},"end":{"line":94,"column":68}},"line":94}},"branchMap":{"0":{"loc":{"start":{"line":40,"column":26},"end":{"line":40,"column":37}},"type":"binary-expr","locations":[{"start":{"line":40,"column":26},"end":{"line":40,"column":31}},{"start":{"line":40,"column":35},"end":{"line":40,"column":37}}],"line":40},"1":{"loc":{"start":{"line":42,"column":8},"end":{"line":46,"column":9}},"type":"if","locations":[{"start":{"line":42,"column":8},"end":{"line":46,"column":9}},{"start":{},"end":{}}],"line":42},"2":{"loc":{"start":{"line":58,"column":8},"end":{"line":62,"column":9}},"type":"if","locations":[{"start":{"line":58,"column":8},"end":{"line":62,"column":9}},{"start":{"line":60,"column":15},"end":{"line":62,"column":9}}],"line":58},"3":{"loc":{"start":{"line":58,"column":12},"end":{"line":58,"column":49}},"type":"binary-expr","locations":[{"start":{"line":58,"column":12},"end":{"line":58,"column":31}},{"start":{"line":58,"column":35},"end":{"line":58,"column":49}}],"line":58},"4":{"loc":{"start":{"line":86,"column":13},"end":{"line":105,"column":13}},"type":"binary-expr","locations":[{"start":{"line":86,"column":13},"end":{"line":86,"column":28}},{"start":{"line":86,"column":32},"end":{"line":86,"column":54}},{"start":{"line":87,"column":16},"end":{"line":104,"column":23}}],"line":86}},"s":{"0":1,"1":13,"2":13,"3":13,"4":6,"5":6,"6":0,"7":0,"8":0,"9":6,"10":20250,"11":6,"12":0,"13":6,"14":6,"15":0,"16":6,"17":13,"18":0,"19":0,"20":0,"21":0,"22":13,"23":1,"24":1,"25":12,"26":6,"27":0,"28":1},"f":{"0":13,"1":6,"2":20250,"3":0,"4":0,"5":1,"6":12,"7":6,"8":0},"b":{"0":[6,0],"1":[0,6],"2":[6,0],"3":[6,6],"4":[13,7,7]},"_coverageSchema":"1a1c01bbd47fc00a2c39e90264f33305004495a9","hash":"f21e3452ca2e619db7a54087d982642694bcafca"}
,"C:\\Users\\starz\\Desktop\\Family-organizer\\smart-budget-apk\\components\\ui\\Accordion.tsx": {"path":"C:\\Users\\starz\\Desktop\\Family-organizer\\smart-budget-apk\\components\\ui\\Accordion.tsx","statementMap":{"0":{"start":{"line":13,"column":28},"end":{"line":13,"column":43}},"1":{"start":{"line":15,"column":4},"end":{"line":24,"column":6}},"2":{"start":{"line":17,"column":45},"end":{"line":17,"column":59}},"3":{"start":{"line":27,"column":15},"end":{"line":49,"column":2}}},"fnMap":{"0":{"name":"Accordion","decl":{"start":{"line":6,"column":24},"end":{"line":6,"column":33}},"loc":{"start":{"line":12,"column":3},"end":{"line":25,"column":1}},"line":12},"1":{"name":"(anonymous_1)","decl":{"start":{"line":17,"column":39},"end":{"line":17,"column":40}},"loc":{"start":{"line":17,"column":45},"end":{"line":17,"column":59}},"line":17}},"branchMap":{"0":{"loc":{"start":{"line":20,"column":50},"end":{"line":20,"column":86}},"type":"cond-expr","locations":[{"start":{"line":20,"column":57},"end":{"line":20,"column":69}},{"start":{"line":20,"column":72},"end":{"line":20,"column":86}}],"line":20},"1":{"loc":{"start":{"line":22,"column":13},"end":{"line":22,"column":67}},"type":"binary-expr","locations":[{"start":{"line":22,"column":13},"end":{"line":22,"column":17}},{"start":{"line":22,"column":21},"end":{"line":22,"column":67}}],"line":22}},"s":{"0":7,"1":7,"2":3,"3":1},"f":{"0":7,"1":3},"b":{"0":[2,5],"1":[7,2]},"_coverageSchema":"1a1c01bbd47fc00a2c39e90264f33305004495a9","hash":"e664231588e5a1d9b7aa8693c64a20e7d7bb811a"}
,"C:\\Users\\starz\\Desktop\\Family-organizer\\smart-budget-apk\\components\\ui\\Button.tsx": {"path":"C:\\Users\\starz\\Desktop\\Family-organizer\\smart-budget-apk\\components\\ui\\Button.tsx","statementMap":{"0":{"start":{"line":13,"column":71},"end":{"line":18,"column":1}},"1":{"start":{"line":27,"column":4},"end":{"line":49,"column":6}},"2":{"start":{"line":52,"column":15},"end":{"line":82,"column":2}}},"fnMap":{"0":{"name":"Button","decl":{"start":{"line":20,"column":24},"end":{"line":20,"column":30}},"loc":{"start":{"line":26,"column":16},"end":{"line":50,"column":1}},"line":26}},"branchMap":{"0":{"loc":{"start":{"line":23,"column":4},"end":{"line":23,"column":23}},"type":"default-arg","locations":[{"start":{"line":23,"column":14},"end":{"line":23,"column":23}}],"line":23},"1":{"loc":{"start":{"line":25,"column":4},"end":{"line":25,"column":20}},"type":"default-arg","locations":[{"start":{"line":25,"column":15},"end":{"line":25,"column":20}}],"line":25},"2":{"loc":{"start":{"line":36,"column":16},"end":{"line":36,"column":43}},"type":"binary-expr","locations":[{"start":{"line":36,"column":16},"end":{"line":36,"column":24}},{"start":{"line":36,"column":28},"end":{"line":36,"column":43}}],"line":36},"3":{"loc":{"start":{"line":43,"column":20},"end":{"line":43,"column":51}},"type":"binary-expr","locations":[{"start":{"line":43,"column":20},"end":{"line":43,"column":28}},{"start":{"line":43,"column":32},"end":{"line":43,"column":51}}],"line":43}},"s":{"0":2,"1":13,"2":2},"f":{"0":13},"b":{"0":[6],"1":[11],"2":[13,2],"3":[13,2]},"_coverageSchema":"1a1c01bbd47fc00a2c39e90264f33305004495a9","hash":"a25fc2cfbd980e9e925b7619d7f3bbbb3c5d2a52"}
,"C:\\Users\\starz\\Desktop\\Family-organizer\\smart-budget-apk\\components\\ui\\Card.tsx": {"path":"C:\\Users\\starz\\Desktop\\Family-organizer\\smart-budget-apk\\components\\ui\\Card.tsx","statementMap":{"0":{"start":{"line":4,"column":4},"end":{"line":20,"column":6}}},"fnMap":{"0":{"name":"Card","decl":{"start":{"line":3,"column":24},"end":{"line":3,"column":28}},"loc":{"start":{"line":3,"column":70},"end":{"line":21,"column":1}},"line":3}},"branchMap":{},"s":{"0":10},"f":{"0":10},"b":{},"_coverageSchema":"1a1c01bbd47fc00a2c39e90264f33305004495a9","hash":"1ad75bc4f911dead442c9db990398a4c71716bc5"}
,"C:\\Users\\starz\\Desktop\\Family-organizer\\smart-budget-apk\\components\\ui\\Checkbox.tsx": {"path":"C:\\Users\\starz\\Desktop\\Family-organizer\\smart-budget-apk\\components\\ui\\Checkbox.tsx","statementMap":{"0":{"start":{"line":13,"column":2},"end":{"line":32,"column":4}},"1":{"start":{"line":16,"column":21},"end":{"line":16,"column":39}}},"fnMap":{"0":{"name":"Checkbox","decl":{"start":{"line":4,"column":24},"end":{"line":4,"column":32}},"loc":{"start":{"line":12,"column":3},"end":{"line":33,"column":1}},"line":12},"1":{"name":"(anonymous_1)","decl":{"start":{"line":16,"column":15},"end":{"line":16,"column":16}},"loc":{"start":{"line":16,"column":21},"end":{"line":16,"column":39}},"line":16}},"branchMap":{"0":{"loc":{"start":{"line":26,"column":27},"end":{"line":26,"column":55}},"type":"cond-expr","locations":[{"start":{"line":26,"column":37},"end":{"line":26,"column":46}},{"start":{"line":26,"column":49},"end":{"line":26,"column":55}}],"line":26}},"s":{"0":8,"1":2},"f":{"0":8,"1":2},"b":{"0":[2,6]},"_coverageSchema":"1a1c01bbd47fc00a2c39e90264f33305004495a9","hash":"f2a8cb1533099e8e1a2ff1ba4efc2adbe3ab44da"}
,"C:\\Users\\starz\\Desktop\\Family-organizer\\smart-budget-apk\\components\\ui\\Input.tsx": {"path":"C:\\Users\\starz\\Desktop\\Family-organizer\\smart-budget-apk\\components\\ui\\Input.tsx","statementMap":{"0":{"start":{"line":30,"column":38},"end":{"line":30,"column":53}},"1":{"start":{"line":32,"column":4},"end":{"line":32,"column":69}},"2":{"start":{"line":34,"column":27},"end":{"line":40,"column":3}},"3":{"start":{"line":35,"column":4},"end":{"line":35,"column":25}},"4":{"start":{"line":36,"column":4},"end":{"line":39,"column":5}},"5":{"start":{"line":37,"column":18},"end":{"line":37,"column":53}},"6":{"start":{"line":38,"column":6},"end":{"line":38,"column":24}},"7":{"start":{"line":42,"column":2},"end":{"line":79,"column":4}},"8":{"start":{"line":49,"column":27},"end":{"line":49,"column":46}},"9":{"start":{"line":82,"column":15},"end":{"line":95,"column":2}}},"fnMap":{"0":{"name":"Input","decl":{"start":{"line":20,"column":24},"end":{"line":20,"column":29}},"loc":{"start":{"line":29,"column":15},"end":{"line":80,"column":1}},"line":29},"1":{"name":"(anonymous_1)","decl":{"start":{"line":34,"column":27},"end":{"line":34,"column":28}},"loc":{"start":{"line":34,"column":56},"end":{"line":40,"column":3}},"line":34},"2":{"name":"(anonymous_2)","decl":{"start":{"line":49,"column":21},"end":{"line":49,"column":22}},"loc":{"start":{"line":49,"column":27},"end":{"line":49,"column":46}},"line":49}},"branchMap":{"0":{"loc":{"start":{"line":23,"column":2},"end":{"line":23,"column":15}},"type":"default-arg","locations":[{"start":{"line":23,"column":9},"end":{"line":23,"column":15}}],"line":23},"1":{"loc":{"start":{"line":27,"column":2},"end":{"line":27,"column":25}},"type":"default-arg","locations":[{"start":{"line":27,"column":20},"end":{"line":27,"column":25}}],"line":27},"2":{"loc":{"start":{"line":32,"column":4},"end":{"line":32,"column":69}},"type":"cond-expr","locations":[{"start":{"line":32,"column":41},"end":{"line":32,"column":56}},{"start":{"line":32,"column":59},"end":{"line":32,"column":69}}],"line":32},"3":{"loc":{"start":{"line":32,"column":4},"end":{"line":32,"column":38}},"type":"binary-expr","locations":[{"start":{"line":32,"column":4},"end":{"line":32,"column":29}},{"start":{"line":32,"column":33},"end":{"line":32,"column":38}}],"line":32},"4":{"loc":{"start":{"line":36,"column":4},"end":{"line":39,"column":5}},"type":"if","locations":[{"start":{"line":36,"column":4},"end":{"line":39,"column":5}},{"start":{},"end":{}}],"line":36},"5":{"loc":{"start":{"line":36,"column":8},"end":{"line":36,"column":32}},"type":"binary-expr","locations":[{"start":{"line":36,"column":8},"end":{"line":36,"column":16}},{"start":{"line":36,"column":20},"end":{"line":36,"column":32}}],"line":36},"6":{"loc":{"start":{"line":44,"column":7},"end":{"line":44,"column":57}},"type":"binary-expr","locations":[{"start":{"line":44,"column":7},"end":{"line":44,"column":12}},{"start":{"line":44,"column":16},"end":{"line":44,"column":57}}],"line":44},"7":{"loc":{"start":{"line":46,"column":7},"end":{"line":75,"column":7}},"type":"cond-expr","locations":[{"start":{"line":47,"column":8},"end":{"line":63,"column":11}},{"start":{"line":65,"column":8},"end":{"line":74,"column":10}}],"line":46},"8":{"loc":{"start":{"line":50,"column":34},"end":{"line":50,"column":60}},"type":"binary-expr","locations":[{"start":{"line":50,"column":34},"end":{"line":50,"column":39}},{"start":{"line":50,"column":43},"end":{"line":50,"column":60}}],"line":50},"9":{"loc":{"start":{"line":52,"column":19},"end":{"line":52,"column":40}},"type":"binary-expr","locations":[{"start":{"line":52,"column":19},"end":{"line":52,"column":24}},{"start":{"line":52,"column":28},"end":{"line":52,"column":40}}],"line":52},"10":{"loc":{"start":{"line":54,"column":11},"end":{"line":62,"column":11}},"type":"binary-expr","locations":[{"start":{"line":54,"column":11},"end":{"line":54,"column":21}},{"start":{"line":55,"column":12},"end":{"line":61,"column":14}}],"line":54},"11":{"loc":{"start":{"line":70,"column":27},"end":{"line":70,"column":67}},"type":"cond-expr","locations":[{"start":{"line":70,"column":45},"end":{"line":70,"column":55}},{"start":{"line":70,"column":58},"end":{"line":70,"column":67}}],"line":70},"12":{"loc":{"start":{"line":71,"column":24},"end":{"line":71,"column":64}},"type":"cond-expr","locations":[{"start":{"line":71,"column":42},"end":{"line":71,"column":52}},{"start":{"line":71,"column":55},"end":{"line":71,"column":64}}],"line":71},"13":{"loc":{"start":{"line":73,"column":32},"end":{"line":73,"column":58}},"type":"binary-expr","locations":[{"start":{"line":73,"column":32},"end":{"line":73,"column":37}},{"start":{"line":73,"column":41},"end":{"line":73,"column":58}}],"line":73},"14":{"loc":{"start":{"line":77,"column":7},"end":{"line":77,"column":61}},"type":"binary-expr","locations":[{"start":{"line":77,"column":7},"end":{"line":77,"column":12}},{"start":{"line":77,"column":16},"end":{"line":77,"column":61}}],"line":77}},"s":{"0":63,"1":63,"2":63,"3":1,"4":1,"5":1,"6":1,"7":63,"8":2,"9":5},"f":{"0":63,"1":1,"2":2},"b":{"0":[57],"1":[62],"2":[40,23],"3":[63,63],"4":[1,0],"5":[1,1],"6":[63,37],"7":[6,57],"8":[6,0],"9":[6,1],"10":[6,2],"11":[1,56],"12":[1,56],"13":[57,7],"14":[63,7]},"_coverageSchema":"1a1c01bbd47fc00a2c39e90264f33305004495a9","hash":"7b0e8a377ef2c214f1299f67462dc985797dd928"}
,"C:\\Users\\starz\\Desktop\\Family-organizer\\smart-budget-apk\\components\\ui\\MemberList.tsx": {"path":"C:\\Users\\starz\\Desktop\\Family-organizer\\smart-budget-apk\\components\\ui\\MemberList.tsx","statementMap":{"0":{"start":{"line":19,"column":38},"end":{"line":19,"column":55}},"1":{"start":{"line":21,"column":4},"end":{"line":23,"column":23}},"2":{"start":{"line":22,"column":8},"end":{"line":22,"column":23}},"3":{"start":{"line":26,"column":28},"end":{"line":28,"column":97}},"4":{"start":{"line":27,"column":21},"end":{"line":27,"column":44}},"5":{"start":{"line":28,"column":19},"end":{"line":28,"column":95}},"6":{"start":{"line":30,"column":4},"end":{"line":78,"column":6}},"7":{"start":{"line":37,"column":42},"end":{"line":37,"column":49}},"8":{"start":{"line":40,"column":24},"end":{"line":49,"column":26}},"9":{"start":{"line":44,"column":77},"end":{"line":44,"column":100}},"10":{"start":{"line":61,"column":42},"end":{"line":61,"column":49}},"11":{"start":{"line":64,"column":24},"end":{"line":71,"column":31}},"12":{"start":{"line":67,"column":72},"end":{"line":67,"column":98}},"13":{"start":{"line":81,"column":15},"end":{"line":104,"column":2}}},"fnMap":{"0":{"name":"MemberList","decl":{"start":{"line":18,"column":24},"end":{"line":18,"column":34}},"loc":{"start":{"line":18,"column":98},"end":{"line":79,"column":1}},"line":18},"1":{"name":"(anonymous_1)","decl":{"start":{"line":21,"column":14},"end":{"line":21,"column":15}},"loc":{"start":{"line":21,"column":20},"end":{"line":23,"column":5}},"line":21},"2":{"name":"(anonymous_2)","decl":{"start":{"line":27,"column":16},"end":{"line":27,"column":17}},"loc":{"start":{"line":27,"column":21},"end":{"line":27,"column":44}},"line":27},"3":{"name":"(anonymous_3)","decl":{"start":{"line":28,"column":13},"end":{"line":28,"column":14}},"loc":{"start":{"line":28,"column":19},"end":{"line":28,"column":95}},"line":28},"4":{"name":"(anonymous_4)","decl":{"start":{"line":37,"column":34},"end":{"line":37,"column":35}},"loc":{"start":{"line":37,"column":42},"end":{"line":37,"column":49}},"line":37},"5":{"name":"(anonymous_5)","decl":{"start":{"line":39,"column":32},"end":{"line":39,"column":33}},"loc":{"start":{"line":39,"column":46},"end":{"line":50,"column":21}},"line":39},"6":{"name":"(anonymous_6)","decl":{"start":{"line":44,"column":71},"end":{"line":44,"column":72}},"loc":{"start":{"line":44,"column":77},"end":{"line":44,"column":100}},"line":44},"7":{"name":"(anonymous_7)","decl":{"start":{"line":61,"column":34},"end":{"line":61,"column":35}},"loc":{"start":{"line":61,"column":42},"end":{"line":61,"column":49}},"line":61},"8":{"name":"(anonymous_8)","decl":{"start":{"line":63,"column":32},"end":{"line":63,"column":33}},"loc":{"start":{"line":64,"column":24},"end":{"line":71,"column":31}},"line":64},"9":{"name":"(anonymous_9)","decl":{"start":{"line":67,"column":66},"end":{"line":67,"column":67}},"loc":{"start":{"line":67,"column":72},"end":{"line":67,"column":98}},"line":67}},"branchMap":{"0":{"loc":{"start":{"line":18,"column":46},"end":{"line":18,"column":58}},"type":"default-arg","locations":[{"start":{"line":18,"column":56},"end":{"line":18,"column":58}}],"line":18},"1":{"loc":{"start":{"line":28,"column":25},"end":{"line":28,"column":72}},"type":"cond-expr","locations":[{"start":{"line":28,"column":61},"end":{"line":28,"column":65}},{"start":{"line":28,"column":68},"end":{"line":28,"column":72}}],"line":28},"2":{"loc":{"start":{"line":34,"column":13},"end":{"line":54,"column":13}},"type":"cond-expr","locations":[{"start":{"line":35,"column":16},"end":{"line":51,"column":18}},{"start":{"line":53,"column":16},"end":{"line":53,"column":68}}],"line":34},"3":{"loc":{"start":{"line":43,"column":33},"end":{"line":47,"column":33}},"type":"binary-expr","locations":[{"start":{"line":43,"column":33},"end":{"line":43,"column":44}},{"start":{"line":43,"column":48},"end":{"line":43,"column":55}},{"start":{"line":44,"column":36},"end":{"line":46,"column":45}}],"line":43},"4":{"loc":{"start":{"line":58,"column":13},"end":{"line":76,"column":13}},"type":"cond-expr","locations":[{"start":{"line":59,"column":16},"end":{"line":73,"column":18}},{"start":{"line":75,"column":16},"end":{"line":75,"column":71}}],"line":58},"5":{"loc":{"start":{"line":66,"column":29},"end":{"line":70,"column":29}},"type":"binary-expr","locations":[{"start":{"line":66,"column":29},"end":{"line":66,"column":43}},{"start":{"line":66,"column":47},"end":{"line":66,"column":54}},{"start":{"line":67,"column":32},"end":{"line":69,"column":41}}],"line":66}},"s":{"0":7,"1":7,"2":7,"3":7,"4":19,"5":12,"6":7,"7":18,"8":12,"9":1,"10":5,"11":3,"12":1,"13":1},"f":{"0":7,"1":7,"2":19,"3":12,"4":18,"5":12,"6":1,"7":5,"8":3,"9":1},"b":{"0":[0],"1":[12,0],"2":[6,1],"3":[12,4,2],"4":[2,5],"5":[3,3,2]},"_coverageSchema":"1a1c01bbd47fc00a2c39e90264f33305004495a9","hash":"781acb30bf99456ac331e60b0c64afbd5855e5f6"}
,"C:\\Users\\starz\\Desktop\\Family-organizer\\smart-budget-apk\\components\\ui\\Modal.tsx": {"path":"C:\\Users\\starz\\Desktop\\Family-organizer\\smart-budget-apk\\components\\ui\\Modal.tsx","statementMap":{"0":{"start":{"line":15,"column":4},"end":{"line":44,"column":6}}},"fnMap":{"0":{"name":"Modal","decl":{"start":{"line":4,"column":24},"end":{"line":4,"column":29}},"loc":{"start":{"line":14,"column":3},"end":{"line":45,"column":1}},"line":14}},"branchMap":{"0":{"loc":{"start":{"line":32,"column":21},"end":{"line":36,"column":21}},"type":"binary-expr","locations":[{"start":{"line":32,"column":21},"end":{"line":32,"column":26}},{"start":{"line":33,"column":24},"end":{"line":35,"column":31}}],"line":32}},"s":{"0":5},"f":{"0":5},"b":{"0":[5,1]},"_coverageSchema":"1a1c01bbd47fc00a2c39e90264f33305004495a9","hash":"77798799f0e9f8e67fa0a178a3c70a8f1054dcf5"}
,"C:\\Users\\starz\\Desktop\\Family-organizer\\smart-budget-apk\\components\\ui\\Select.tsx": {"path":"C:\\Users\\starz\\Desktop\\Family-organizer\\smart-budget-apk\\components\\ui\\Select.tsx","statementMap":{"0":{"start":{"line":26,"column":4},"end":{"line":44,"column":6}},"1":{"start":{"line":34,"column":68},"end":{"line":34,"column":81}},"2":{"start":{"line":37,"column":24},"end":{"line":37,"column":91}},"3":{"start":{"line":47,"column":15},"end":{"line":66,"column":2}}},"fnMap":{"0":{"name":"Select","decl":{"start":{"line":11,"column":24},"end":{"line":11,"column":30}},"loc":{"start":{"line":25,"column":3},"end":{"line":45,"column":1}},"line":25},"1":{"name":"(anonymous_1)","decl":{"start":{"line":34,"column":61},"end":{"line":34,"column":62}},"loc":{"start":{"line":34,"column":68},"end":{"line":34,"column":81}},"line":34},"2":{"name":"(anonymous_2)","decl":{"start":{"line":36,"column":33},"end":{"line":36,"column":34}},"loc":{"start":{"line":37,"column":24},"end":{"line":37,"column":91}},"line":37}},"branchMap":{"0":{"loc":{"start":{"line":16,"column":4},"end":{"line":16,"column":30}},"type":"default-arg","locations":[{"start":{"line":16,"column":18},"end":{"line":16,"column":30}}],"line":16},"1":{"loc":{"start":{"line":28,"column":13},"end":{"line":28,"column":63}},"type":"binary-expr","locations":[{"start":{"line":28,"column":13},"end":{"line":28,"column":18}},{"start":{"line":28,"column":22},"end":{"line":28,"column":63}}],"line":28},"2":{"loc":{"start":{"line":32,"column":48},"end":{"line":32,"column":75}},"type":"binary-expr","locations":[{"start":{"line":32,"column":48},"end":{"line":32,"column":53}},{"start":{"line":32,"column":57},"end":{"line":32,"column":75}}],"line":32},"3":{"loc":{"start":{"line":42,"column":13},"end":{"line":42,"column":67}},"type":"binary-expr","locations":[{"start":{"line":42,"column":13},"end":{"line":42,"column":18}},{"start":{"line":42,"column":22},"end":{"line":42,"column":67}}],"line":42}},"s":{"0":13,"1":2,"2":62,"3":2},"f":{"0":13,"1":2,"2":62},"b":{"0":[5],"1":[13,1],"2":[13,2],"3":[13,2]},"_coverageSchema":"1a1c01bbd47fc00a2c39e90264f33305004495a9","hash":"58ac8d2558898e386eea1b93d100000e71970eb8"}
,"C:\\Users\\starz\\Desktop\\Family-organizer\\smart-budget-apk\\components\\ui\\ShoppingListSelectModal.tsx": {"path":"C:\\Users\\starz\\Desktop\\Family-organizer\\smart-budget-apk\\components\\ui\\ShoppingListSelectModal.tsx","statementMap":{"0":{"start":{"line":25,"column":30},"end":{"line":25,"column":74}},"1":{"start":{"line":26,"column":34},"end":{"line":26,"column":48}},"2":{"start":{"line":28,"column":4},"end":{"line":42,"column":17}},"3":{"start":{"line":29,"column":8},"end":{"line":29,"column":28}},"4":{"start":{"line":29,"column":21},"end":{"line":29,"column":28}},"5":{"start":{"line":31,"column":27},"end":{"line":39,"column":9}},"6":{"start":{"line":32,"column":12},"end":{"line":32,"column":29}},"7":{"start":{"line":33,"column":36},"end":{"line":35,"column":35}},"8":{"start":{"line":37,"column":12},"end":{"line":37,"column":47}},"9":{"start":{"line":37,"column":32},"end":{"line":37,"column":47}},"10":{"start":{"line":38,"column":12},"end":{"line":38,"column":30}},"11":{"start":{"line":41,"column":8},"end":{"line":41,"column":21}},"12":{"start":{"line":44,"column":4},"end":{"line":87,"column":6}},"13":{"start":{"line":65,"column":32},"end":{"line":76,"column":44}},"14":{"start":{"line":69,"column":40},"end":{"line":69,"column":58}},"15":{"start":{"line":70,"column":40},"end":{"line":70,"column":50}},"16":{"start":{"line":90,"column":15},"end":{"line":129,"column":2}}},"fnMap":{"0":{"name":"ShoppingListSelectModal","decl":{"start":{"line":20,"column":24},"end":{"line":20,"column":47}},"loc":{"start":{"line":24,"column":10},"end":{"line":88,"column":1}},"line":24},"1":{"name":"(anonymous_1)","decl":{"start":{"line":28,"column":14},"end":{"line":28,"column":15}},"loc":{"start":{"line":28,"column":20},"end":{"line":42,"column":5}},"line":28},"2":{"name":"(anonymous_2)","decl":{"start":{"line":31,"column":27},"end":{"line":31,"column":28}},"loc":{"start":{"line":31,"column":39},"end":{"line":39,"column":9}},"line":31},"3":{"name":"(anonymous_3)","decl":{"start":{"line":64,"column":39},"end":{"line":64,"column":40}},"loc":{"start":{"line":65,"column":32},"end":{"line":76,"column":44}},"line":65},"4":{"name":"(anonymous_4)","decl":{"start":{"line":68,"column":45},"end":{"line":68,"column":46}},"loc":{"start":{"line":68,"column":51},"end":{"line":71,"column":37}},"line":68}},"branchMap":{"0":{"loc":{"start":{"line":29,"column":8},"end":{"line":29,"column":28}},"type":"if","locations":[{"start":{"line":29,"column":8},"end":{"line":29,"column":28}},{"start":{},"end":{}}],"line":29},"1":{"loc":{"start":{"line":37,"column":12},"end":{"line":37,"column":47}},"type":"if","locations":[{"start":{"line":37,"column":12},"end":{"line":37,"column":47}},{"start":{},"end":{}}],"line":37},"2":{"loc":{"start":{"line":37,"column":16},"end":{"line":37,"column":30}},"type":"binary-expr","locations":[{"start":{"line":37,"column":16},"end":{"line":37,"column":22}},{"start":{"line":37,"column":26},"end":{"line":37,"column":30}}],"line":37},"3":{"loc":{"start":{"line":55,"column":21},"end":{"line":79,"column":21}},"type":"cond-expr","locations":[{"start":{"line":56,"column":24},"end":{"line":59,"column":26}},{"start":{"line":60,"column":24},"end":{"line":79,"column":21}}],"line":55},"4":{"loc":{"start":{"line":60,"column":24},"end":{"line":79,"column":21}},"type":"cond-expr","locations":[{"start":{"line":61,"column":24},"end":{"line":61,"column":78}},{"start":{"line":63,"column":24},"end":{"line":78,"column":37}}],"line":60}},"s":{"0":9,"1":9,"2":9,"3":5,"4":1,"5":4,"6":4,"7":4,"8":4,"9":4,"10":4,"11":4,"12":9,"13":2,"14":1,"15":1,"16":1},"f":{"0":9,"1":5,"2":4,"3":2,"4":1},"b":{"0":[1,4],"1":[4,0],"2":[4,4],"3":[5,4],"4":[3,1]},"_coverageSchema":"1a1c01bbd47fc00a2c39e90264f33305004495a9","hash":"74bf1aca20d3d5f0a693d8540aa8575cb6f3e15b"}
,"C:\\Users\\starz\\Desktop\\Family-organizer\\smart-budget-apk\\components\\ui\\Textarea.tsx": {"path":"C:\\Users\\starz\\Desktop\\Family-organizer\\smart-budget-apk\\components\\ui\\Textarea.tsx","statementMap":{"0":{"start":{"line":8,"column":4},"end":{"line":28,"column":6}}},"fnMap":{"0":{"name":"Textarea","decl":{"start":{"line":3,"column":24},"end":{"line":3,"column":32}},"loc":{"start":{"line":7,"column":56},"end":{"line":29,"column":1}},"line":7}},"branchMap":{"0":{"loc":{"start":{"line":10,"column":13},"end":{"line":10,"column":89}},"type":"binary-expr","locations":[{"start":{"line":10,"column":13},"end":{"line":10,"column":18}},{"start":{"line":10,"column":22},"end":{"line":10,"column":89}}],"line":10},"1":{"loc":{"start":{"line":19,"column":33},"end":{"line":19,"column":59}},"type":"cond-expr","locations":[{"start":{"line":19,"column":41},"end":{"line":19,"column":50}},{"start":{"line":19,"column":53},"end":{"line":19,"column":59}}],"line":19},"2":{"loc":{"start":{"line":26,"column":13},"end":{"line":26,"column":85}},"type":"binary-expr","locations":[{"start":{"line":26,"column":13},"end":{"line":26,"column":18}},{"start":{"line":26,"column":22},"end":{"line":26,"column":85}}],"line":26}},"s":{"0":6},"f":{"0":6},"b":{"0":[6,1],"1":[1,5],"2":[6,1]},"_coverageSchema":"1a1c01bbd47fc00a2c39e90264f33305004495a9","hash":"178ee344bc4aa2c03eb2c641a570a6f6bdf7d88e"}
,"C:\\Users\\starz\\Desktop\\Family-organizer\\smart-budget-apk\\components\\ui\\Toast.tsx": {"path":"C:\\Users\\starz\\Desktop\\Family-organizer\\smart-budget-apk\\components\\ui\\Toast.tsx","statementMap":{"0":{"start":{"line":13,"column":23},"end":{"line":13,"column":62}},"1":{"start":{"line":14,"column":22},"end":{"line":14,"column":43}},"2":{"start":{"line":16,"column":4},"end":{"line":21,"column":21}},"3":{"start":{"line":17,"column":8},"end":{"line":20,"column":19}},"4":{"start":{"line":23,"column":4},"end":{"line":39,"column":6}},"5":{"start":{"line":42,"column":15},"end":{"line":57,"column":2}}},"fnMap":{"0":{"name":"Toast","decl":{"start":{"line":6,"column":24},"end":{"line":6,"column":29}},"loc":{"start":{"line":12,"column":3},"end":{"line":40,"column":1}},"line":12},"1":{"name":"(anonymous_1)","decl":{"start":{"line":16,"column":14},"end":{"line":16,"column":15}},"loc":{"start":{"line":16,"column":20},"end":{"line":21,"column":5}},"line":16}},"branchMap":{"0":{"loc":{"start":{"line":29,"column":37},"end":{"line":29,"column":79}},"type":"cond-expr","locations":[{"start":{"line":29,"column":58},"end":{"line":29,"column":67}},{"start":{"line":29,"column":70},"end":{"line":29,"column":79}}],"line":29}},"s":{"0":5,"1":5,"2":5,"3":5,"4":5,"5":1},"f":{"0":5,"1":5},"b":{"0":[4,1]},"_coverageSchema":"1a1c01bbd47fc00a2c39e90264f33305004495a9","hash":"47f7dcf6b71aee619e5967c369ef51e452a45cb4"}
,"C:\\Users\\starz\\Desktop\\Family-organizer\\smart-budget-apk\\data\\productsDb.ts": {"path":"C:\\Users\\starz\\Desktop\\Family-organizer\\smart-budget-apk\\data\\productsDb.ts","statementMap":{"0":{"start":{"line":1,"column":26},"end":{"line":3414,"column":1}}},"fnMap":{},"branchMap":{},"s":{"0":4},"f":{},"b":{},"_coverageSchema":"1a1c01bbd47fc00a2c39e90264f33305004495a9","hash":"382ca1b7034e9cdec4a42a8e9c1a1ca3f68809fb"}
,"C:\\Users\\starz\\Desktop\\Family-organizer\\smart-budget-apk\\lib\\supabaseClient.ts": {"path":"C:\\Users\\starz\\Desktop\\Family-organizer\\smart-budget-apk\\lib\\supabaseClient.ts","statementMap":{"0":{"start":{"line":3,"column":20},"end":{"line":3,"column":62}},"1":{"start":{"line":5,"column":2},"end":{"line":5,"column":212}},"2":{"start":{"line":7,"column":24},"end":{"line":7,"column":66}}},"fnMap":{},"branchMap":{},"s":{"0":3,"1":3,"2":3},"f":{},"b":{},"_coverageSchema":"1a1c01bbd47fc00a2c39e90264f33305004495a9","hash":"6065ec9ddd48e819b332dba4bccc50b8b579e457"}
,"C:\\Users\\starz\\Desktop\\Family-organizer\\smart-budget-apk\\stores\\expensesStore.ts": {"path":"C:\\Users\\starz\\Desktop\\Family-organizer\\smart-budget-apk\\stores\\expensesStore.ts","statementMap":{"0":{"start":{"line":43,"column":32},"end":{"line":145,"column":3}},"1":{"start":{"line":43,"column":69},"end":{"line":145,"column":1}},"2":{"start":{"line":48,"column":4},"end":{"line":48,"column":27}},"3":{"start":{"line":50,"column":34},"end":{"line":53,"column":28}},"4":{"start":{"line":55,"column":22},"end":{"line":55,"column":65}},"5":{"start":{"line":55,"column":46},"end":{"line":55,"column":58}},"6":{"start":{"line":57,"column":21},"end":{"line":61,"column":27}},"7":{"start":{"line":63,"column":21},"end":{"line":65,"column":5}},"8":{"start":{"line":64,"column":15},"end":{"line":64,"column":67}},"9":{"start":{"line":67,"column":4},"end":{"line":67,"column":48}},"10":{"start":{"line":71,"column":38},"end":{"line":75,"column":15}},"11":{"start":{"line":77,"column":4},"end":{"line":79,"column":5}},"12":{"start":{"line":78,"column":6},"end":{"line":78,"column":62}},"13":{"start":{"line":81,"column":4},"end":{"line":87,"column":5}},"14":{"start":{"line":82,"column":6},"end":{"line":86,"column":10}},"15":{"start":{"line":85,"column":33},"end":{"line":85,"column":75}},"16":{"start":{"line":89,"column":4},"end":{"line":89,"column":66}},"17":{"start":{"line":89,"column":20},"end":{"line":89,"column":63}},"18":{"start":{"line":90,"column":4},"end":{"line":90,"column":29}},"19":{"start":{"line":94,"column":35},"end":{"line":98,"column":28}},"20":{"start":{"line":100,"column":4},"end":{"line":102,"column":5}},"21":{"start":{"line":101,"column":6},"end":{"line":101,"column":61}},"22":{"start":{"line":104,"column":4},"end":{"line":104,"column":73}},"23":{"start":{"line":106,"column":4},"end":{"line":110,"column":5}},"24":{"start":{"line":107,"column":6},"end":{"line":109,"column":76}},"25":{"start":{"line":109,"column":39},"end":{"line":109,"column":72}},"26":{"start":{"line":112,"column":20},"end":{"line":112,"column":70}},"27":{"start":{"line":113,"column":4},"end":{"line":115,"column":8}},"28":{"start":{"line":113,"column":20},"end":{"line":115,"column":5}},"29":{"start":{"line":114,"column":43},"end":{"line":114,"column":68}},"30":{"start":{"line":117,"column":4},"end":{"line":117,"column":29}},"31":{"start":{"line":124,"column":4},"end":{"line":141,"column":5}},"32":{"start":{"line":125,"column":27},"end":{"line":125,"column":32}},"33":{"start":{"line":126,"column":23},"end":{"line":126,"column":56}},"34":{"start":{"line":126,"column":44},"end":{"line":126,"column":55}},"35":{"start":{"line":127,"column":6},"end":{"line":132,"column":7}},"36":{"start":{"line":128,"column":8},"end":{"line":131,"column":10}},"37":{"start":{"line":134,"column":24},"end":{"line":134,"column":77}},"38":{"start":{"line":135,"column":6},"end":{"line":135,"column":29}},"39":{"start":{"line":135,"column":17},"end":{"line":135,"column":29}},"40":{"start":{"line":137,"column":6},"end":{"line":137,"column":61}},"41":{"start":{"line":137,"column":45},"end":{"line":137,"column":56}},"42":{"start":{"line":138,"column":6},"end":{"line":138,"column":31}},"43":{"start":{"line":140,"column":6},"end":{"line":140,"column":50}},"44":{"start":{"line":144,"column":29},"end":{"line":144,"column":46}}},"fnMap":{"0":{"name":"(anonymous_0)","decl":{"start":{"line":43,"column":54},"end":{"line":43,"column":55}},"loc":{"start":{"line":43,"column":69},"end":{"line":145,"column":1}},"line":43},"1":{"name":"(anonymous_1)","decl":{"start":{"line":47,"column":17},"end":{"line":47,"column":18}},"loc":{"start":{"line":47,"column":55},"end":{"line":68,"column":3}},"line":47},"2":{"name":"(anonymous_2)","decl":{"start":{"line":55,"column":39},"end":{"line":55,"column":40}},"loc":{"start":{"line":55,"column":46},"end":{"line":55,"column":58}},"line":55},"3":{"name":"(anonymous_3)","decl":{"start":{"line":64,"column":6},"end":{"line":64,"column":7}},"loc":{"start":{"line":64,"column":15},"end":{"line":64,"column":67}},"line":64},"4":{"name":"(anonymous_4)","decl":{"start":{"line":70,"column":14},"end":{"line":70,"column":15}},"loc":{"start":{"line":70,"column":47},"end":{"line":91,"column":3}},"line":70},"5":{"name":"(anonymous_5)","decl":{"start":{"line":85,"column":25},"end":{"line":85,"column":26}},"loc":{"start":{"line":85,"column":33},"end":{"line":85,"column":75}},"line":85},"6":{"name":"(anonymous_6)","decl":{"start":{"line":89,"column":8},"end":{"line":89,"column":9}},"loc":{"start":{"line":89,"column":20},"end":{"line":89,"column":63}},"line":89},"7":{"name":"(anonymous_7)","decl":{"start":{"line":93,"column":17},"end":{"line":93,"column":18}},"loc":{"start":{"line":93,"column":64},"end":{"line":118,"column":3}},"line":93},"8":{"name":"(anonymous_8)","decl":{"start":{"line":109,"column":31},"end":{"line":109,"column":32}},"loc":{"start":{"line":109,"column":39},"end":{"line":109,"column":72}},"line":109},"9":{"name":"(anonymous_9)","decl":{"start":{"line":113,"column":8},"end":{"line":113,"column":9}},"loc":{"start":{"line":113,"column":20},"end":{"line":115,"column":5}},"line":113},"10":{"name":"(anonymous_10)","decl":{"start":{"line":114,"column":35},"end":{"line":114,"column":36}},"loc":{"start":{"line":114,"column":43},"end":{"line":114,"column":68}},"line":114},"11":{"name":"(anonymous_11)","decl":{"start":{"line":120,"column":17},"end":{"line":120,"column":18}},"loc":{"start":{"line":123,"column":54},"end":{"line":142,"column":3}},"line":123},"12":{"name":"(anonymous_12)","decl":{"start":{"line":126,"column":37},"end":{"line":126,"column":38}},"loc":{"start":{"line":126,"column":44},"end":{"line":126,"column":55}},"line":126},"13":{"name":"(anonymous_13)","decl":{"start":{"line":137,"column":38},"end":{"line":137,"column":39}},"loc":{"start":{"line":137,"column":45},"end":{"line":137,"column":56}},"line":137},"14":{"name":"(anonymous_14)","decl":{"start":{"line":144,"column":15},"end":{"line":144,"column":16}},"loc":{"start":{"line":144,"column":29},"end":{"line":144,"column":46}},"line":144}},"branchMap":{"0":{"loc":{"start":{"line":55,"column":22},"end":{"line":55,"column":65}},"type":"binary-expr","locations":[{"start":{"line":55,"column":22},"end":{"line":55,"column":59}},{"start":{"line":55,"column":63},"end":{"line":55,"column":65}}],"line":55},"1":{"loc":{"start":{"line":63,"column":22},"end":{"line":63,"column":32}},"type":"binary-expr","locations":[{"start":{"line":63,"column":22},"end":{"line":63,"column":26}},{"start":{"line":63,"column":30},"end":{"line":63,"column":32}}],"line":63},"2":{"loc":{"start":{"line":64,"column":15},"end":{"line":64,"column":67}},"type":"binary-expr","locations":[{"start":{"line":64,"column":15},"end":{"line":64,"column":37}},{"start":{"line":64,"column":41},"end":{"line":64,"column":67}}],"line":64},"3":{"loc":{"start":{"line":70,"column":27},"end":{"line":70,"column":42}},"type":"default-arg","locations":[{"start":{"line":70,"column":40},"end":{"line":70,"column":42}}],"line":70},"4":{"loc":{"start":{"line":77,"column":4},"end":{"line":79,"column":5}},"type":"if","locations":[{"start":{"line":77,"column":4},"end":{"line":79,"column":5}},{"start":{},"end":{}}],"line":77},"5":{"loc":{"start":{"line":77,"column":8},"end":{"line":77,"column":26}},"type":"binary-expr","locations":[{"start":{"line":77,"column":8},"end":{"line":77,"column":13}},{"start":{"line":77,"column":17},"end":{"line":77,"column":26}}],"line":77},"6":{"loc":{"start":{"line":81,"column":4},"end":{"line":87,"column":5}},"type":"if","locations":[{"start":{"line":81,"column":4},"end":{"line":87,"column":5}},{"start":{},"end":{}}],"line":81},"7":{"loc":{"start":{"line":100,"column":4},"end":{"line":102,"column":5}},"type":"if","locations":[{"start":{"line":100,"column":4},"end":{"line":102,"column":5}},{"start":{},"end":{}}],"line":100},"8":{"loc":{"start":{"line":106,"column":4},"end":{"line":110,"column":5}},"type":"if","locations":[{"start":{"line":106,"column":4},"end":{"line":110,"column":5}},{"start":{},"end":{}}],"line":106},"9":{"loc":{"start":{"line":114,"column":43},"end":{"line":114,"column":68}},"type":"cond-expr","locations":[{"start":{"line":114,"column":57},"end":{"line":114,"column":64}},{"start":{"line":114,"column":67},"end":{"line":114,"column":68}}],"line":114},"10":{"loc":{"start":{"line":127,"column":6},"end":{"line":132,"column":7}},"type":"if","locations":[{"start":{"line":127,"column":6},"end":{"line":132,"column":7}},{"start":{},"end":{}}],"line":127},"11":{"loc":{"start":{"line":127,"column":10},"end":{"line":127,"column":50}},"type":"binary-expr","locations":[{"start":{"line":127,"column":10},"end":{"line":127,"column":19}},{"start":{"line":127,"column":23},"end":{"line":127,"column":50}}],"line":127},"12":{"loc":{"start":{"line":135,"column":6},"end":{"line":135,"column":29}},"type":"if","locations":[{"start":{"line":135,"column":6},"end":{"line":135,"column":29}},{"start":{},"end":{}}],"line":135}},"s":{"0":1,"1":1,"2":1,"3":1,"4":1,"5":1,"6":1,"7":1,"8":2,"9":1,"10":2,"11":2,"12":1,"13":1,"14":1,"15":1,"16":1,"17":1,"18":1,"19":2,"20":2,"21":1,"22":1,"23":1,"24":1,"25":1,"26":1,"27":1,"28":1,"29":1,"30":1,"31":2,"32":2,"33":2,"34":2,"35":2,"36":1,"37":1,"38":1,"39":0,"40":1,"41":1,"42":1,"43":0,"44":1},"f":{"0":1,"1":1,"2":1,"3":2,"4":2,"5":1,"6":1,"7":2,"8":1,"9":1,"10":1,"11":2,"12":2,"13":1,"14":1},"b":{"0":[1,0],"1":[1,0],"2":[2,1],"3":[1],"4":[1,1],"5":[2,1],"6":[1,0],"7":[1,1],"8":[1,0],"9":[1,0],"10":[1,1],"11":[2,2],"12":[0,1]},"_coverageSchema":"1a1c01bbd47fc00a2c39e90264f33305004495a9","hash":"8591412e8b9203ff544f12452f3338fc0f9cc8f8"}
,"C:\\Users\\starz\\Desktop\\Family-organizer\\smart-budget-apk\\stores\\friendsStore.ts": {"path":"C:\\Users\\starz\\Desktop\\Family-organizer\\smart-budget-apk\\stores\\friendsStore.ts","statementMap":{"0":{"start":{"line":21,"column":31},"end":{"line":109,"column":3}},"1":{"start":{"line":21,"column":67},"end":{"line":109,"column":1}},"2":{"start":{"line":25,"column":4},"end":{"line":55,"column":5}},"3":{"start":{"line":26,"column":23},"end":{"line":26,"column":52}},"4":{"start":{"line":27,"column":19},"end":{"line":27,"column":37}},"5":{"start":{"line":28,"column":6},"end":{"line":28,"column":66}},"6":{"start":{"line":28,"column":17},"end":{"line":28,"column":66}},"7":{"start":{"line":30,"column":30},"end":{"line":37,"column":68}},"8":{"start":{"line":39,"column":6},"end":{"line":39,"column":29}},"9":{"start":{"line":39,"column":17},"end":{"line":39,"column":29}},"10":{"start":{"line":40,"column":23},"end":{"line":50,"column":9}},"11":{"start":{"line":40,"column":48},"end":{"line":50,"column":7}},"12":{"start":{"line":51,"column":6},"end":{"line":51,"column":33}},"13":{"start":{"line":52,"column":6},"end":{"line":52,"column":31}},"14":{"start":{"line":54,"column":6},"end":{"line":54,"column":50}},"15":{"start":{"line":59,"column":4},"end":{"line":82,"column":5}},"16":{"start":{"line":60,"column":53},"end":{"line":64,"column":17}},"17":{"start":{"line":65,"column":6},"end":{"line":66,"column":54}},"18":{"start":{"line":66,"column":8},"end":{"line":66,"column":54}},"19":{"start":{"line":68,"column":23},"end":{"line":68,"column":52}},"20":{"start":{"line":69,"column":19},"end":{"line":69,"column":37}},"21":{"start":{"line":70,"column":6},"end":{"line":70,"column":66}},"22":{"start":{"line":70,"column":17},"end":{"line":70,"column":66}},"23":{"start":{"line":72,"column":35},"end":{"line":75,"column":8}},"24":{"start":{"line":76,"column":6},"end":{"line":76,"column":37}},"25":{"start":{"line":76,"column":21},"end":{"line":76,"column":37}},"26":{"start":{"line":78,"column":6},"end":{"line":78,"column":33}},"27":{"start":{"line":79,"column":6},"end":{"line":79,"column":31}},"28":{"start":{"line":81,"column":6},"end":{"line":81,"column":50}},"29":{"start":{"line":86,"column":4},"end":{"line":96,"column":5}},"30":{"start":{"line":87,"column":24},"end":{"line":90,"column":21}},"31":{"start":{"line":91,"column":6},"end":{"line":91,"column":29}},"32":{"start":{"line":91,"column":17},"end":{"line":91,"column":29}},"33":{"start":{"line":92,"column":6},"end":{"line":92,"column":33}},"34":{"start":{"line":93,"column":6},"end":{"line":93,"column":31}},"35":{"start":{"line":95,"column":6},"end":{"line":95,"column":50}},"36":{"start":{"line":100,"column":4},"end":{"line":107,"column":5}},"37":{"start":{"line":101,"column":24},"end":{"line":101,"column":76}},"38":{"start":{"line":102,"column":6},"end":{"line":102,"column":29}},"39":{"start":{"line":102,"column":17},"end":{"line":102,"column":29}},"40":{"start":{"line":103,"column":6},"end":{"line":103,"column":33}},"41":{"start":{"line":104,"column":6},"end":{"line":104,"column":31}},"42":{"start":{"line":106,"column":6},"end":{"line":106,"column":50}}},"fnMap":{"0":{"name":"(anonymous_0)","decl":{"start":{"line":21,"column":52},"end":{"line":21,"column":53}},"loc":{"start":{"line":21,"column":67},"end":{"line":109,"column":1}},"line":21},"1":{"name":"(anonymous_1)","decl":{"start":{"line":24,"column":16},"end":{"line":24,"column":17}},"loc":{"start":{"line":24,"column":28},"end":{"line":56,"column":3}},"line":24},"2":{"name":"(anonymous_2)","decl":{"start":{"line":40,"column":33},"end":{"line":40,"column":34}},"loc":{"start":{"line":40,"column":48},"end":{"line":50,"column":7}},"line":40},"3":{"name":"(anonymous_3)","decl":{"start":{"line":58,"column":14},"end":{"line":58,"column":15}},"loc":{"start":{"line":58,"column":31},"end":{"line":83,"column":3}},"line":58},"4":{"name":"(anonymous_4)","decl":{"start":{"line":85,"column":16},"end":{"line":85,"column":17}},"loc":{"start":{"line":85,"column":30},"end":{"line":97,"column":3}},"line":85},"5":{"name":"(anonymous_5)","decl":{"start":{"line":99,"column":16},"end":{"line":99,"column":17}},"loc":{"start":{"line":99,"column":30},"end":{"line":108,"column":3}},"line":99}},"branchMap":{"0":{"loc":{"start":{"line":28,"column":6},"end":{"line":28,"column":66}},"type":"if","locations":[{"start":{"line":28,"column":6},"end":{"line":28,"column":66}},{"start":{},"end":{}}],"line":28},"1":{"loc":{"start":{"line":39,"column":6},"end":{"line":39,"column":29}},"type":"if","locations":[{"start":{"line":39,"column":6},"end":{"line":39,"column":29}},{"start":{},"end":{}}],"line":39},"2":{"loc":{"start":{"line":47,"column":10},"end":{"line":49,"column":33}},"type":"cond-expr","locations":[{"start":{"line":48,"column":14},"end":{"line":48,"column":33}},{"start":{"line":49,"column":14},"end":{"line":49,"column":33}}],"line":47},"3":{"loc":{"start":{"line":65,"column":6},"end":{"line":66,"column":54}},"type":"if","locations":[{"start":{"line":65,"column":6},"end":{"line":66,"column":54}},{"start":{},"end":{}}],"line":65},"4":{"loc":{"start":{"line":65,"column":10},"end":{"line":65,"column":34}},"type":"binary-expr","locations":[{"start":{"line":65,"column":10},"end":{"line":65,"column":17}},{"start":{"line":65,"column":21},"end":{"line":65,"column":34}}],"line":65},"5":{"loc":{"start":{"line":70,"column":6},"end":{"line":70,"column":66}},"type":"if","locations":[{"start":{"line":70,"column":6},"end":{"line":70,"column":66}},{"start":{},"end":{}}],"line":70},"6":{"loc":{"start":{"line":76,"column":6},"end":{"line":76,"column":37}},"type":"if","locations":[{"start":{"line":76,"column":6},"end":{"line":76,"column":37}},{"start":{},"end":{}}],"line":76},"7":{"loc":{"start":{"line":91,"column":6},"end":{"line":91,"column":29}},"type":"if","locations":[{"start":{"line":91,"column":6},"end":{"line":91,"column":29}},{"start":{},"end":{}}],"line":91},"8":{"loc":{"start":{"line":102,"column":6},"end":{"line":102,"column":29}},"type":"if","locations":[{"start":{"line":102,"column":6},"end":{"line":102,"column":29}},{"start":{},"end":{}}],"line":102}},"s":{"0":1,"1":1,"2":2,"3":2,"4":2,"5":2,"6":1,"7":1,"8":1,"9":0,"10":1,"11":1,"12":1,"13":1,"14":1,"15":2,"16":2,"17":2,"18":1,"19":1,"20":1,"21":1,"22":0,"23":1,"24":1,"25":0,"26":1,"27":1,"28":1,"29":1,"30":1,"31":1,"32":0,"33":1,"34":1,"35":0,"36":1,"37":1,"38":1,"39":0,"40":1,"41":1,"42":0},"f":{"0":1,"1":2,"2":1,"3":2,"4":1,"5":1},"b":{"0":[1,1],"1":[0,1],"2":[1,0],"3":[1,1],"4":[2,1],"5":[0,1],"6":[0,1],"7":[0,1],"8":[0,1]},"_coverageSchema":"1a1c01bbd47fc00a2c39e90264f33305004495a9","hash":"5549120fcb95055defd1a78a4c512f2134ca7d44"}
[...]
olumn":3}},"line":284},"23":{"name":"(anonymous_23)","decl":{"start":{"line":292,"column":10},"end":{"line":292,"column":11}},"loc":{"start":{"line":292,"column":22},"end":{"line":292,"column":71}},"line":292},"24":{"name":"(anonymous_24)","decl":{"start":{"line":292,"column":50},"end":{"line":292,"column":51}},"loc":{"start":{"line":292,"column":57},"end":{"line":292,"column":68}},"line":292},"25":{"name":"(anonymous_25)","decl":{"start":{"line":299,"column":14},"end":{"line":299,"column":15}},"loc":{"start":{"line":299,"column":37},"end":{"line":310,"column":3}},"line":299},"26":{"name":"(anonymous_26)","decl":{"start":{"line":312,"column":11},"end":{"line":312,"column":12}},"loc":{"start":{"line":312,"column":21},"end":{"line":319,"column":3}},"line":312},"27":{"name":"(anonymous_27)","decl":{"start":{"line":314,"column":10},"end":{"line":314,"column":11}},"loc":{"start":{"line":314,"column":22},"end":{"line":314,"column":55}},"line":314},"28":{"name":"(anonymous_28)","decl":{"start":{"line":321,"column":14},"end":{"line":321,"column":15}},"loc":{"start":{"line":321,"column":24},"end":{"line":330,"column":3}},"line":321},"29":{"name":"(anonymous_29)","decl":{"start":{"line":323,"column":10},"end":{"line":323,"column":11}},"loc":{"start":{"line":323,"column":22},"end":{"line":325,"column":7}},"line":323},"30":{"name":"(anonymous_30)","decl":{"start":{"line":324,"column":31},"end":{"line":324,"column":32}},"loc":{"start":{"line":324,"column":39},"end":{"line":324,"column":66}},"line":324},"31":{"name":"(anonymous_31)","decl":{"start":{"line":332,"column":14},"end":{"line":332,"column":15}},"loc":{"start":{"line":332,"column":28},"end":{"line":345,"column":3}},"line":332},"32":{"name":"(anonymous_32)","decl":{"start":{"line":340,"column":10},"end":{"line":340,"column":11}},"loc":{"start":{"line":340,"column":22},"end":{"line":340,"column":71}},"line":340},"33":{"name":"(anonymous_33)","decl":{"start":{"line":340,"column":50},"end":{"line":340,"column":51}},"loc":{"start":{"line":340,"column":57},"end":{"line":340,"column":68}},"line":340},"34":{"name":"(anonymous_34)","decl":{"start":{"line":346,"column":16},"end":{"line":346,"column":17}},"loc":{"start":{"line":346,"column":34},"end":{"line":363,"column":3}},"line":346},"35":{"name":"(anonymous_35)","decl":{"start":{"line":365,"column":13},"end":{"line":365,"column":14}},"loc":{"start":{"line":365,"column":44},"end":{"line":403,"column":3}},"line":365},"36":{"name":"(anonymous_36)","decl":{"start":{"line":405,"column":16},"end":{"line":405,"column":17}},"loc":{"start":{"line":405,"column":47},"end":{"line":440,"column":3}},"line":405}},"branchMap":{"0":{"loc":{"start":{"line":103,"column":6},"end":{"line":104,"column":70}},"type":"if","locations":[{"start":{"line":103,"column":6},"end":{"line":104,"column":70}},{"start":{},"end":{}}],"line":103},"1":{"loc":{"start":{"line":113,"column":6},"end":{"line":113,"column":29}},"type":"if","locations":[{"start":{"line":113,"column":6},"end":{"line":113,"column":29}},{"start":{},"end":{}}],"line":113},"2":{"loc":{"start":{"line":121,"column":6},"end":{"line":121,"column":29}},"type":"if","locations":[{"start":{"line":121,"column":6},"end":{"line":121,"column":29}},{"start":{},"end":{}}],"line":121},"3":{"loc":{"start":{"line":133,"column":6},"end":{"line":133,"column":59}},"type":"if","locations":[{"start":{"line":133,"column":6},"end":{"line":133,"column":59}},{"start":{},"end":{}}],"line":133},"4":{"loc":{"start":{"line":138,"column":6},"end":{"line":138,"column":29}},"type":"if","locations":[{"start":{"line":138,"column":6},"end":{"line":138,"column":29}},{"start":{},"end":{}}],"line":138},"5":{"loc":{"start":{"line":151,"column":6},"end":{"line":151,"column":29}},"type":"if","locations":[{"start":{"line":151,"column":6},"end":{"line":151,"column":29}},{"start":{},"end":{}}],"line":151},"6":{"loc":{"start":{"line":154,"column":10},"end":{"line":154,"column":67}},"type":"cond-expr","locations":[{"start":{"line":154,"column":31},"end":{"line":154,"column":60}},{"start":{"line":154,"column":63},"end":{"line":154,"column":67}}],"line":154},"7":{"loc":{"start":{"line":172,"column":6},"end":{"line":172,"column":29}},"type":"if","locations":[{"start":{"line":172,"column":6},"end":{"line":172,"column":29}},{"start":{},"end":{}}],"line":172},"8":{"loc":{"start":{"line":174,"column":39},"end":{"line":174,"column":66}},"type":"cond-expr","locations":[{"start":{"line":174,"column":58},"end":{"line":174,"column":62}},{"start":{"line":174,"column":65},"end":{"line":174,"column":66}}],"line":174},"9":{"loc":{"start":{"line":186,"column":6},"end":{"line":187,"column":57}},"type":"if","locations":[{"start":{"line":186,"column":6},"end":{"line":187,"column":57}},{"start":{},"end":{}}],"line":186},"10":{"loc":{"start":{"line":186,"column":10},"end":{"line":186,"column":37}},"type":"binary-expr","locations":[{"start":{"line":186,"column":10},"end":{"line":186,"column":19}},{"start":{"line":186,"column":23},"end":{"line":186,"column":37}}],"line":186},"11":{"loc":{"start":{"line":187,"column":24},"end":{"line":187,"column":55}},"type":"binary-expr","locations":[{"start":{"line":187,"column":24},"end":{"line":187,"column":42}},{"start":{"line":187,"column":46},"end":{"line":187,"column":55}}],"line":187},"12":{"loc":{"start":{"line":194,"column":6},"end":{"line":194,"column":35}},"type":"if","locations":[{"start":{"line":194,"column":6},"end":{"line":194,"column":35}},{"start":{},"end":{}}],"line":194},"13":{"loc":{"start":{"line":200,"column":6},"end":{"line":200,"column":37}},"type":"if","locations":[{"start":{"line":200,"column":6},"end":{"line":200,"column":37}},{"start":{},"end":{}}],"line":200},"14":{"loc":{"start":{"line":201,"column":24},"end":{"line":201,"column":64}},"type":"binary-expr","locations":[{"start":{"line":201,"column":24},"end":{"line":201,"column":58}},{"start":{"line":201,"column":62},"end":{"line":201,"column":64}}],"line":201},"15":{"loc":{"start":{"line":203,"column":56},"end":{"line":209,"column":22}},"type":"cond-expr","locations":[{"start":{"line":204,"column":10},"end":{"line":208,"column":36}},{"start":{"line":209,"column":10},"end":{"line":209,"column":22}}],"line":203},"16":{"loc":{"start":{"line":210,"column":6},"end":{"line":210,"column":41}},"type":"if","locations":[{"start":{"line":210,"column":6},"end":{"line":210,"column":41}},{"start":{},"end":{}}],"line":210},"17":{"loc":{"start":{"line":212,"column":28},"end":{"line":212,"column":44}},"type":"binary-expr","locations":[{"start":{"line":212,"column":28},"end":{"line":212,"column":38}},{"start":{"line":212,"column":42},"end":{"line":212,"column":44}}],"line":212},"18":{"loc":{"start":{"line":212,"column":51},"end":{"line":212,"column":68}},"type":"binary-expr","locations":[{"start":{"line":212,"column":51},"end":{"line":212,"column":62}},{"start":{"line":212,"column":66},"end":{"line":212,"column":68}}],"line":212},"19":{"loc":{"start":{"line":229,"column":6},"end":{"line":230,"column":57}},"type":"if","locations":[{"start":{"line":229,"column":6},"end":{"line":230,"column":57}},{"start":{},"end":{}}],"line":229},"20":{"loc":{"start":{"line":229,"column":10},"end":{"line":229,"column":37}},"type":"binary-expr","locations":[{"start":{"line":229,"column":10},"end":{"line":229,"column":19}},{"start":{"line":229,"column":23},"end":{"line":229,"column":37}}],"line":229},"21":{"loc":{"start":{"line":230,"column":24},"end":{"line":230,"column":55}},"type":"binary-expr","locations":[{"start":{"line":230,"column":24},"end":{"line":230,"column":42}},{"start":{"line":230,"column":46},"end":{"line":230,"column":55}}],"line":230},"22":{"loc":{"start":{"line":238,"column":6},"end":{"line":238,"column":69}},"type":"if","locations":[{"start":{"line":238,"column":6},"end":{"line":238,"column":69}},{"start":{},"end":{}}],"line":238},"23":{"loc":{"start":{"line":238,"column":10},"end":{"line":238,"column":24}},"type":"binary-expr","locations":[{"start":{"line":238,"column":10},"end":{"line":238,"column":15}},{"start":{"line":238,"column":19},"end":{"line":238,"column":24}}],"line":238},"24":{"loc":{"start":{"line":238,"column":32},"end":{"line":238,"column":68}},"type":"binary-expr","locations":[{"start":{"line":238,"column":32},"end":{"line":238,"column":37}},{"start":{"line":238,"column":41},"end":{"line":238,"column":68}}],"line":238},"25":{"loc":{"start":{"line":253,"column":6},"end":{"line":253,"column":29}},"type":"if","locations":[{"start":{"line":253,"column":6},"end":{"line":253,"column":29}},{"start":{},"end":{}}],"line":253},"26":{"loc":{"start":{"line":255,"column":19},"end":{"line":255,"column":29}},"type":"binary-expr","locations":[{"start":{"line":255,"column":19},"end":{"line":255,"column":23}},{"start":{"line":255,"column":27},"end":{"line":255,"column":29}}],"line":255},"27":{"loc":{"start":{"line":266,"column":6},"end":{"line":267,"column":57}},"type":"if","locations":[{"start":{"line":266,"column":6},"end":{"line":267,"column":57}},{"start":{},"end":{}}],"line":266},"28":{"loc":{"start":{"line":266,"column":10},"end":{"line":266,"column":37}},"type":"binary-expr","locations":[{"start":{"line":266,"column":10},"end":{"line":266,"column":19}},{"start":{"line":266,"column":23},"end":{"line":266,"column":37}}],"line":266},"29":{"loc":{"start":{"line":267,"column":24},"end":{"line":267,"column":55}},"type":"binary-expr","locations":[{"start":{"line":267,"column":24},"end":{"line":267,"column":42}},{"start":{"line":267,"column":46},"end":{"line":267,"column":55}}],"line":267},"30":{"loc":{"start":{"line":275,"column":6},"end":{"line":275,"column":74}},"type":"if","locations":[{"start":{"line":275,"column":6},"end":{"line":275,"column":74}},{"start":{},"end":{}}],"line":275},"31":{"loc":{"start":{"line":275,"column":10},"end":{"line":275,"column":24}},"type":"binary-expr","locations":[{"start":{"line":275,"column":10},"end":{"line":275,"column":15}},{"start":{"line":275,"column":19},"end":{"line":275,"column":24}}],"line":275},"32":{"loc":{"start":{"line":275,"column":32},"end":{"line":275,"column":73}},"type":"binary-expr","locations":[{"start":{"line":275,"column":32},"end":{"line":275,"column":37}},{"start":{"line":275,"column":41},"end":{"line":275,"column":73}}],"line":275},"33":{"loc":{"start":{"line":290,"column":6},"end":{"line":290,"column":29}},"type":"if","locations":[{"start":{"line":290,"column":6},"end":{"line":290,"column":29}},{"start":{},"end":{}}],"line":290},"34":{"loc":{"start":{"line":305,"column":6},"end":{"line":305,"column":29}},"type":"if","locations":[{"start":{"line":305,"column":6},"end":{"line":305,"column":29}},{"start":{},"end":{}}],"line":305},"35":{"loc":{"start":{"line":324,"column":39},"end":{"line":324,"column":66}},"type":"cond-expr","locations":[{"start":{"line":324,"column":58},"end":{"line":324,"column":62}},{"start":{"line":324,"column":65},"end":{"line":324,"column":66}}],"line":324},"36":{"loc":{"start":{"line":338,"column":6},"end":{"line":338,"column":29}},"type":"if","locations":[{"start":{"line":338,"column":6},"end":{"line":338,"column":29}},{"start":{},"end":{}}],"line":338},"37":{"loc":{"start":{"line":353,"column":6},"end":{"line":353,"column":29}},"type":"if","locations":[{"start":{"line":353,"column":6},"end":{"line":353,"column":29}},{"start":{},"end":{}}],"line":353},"38":{"loc":{"start":{"line":355,"column":17},"end":{"line":355,"column":27}},"type":"binary-expr","locations":[{"start":{"line":355,"column":17},"end":{"line":355,"column":21}},{"start":{"line":355,"column":25},"end":{"line":355,"column":27}}],"line":355},"39":{"loc":{"start":{"line":373,"column":6},"end":{"line":374,"column":73}},"type":"if","locations":[{"start":{"line":373,"column":6},"end":{"line":374,"column":73}},{"start":{},"end":{}}],"line":373},"40":{"loc":{"start":{"line":373,"column":10},"end":{"line":373,"column":30}},"type":"binary-expr","locations":[{"start":{"line":373,"column":10},"end":{"line":373,"column":17}},{"start":{"line":373,"column":21},"end":{"line":373,"column":30}}],"line":373},"41":{"loc":{"start":{"line":382,"column":6},"end":{"line":382,"column":77}},"type":"if","locations":[{"start":{"line":382,"column":6},"end":{"line":382,"column":77}},{"start":{},"end":{}}],"line":382},"42":{"loc":{"start":{"line":383,"column":6},"end":{"line":384,"column":70}},"type":"if","locations":[{"start":{"line":383,"column":6},"end":{"line":384,"column":70}},{"start":{},"end":{}}],"line":383},"43":{"loc":{"start":{"line":383,"column":10},"end":{"line":383,"column":41}},"type":"binary-expr","locations":[{"start":{"line":383,"column":10},"end":{"line":383,"column":18}},{"start":{"line":383,"column":22},"end":{"line":383,"column":41}}],"line":383},"44":{"loc":{"start":{"line":395,"column":6},"end":{"line":395,"column":37}},"type":"if","locations":[{"start":{"line":395,"column":6},"end":{"line":395,"column":37}},{"start":{},"end":{}}],"line":395},"45":{"loc":{"start":{"line":413,"column":6},"end":{"line":414,"column":73}},"type":"if","locations":[{"start":{"line":413,"column":6},"end":{"line":414,"column":73}},{"start":{},"end":{}}],"line":413},"46":{"loc":{"start":{"line":413,"column":10},"end":{"line":413,"column":30}},"type":"binary-expr","locations":[{"start":{"line":413,"column":10},"end":{"line":413,"column":17}},{"start":{"line":413,"column":21},"end":{"line":413,"column":30}}],"line":413},"47":{"loc":{"start":{"line":422,"column":6},"end":{"line":422,"column":77}},"type":"if","locations":[{"start":{"line":422,"column":6},"end":{"line":422,"column":77}},{"start":{},"end":{}}],"line":422},"48":{"loc":{"start":{"line":423,"column":6},"end":{"line":424,"column":70}},"type":"if","locations":[{"start":{"line":423,"column":6},"end":{"line":424,"column":70}},{"start":{},"end":{}}],"line":423},"49":{"loc":{"start":{"line":423,"column":10},"end":{"line":423,"column":44}},"type":"binary-expr","locations":[{"start":{"line":423,"column":10},"end":{"line":423,"column":19}},{"start":{"line":423,"column":23},"end":{"line":423,"column":44}}],"line":423},"50":{"loc":{"start":{"line":432,"column":6},"end":{"line":432,"column":37}},"type":"if","locations":[{"start":{"line":432,"column":6},"end":{"line":432,"column":37}},{"start":{},"end":{}}],"line":432}},"s":{"0":1,"1":1,"2":2,"3":2,"4":2,"5":3,"6":2,"7":1,"8":1,"9":1,"10":1,"11":1,"12":0,"13":1,"14":1,"15":1,"16":0,"17":1,"18":2,"19":1,"20":1,"21":2,"22":2,"23":2,"24":3,"25":1,"26":2,"27":1,"28":1,"29":1,"30":0,"31":1,"32":2,"33":1,"34":0,"35":2,"36":2,"37":2,"38":1,"39":1,"40":1,"41":1,"42":1,"43":1,"44":2,"45":2,"46":2,"47":1,"48":1,"49":1,"50":1,"51":1,"52":1,"53":2,"54":2,"55":2,"56":0,"57":2,"58":2,"59":2,"60":0,"61":2,"62":2,"63":0,"64":2,"65":1,"66":2,"67":2,"68":0,"69":2,"70":2,"71":2,"72":2,"73":2,"74":0,"75":2,"76":2,"77":2,"78":1,"79":1,"80":1,"81":1,"82":0,"83":1,"84":1,"85":1,"86":0,"87":0,"88":0,"89":0,"90":0,"91":0,"92":0,"93":1,"94":1,"95":1,"96":0,"97":1,"98":1,"99":1,"100":0,"101":1,"102":1,"103":0,"104":1,"105":1,"106":1,"107":0,"108":1,"109":1,"110":1,"111":1,"112":0,"113":1,"114":1,"115":1,"116":0,"117":1,"118":0,"119":1,"120":1,"121":1,"122":1,"123":0,"124":1,"125":1,"126":1,"127":1,"128":1,"129":0,"130":1,"131":1,"132":1,"133":0,"134":1,"135":1,"136":1,"137":1,"138":0,"139":1,"140":1,"141":1,"142":1,"143":0,"144":1,"145":1,"146":0,"147":0,"148":1,"149":1,"150":1,"151":0,"152":1,"153":1,"154":0,"155":1,"156":0,"157":1,"158":1,"159":0,"160":1,"161":1,"162":0,"163":1,"164":1,"165":1,"166":0,"167":1,"168":1,"169":0,"170":1,"171":0,"172":1,"173":1,"174":0,"175":1,"176":1,"177":0},"f":{"0":1,"1":2,"2":3,"3":1,"4":1,"5":2,"6":2,"7":3,"8":1,"9":2,"10":2,"11":1,"12":1,"13":2,"14":1,"15":1,"16":2,"17":1,"18":2,"19":2,"20":0,"21":1,"22":1,"23":1,"24":1,"25":1,"26":1,"27":1,"28":1,"29":1,"30":1,"31":1,"32":1,"33":1,"34":1,"35":1,"36":1},"b":{"0":[1,1],"1":[0,1],"2":[0,1],"3":[1,1],"4":[0,1],"5":[1,1],"6":[1,0],"7":[1,1],"8":[1,0],"9":[0,2],"10":[2,2],"11":[0,0],"12":[0,2],"13":[0,2],"14":[2,1],"15":[1,1],"16":[0,2],"17":[2,0],"18":[2,0],"19":[1,1],"20":[2,1],"21":[1,0],"22":[0,1],"23":[1,1],"24":[0,0],"25":[0,0],"26":[0,0],"27":[0,1],"28":[1,1],"29":[0,0],"30":[0,1],"31":[1,1],"32":[0,0],"33":[0,1],"34":[0,1],"35":[1,0],"36":[0,1],"37":[0,1],"38":[1,0],"39":[0,1],"40":[1,1],"41":[0,1],"42":[0,1],"43":[1,1],"44":[0,1],"45":[0,1],"46":[1,1],"47":[0,1],"48":[0,1],"49":[1,1],"50":[0,1]},"_coverageSchema":"1a1c01bbd47fc00a2c39e90264f33305004495a9","hash":"e93cd5b959581e63f42760350d6fd6832318cd1b"}
,"C:\\Users\\starz\\Desktop\\Family-organizer\\smart-budget-apk\\stores\\userStore.ts": {"path":"C:\\Users\\starz\\Desktop\\Family-organizer\\smart-budget-apk\\stores\\userStore.ts","statementMap":{"0":{"start":{"line":13,"column":28},"end":{"line":22,"column":3}},"1":{"start":{"line":13,"column":56},"end":{"line":22,"column":1}},"2":{"start":{"line":17,"column":30},"end":{"line":17,"column":52}},"3":{"start":{"line":19,"column":4},"end":{"line":19,"column":34}},"4":{"start":{"line":20,"column":4},"end":{"line":20,"column":39}},"5":{"start":{"line":24,"column":0},"end":{"line":31,"column":3}},"6":{"start":{"line":25,"column":18},"end":{"line":25,"column":30}},"7":{"start":{"line":26,"column":2},"end":{"line":30,"column":3}},"8":{"start":{"line":27,"column":4},"end":{"line":27,"column":75}},"9":{"start":{"line":29,"column":4},"end":{"line":29,"column":73}}},"fnMap":{"0":{"name":"(anonymous_0)","decl":{"start":{"line":13,"column":46},"end":{"line":13,"column":47}},"loc":{"start":{"line":13,"column":56},"end":{"line":22,"column":1}},"line":13},"1":{"name":"(anonymous_1)","decl":{"start":{"line":17,"column":11},"end":{"line":17,"column":12}},"loc":{"start":{"line":17,"column":30},"end":{"line":17,"column":52}},"line":17},"2":{"name":"(anonymous_2)","decl":{"start":{"line":18,"column":10},"end":{"line":18,"column":11}},"loc":{"start":{"line":18,"column":22},"end":{"line":21,"column":3}},"line":18},"3":{"name":"(anonymous_3)","decl":{"start":{"line":24,"column":32},"end":{"line":24,"column":33}},"loc":{"start":{"line":24,"column":46},"end":{"line":31,"column":1}},"line":24}},"branchMap":{"0":{"loc":{"start":{"line":26,"column":2},"end":{"line":30,"column":3}},"type":"if","locations":[{"start":{"line":26,"column":2},"end":{"line":30,"column":3}},{"start":{"line":28,"column":9},"end":{"line":30,"column":3}}],"line":26}},"s":{"0":1,"1":1,"2":2,"3":1,"4":1,"5":1,"6":1,"7":1,"8":0,"9":1},"f":{"0":1,"1":2,"2":1,"3":1},"b":{"0":[0,1]},"_coverageSchema":"1a1c01bbd47fc00a2c39e90264f33305004495a9","hash":"0c68b10ce247ec439f7b85cfd69a8f146744858c"}
,"C:\\Users\\starz\\Desktop\\Family-organizer\\smart-budget-apk\\utils\\flattenProductsDb.tsx": {"path":"C:\\Users\\starz\\Desktop\\Family-organizer\\smart-budget-apk\\utils\\flattenProductsDb.tsx","statementMap":{"0":{"start":{"line":6,"column":33},"end":{"line":14,"column":1}},"1":{"start":{"line":9,"column":4},"end":{"line":13,"column":6}},"2":{"start":{"line":10,"column":8},"end":{"line":12,"column":48}},"3":{"start":{"line":11,"column":46},"end":{"line":11,"column":70}},"4":{"start":{"line":12,"column":28},"end":{"line":12,"column":46}}},"fnMap":{"0":{"name":"(anonymous_0)","decl":{"start":{"line":6,"column":33},"end":{"line":6,"column":34}},"loc":{"start":{"line":8,"column":16},"end":{"line":14,"column":1}},"line":8},"1":{"name":"(anonymous_1)","decl":{"start":{"line":9,"column":38},"end":{"line":9,"column":39}},"loc":{"start":{"line":10,"column":8},"end":{"line":12,"column":48}},"line":10},"2":{"name":"(anonymous_2)","decl":{"start":{"line":11,"column":20},"end":{"line":11,"column":21}},"loc":{"start":{"line":11,"column":46},"end":{"line":11,"column":70}},"line":11},"3":{"name":"(anonymous_3)","decl":{"start":{"line":12,"column":17},"end":{"line":12,"column":18}},"loc":{"start":{"line":12,"column":28},"end":{"line":12,"column":46}},"line":12}},"branchMap":{},"s":{"0":4,"1":4,"2":72,"3":13500,"4":13500},"f":{"0":4,"1":72,"2":13500,"3":13500},"b":{},"_coverageSchema":"1a1c01bbd47fc00a2c39e90264f33305004495a9","hash":"b3e33c530af3d91354a7b049b43a20504c6e017e"}
}
