TN:
SF:stores\expensesStore.ts
FN:43,(anonymous_0)
FN:47,(anonymous_1)
FN:55,(anonymous_2)
FN:64,(anonymous_3)
FN:70,(anonymous_4)
FN:85,(anonymous_5)
FN:89,(anonymous_6)
FN:93,(anonymous_7)
FN:109,(anonymous_8)
FN:113,(anonymous_9)
FN:114,(anonymous_10)
FN:120,(anonymous_11)
FN:126,(anonymous_12)
FN:137,(anonymous_13)
FN:144,(anonymous_14)
FNF:15
FNH:15
FNDA:1,(anonymous_0)
FNDA:1,(anonymous_1)
FNDA:1,(anonymous_2)
FNDA:2,(anonymous_3)
FNDA:2,(anonymous_4)
FNDA:1,(anonymous_5)
FNDA:1,(anonymous_6)
FNDA:2,(anonymous_7)
FNDA:1,(anonymous_8)
FNDA:1,(anonymous_9)
FNDA:1,(anonymous_10)
FNDA:2,(anonymous_11)
FNDA:2,(anonymous_12)
FNDA:1,(anonymous_13)
FNDA:1,(anonymous_14)
DA:43,1
DA:48,1
DA:50,1
DA:55,1
DA:57,1
DA:63,1
DA:64,2
DA:67,1
DA:71,2
DA:77,2
DA:78,1
DA:81,1
DA:82,1
DA:85,1
DA:89,1
DA:90,1
DA:94,2
DA:100,2
DA:101,1
DA:104,1
DA:106,1
DA:107,1
DA:109,1
DA:112,1
DA:113,1
DA:114,1
DA:117,1
DA:124,2
DA:125,2
DA:126,2
DA:127,2
DA:128,1
DA:134,1
DA:135,1
DA:137,1
DA:138,1
DA:140,0
DA:144,1
LF:38
LH:37
BRDA:55,0,0,1
BRDA:55,0,1,0
BRDA:63,1,0,1
BRDA:63,1,1,0
BRDA:64,2,0,2
BRDA:64,2,1,1
BRDA:70,3,0,1
BRDA:77,4,0,1
BRDA:77,4,1,1
BRDA:77,5,0,2
BRDA:77,5,1,1
BRDA:81,6,0,1
BRDA:81,6,1,0
BRDA:100,7,0,1
BRDA:100,7,1,1
BRDA:106,8,0,1
BRDA:106,8,1,0
BRDA:114,9,0,1
BRDA:114,9,1,0
BRDA:127,10,0,1
BRDA:127,10,1,1
BRDA:127,11,0,2
BRDA:127,11,1,2
BRDA:135,12,0,0
BRDA:135,12,1,1
BRF:25
BRH:19
end_of_record
TN:
SF:stores\friendsStore.ts
FN:21,(anonymous_0)
FN:24,(anonymous_1)
FN:40,(anonymous_2)
FN:58,(anonymous_3)
FN:85,(anonymous_4)
FN:99,(anonymous_5)
FNF:6
FNH:6
FNDA:1,(anonymous_0)
FNDA:2,(anonymous_1)
FNDA:1,(anonymous_2)
FNDA:2,(anonymous_3)
FNDA:1,(anonymous_4)
FNDA:1,(anonymous_5)
DA:21,1
DA:25,2
DA:26,2
DA:27,2
DA:28,2
DA:30,1
DA:39,1
DA:40,1
DA:51,1
DA:52,1
DA:54,1
DA:59,2
DA:60,2
DA:65,2
DA:66,1
DA:68,1
DA:69,1
DA:70,1
DA:72,1
DA:76,1
DA:78,1
DA:79,1
DA:81,1
DA:86,1
DA:87,1
DA:91,1
DA:92,1
DA:93,1
DA:95,0
DA:100,1
DA:101,1
DA:102,1
DA:103,1
DA:104,1
DA:106,0
LF:35
LH:33
BRDA:28,0,0,1
BRDA:28,0,1,1
BRDA:39,1,0,0
BRDA:39,1,1,1
BRDA:47,2,0,1
BRDA:47,2,1,0
BRDA:65,3,0,1
BRDA:65,3,1,1
BRDA:65,4,0,2
BRDA:65,4,1,1
BRDA:70,5,0,0
BRDA:70,5,1,1
BRDA:76,6,0,0
BRDA:76,6,1,1
BRDA:91,7,0,0
BRDA:91,7,1,1
BRDA:102,8,0,0
BRDA:102,8,1,1
BRF:18
BRH:12
end_of_record
TN:
SF:stores\pantriesStore.ts
FN:73,(anonymous_0)
FN:80,(anonymous_1)
FN:99,(anonymous_2)
FN:140,(anonymous_3)
FN:179,(anonymous_4)
FN:193,(anonymous_5)
FN:211,(anonymous_6)
FN:224,(anonymous_7)
FN:246,(anonymous_8)
FN:260,(anonymous_9)
FN:282,(anonymous_10)
FN:286,(anonymous_11)
FN:286,(anonymous_12)
FN:293,(anonymous_13)
FN:306,(anonymous_14)
FN:310,(anonymous_15)
FN:317,(anonymous_16)
FN:330,(anonymous_17)
FN:331,(anonymous_18)
FN:341,(anonymous_19)
FN:348,(anonymous_20)
FN:349,(anonymous_21)
FN:357,(anonymous_22)
FN:364,(anonymous_23)
FN:365,(anonymous_24)
FNF:25
FNH:19
FNDA:1,(anonymous_0)
FNDA:0,(anonymous_1)
FNDA:0,(anonymous_2)
FNDA:0,(anonymous_3)
FNDA:3,(anonymous_4)
FNDA:0,(anonymous_5)
FNDA:1,(anonymous_6)
FNDA:2,(anonymous_7)
FNDA:2,(anonymous_8)
FNDA:2,(anonymous_9)
FNDA:1,(anonymous_10)
FNDA:1,(anonymous_11)
FNDA:1,(anonymous_12)
FNDA:1,(anonymous_13)
FNDA:0,(anonymous_14)
FNDA:0,(anonymous_15)
FNDA:1,(anonymous_16)
FNDA:1,(anonymous_17)
FNDA:1,(anonymous_18)
FNDA:1,(anonymous_19)
FNDA:1,(anonymous_20)
FNDA:1,(anonymous_21)
FNDA:2,(anonymous_22)
FNDA:1,(anonymous_23)
FNDA:1,(anonymous_24)
DA:73,1
DA:81,0
DA:82,0
DA:87,0
DA:89,0
DA:93,0
DA:95,0
DA:96,0
DA:100,0
DA:102,0
DA:108,0
DA:109,0
DA:110,0
DA:113,0
DA:118,0
DA:119,0
DA:120,0
DA:123,0
DA:131,0
DA:134,0
DA:135,0
DA:137,0
DA:141,0
DA:143,0
DA:149,0
DA:150,0
DA:151,0
DA:154,0
DA:159,0
DA:160,0
DA:161,0
DA:164,0
DA:169,0
DA:172,0
DA:173,0
DA:175,0
DA:180,3
DA:181,3
DA:183,3
DA:184,3
DA:185,1
DA:186,2
DA:188,2
DA:192,2
DA:193,2
DA:195,2
DA:199,2
DA:201,1
DA:208,1
DA:210,1
DA:211,1
DA:216,1
DA:217,1
DA:219,2
DA:220,2
DA:225,2
DA:227,2
DA:228,2
DA:229,1
DA:230,1
DA:232,1
DA:237,1
DA:239,1
DA:240,1
DA:242,1
DA:247,2
DA:248,2
DA:252,2
DA:253,1
DA:254,1
DA:256,1
DA:261,2
DA:263,2
DA:264,2
DA:265,1
DA:266,1
DA:268,1
DA:273,1
DA:275,1
DA:276,1
DA:278,1
DA:283,1
DA:284,1
DA:285,1
DA:286,1
DA:287,1
DA:289,0
DA:294,1
DA:295,1
DA:299,1
DA:300,1
DA:302,0
DA:307,0
DA:308,0
DA:309,0
DA:310,0
DA:311,0
DA:313,0
DA:318,1
DA:319,1
DA:329,1
DA:330,1
DA:332,1
DA:335,1
DA:337,0
DA:342,1
DA:343,1
DA:347,1
DA:348,1
DA:349,1
DA:351,1
DA:353,0
DA:358,2
DA:359,2
DA:363,2
DA:364,1
DA:366,1
DA:369,1
DA:371,1
LF:119
LH:74
BRDA:87,0,0,0
BRDA:87,0,1,0
BRDA:90,1,0,0
BRDA:90,1,1,0
BRDA:95,2,0,0
BRDA:95,2,1,0
BRDA:108,3,0,0
BRDA:108,3,1,0
BRDA:108,4,0,0
BRDA:108,4,1,0
BRDA:118,5,0,0
BRDA:118,5,1,0
BRDA:119,6,0,0
BRDA:119,6,1,0
BRDA:119,7,0,0
BRDA:119,7,1,0
BRDA:131,8,0,0
BRDA:131,8,1,0
BRDA:149,9,0,0
BRDA:149,9,1,0
BRDA:149,10,0,0
BRDA:149,10,1,0
BRDA:159,11,0,0
BRDA:159,11,1,0
BRDA:160,12,0,0
BRDA:160,12,1,0
BRDA:160,13,0,0
BRDA:160,13,1,0
BRDA:169,14,0,0
BRDA:169,14,1,0
BRDA:184,15,0,1
BRDA:184,15,1,2
BRDA:184,16,0,3
BRDA:184,16,1,2
BRDA:185,17,0,1
BRDA:185,17,1,0
BRDA:192,18,0,0
BRDA:192,18,1,2
BRDA:193,19,0,2
BRDA:193,19,1,0
BRDA:199,20,0,1
BRDA:199,20,1,1
BRDA:201,21,0,0
BRDA:201,21,1,1
BRDA:208,22,0,0
BRDA:208,22,1,1
BRDA:210,23,0,1
BRDA:210,23,1,0
BRDA:210,24,0,1
BRDA:210,24,1,0
BRDA:228,25,0,1
BRDA:228,25,1,1
BRDA:228,26,0,2
BRDA:228,26,1,1
BRDA:229,27,0,1
BRDA:229,27,1,0
BRDA:237,28,0,0
BRDA:237,28,1,1
BRDA:252,29,0,1
BRDA:252,29,1,1
BRDA:253,30,0,1
BRDA:253,30,1,0
BRDA:264,31,0,1
BRDA:264,31,1,1
BRDA:264,32,0,2
BRDA:264,32,1,1
BRDA:265,33,0,1
BRDA:265,33,1,0
BRDA:273,34,0,0
BRDA:273,34,1,1
BRDA:273,35,0,1
BRDA:273,35,1,1
BRDA:273,36,0,0
BRDA:273,36,1,0
BRDA:285,37,0,0
BRDA:285,37,1,1
BRDA:299,38,0,0
BRDA:299,38,1,1
BRDA:309,39,0,0
BRDA:309,39,1,0
BRDA:329,40,0,0
BRDA:329,40,1,1
BRDA:332,41,0,1
BRDA:332,41,1,0
BRDA:347,42,0,0
BRDA:347,42,1,1
BRDA:363,43,0,1
BRDA:363,43,1,1
BRDA:366,44,0,1
BRDA:366,44,1,0
BRF:90
BRH:38
end_of_record
TN:
SF:stores\shoppingListStore.ts
FN:91,(anonymous_0)
FN:99,(anonymous_1)
FN:102,(anonymous_2)
FN:105,(anonymous_3)
FN:119,(anonymous_4)
FN:122,(anonymous_5)
FN:129,(anonymous_6)
FN:132,(anonymous_7)
FN:132,(anonymous_8)
FN:139,(anonymous_9)
FN:145,(anonymous_10)
FN:152,(anonymous_11)
FN:153,(anonymous_12)
FN:162,(anonymous_13)
FN:173,(anonymous_14)
FN:174,(anonymous_15)
FN:182,(anonymous_16)
FN:201,(anonymous_17)
FN:213,(anonymous_18)
FN:225,(anonymous_19)
FN:247,(anonymous_20)
FN:262,(anonymous_21)
FN:284,(anonymous_22)
FN:292,(anonymous_23)
FN:292,(anonymous_24)
FN:299,(anonymous_25)
FN:312,(anonymous_26)
FN:314,(anonymous_27)
FN:321,(anonymous_28)
FN:323,(anonymous_29)
FN:324,(anonymous_30)
FN:332,(anonymous_31)
FN:340,(anonymous_32)
FN:340,(anonymous_33)
FN:346,(anonymous_34)
FN:365,(anonymous_35)
FN:405,(anonymous_36)
FNF:37
FNH:36
FNDA:1,(anonymous_0)
FNDA:2,(anonymous_1)
FNDA:3,(anonymous_2)
FNDA:1,(anonymous_3)
FNDA:1,(anonymous_4)
FNDA:2,(anonymous_5)
FNDA:2,(anonymous_6)
FNDA:3,(anonymous_7)
FNDA:1,(anonymous_8)
FNDA:2,(anonymous_9)
FNDA:2,(anonymous_10)
FNDA:1,(anonymous_11)
FNDA:1,(anonymous_12)
FNDA:2,(anonymous_13)
FNDA:1,(anonymous_14)
FNDA:1,(anonymous_15)
FNDA:2,(anonymous_16)
FNDA:1,(anonymous_17)
FNDA:2,(anonymous_18)
FNDA:2,(anonymous_19)
FNDA:0,(anonymous_20)
FNDA:1,(anonymous_21)
FNDA:1,(anonymous_22)
FNDA:1,(anonymous_23)
FNDA:1,(anonymous_24)
FNDA:1,(anonymous_25)
FNDA:1,(anonymous_26)
FNDA:1,(anonymous_27)
FNDA:1,(anonymous_28)
FNDA:1,(anonymous_29)
FNDA:1,(anonymous_30)
FNDA:1,(anonymous_31)
FNDA:1,(anonymous_32)
FNDA:1,(anonymous_33)
FNDA:1,(anonymous_34)
FNDA:1,(anonymous_35)
FNDA:1,(anonymous_36)
DA:91,1
DA:100,2
DA:101,2
DA:102,3
DA:103,2
DA:104,1
DA:105,1
DA:112,1
DA:113,1
DA:114,1
DA:119,1
DA:121,1
DA:122,2
DA:123,1
DA:125,1
DA:130,2
DA:131,2
DA:132,3
DA:133,2
DA:134,1
DA:138,1
DA:139,2
DA:140,1
DA:142,0
DA:146,2
DA:147,2
DA:151,2
DA:152,1
DA:154,1
DA:157,1
DA:159,1
DA:163,2
DA:164,2
DA:172,2
DA:173,1
DA:174,1
DA:176,1
DA:178,1
DA:183,2
DA:185,2
DA:186,2
DA:187,0
DA:188,2
DA:190,2
DA:194,2
DA:196,2
DA:200,2
DA:201,2
DA:203,2
DA:210,2
DA:212,2
DA:213,2
DA:218,2
DA:219,2
DA:221,0
DA:226,2
DA:228,2
DA:229,2
DA:230,1
DA:231,1
DA:233,1
DA:238,1
DA:240,1
DA:241,1
DA:243,1
DA:248,0
DA:249,0
DA:253,0
DA:255,0
DA:256,0
DA:258,0
DA:263,1
DA:265,1
DA:266,1
DA:267,0
DA:268,1
DA:270,1
DA:275,1
DA:277,1
DA:278,1
DA:280,0
DA:285,1
DA:286,1
DA:290,1
DA:292,1
DA:293,1
DA:295,0
DA:300,1
DA:301,1
DA:305,1
DA:306,1
DA:308,0
DA:313,1
DA:314,1
DA:315,1
DA:317,0
DA:322,1
DA:323,1
DA:324,1
DA:326,1
DA:328,0
DA:333,1
DA:334,1
DA:338,1
DA:340,1
DA:341,1
DA:343,0
DA:347,1
DA:348,1
DA:349,1
DA:353,1
DA:354,1
DA:358,1
DA:360,0
DA:361,0
DA:366,1
DA:368,1
DA:373,1
DA:374,0
DA:377,1
DA:382,1
DA:383,1
DA:384,0
DA:387,1
DA:395,1
DA:398,1
DA:399,1
DA:401,0
DA:406,1
DA:408,1
DA:413,1
DA:414,0
DA:417,1
DA:422,1
DA:423,1
DA:424,0
DA:427,1
DA:432,1
DA:435,1
DA:436,1
DA:438,0
LF:141
LH:117
BRDA:103,0,0,1
BRDA:103,0,1,1
BRDA:113,1,0,0
BRDA:113,1,1,1
BRDA:121,2,0,0
BRDA:121,2,1,1
BRDA:133,3,0,1
BRDA:133,3,1,1
BRDA:138,4,0,0
BRDA:138,4,1,1
BRDA:151,5,0,1
BRDA:151,5,1,1
BRDA:154,6,0,1
BRDA:154,6,1,0
BRDA:172,7,0,1
BRDA:172,7,1,1
BRDA:174,8,0,1
BRDA:174,8,1,0
BRDA:186,9,0,0
BRDA:186,9,1,2
BRDA:186,10,0,2
BRDA:186,10,1,2
BRDA:187,11,0,0
BRDA:187,11,1,0
BRDA:194,12,0,0
BRDA:194,12,1,2
BRDA:200,13,0,0
BRDA:200,13,1,2
BRDA:201,14,0,2
BRDA:201,14,1,1
BRDA:203,15,0,1
BRDA:203,15,1,1
BRDA:210,16,0,0
BRDA:210,16,1,2
BRDA:212,17,0,2
BRDA:212,17,1,0
BRDA:212,18,0,2
BRDA:212,18,1,0
BRDA:229,19,0,1
BRDA:229,19,1,1
BRDA:229,20,0,2
BRDA:229,20,1,1
BRDA:230,21,0,1
BRDA:230,21,1,0
BRDA:238,22,0,0
BRDA:238,22,1,1
BRDA:238,23,0,1
BRDA:238,23,1,1
BRDA:238,24,0,0
BRDA:238,24,1,0
BRDA:253,25,0,0
BRDA:253,25,1,0
BRDA:255,26,0,0
BRDA:255,26,1,0
BRDA:266,27,0,0
BRDA:266,27,1,1
BRDA:266,28,0,1
BRDA:266,28,1,1
BRDA:267,29,0,0
BRDA:267,29,1,0
BRDA:275,30,0,0
BRDA:275,30,1,1
BRDA:275,31,0,1
BRDA:275,31,1,1
BRDA:275,32,0,0
BRDA:275,32,1,0
BRDA:290,33,0,0
BRDA:290,33,1,1
BRDA:305,34,0,0
BRDA:305,34,1,1
BRDA:324,35,0,1
BRDA:324,35,1,0
BRDA:338,36,0,0
BRDA:338,36,1,1
BRDA:353,37,0,0
BRDA:353,37,1,1
BRDA:355,38,0,1
BRDA:355,38,1,0
BRDA:373,39,0,0
BRDA:373,39,1,1
BRDA:373,40,0,1
BRDA:373,40,1,1
BRDA:382,41,0,0
BRDA:382,41,1,1
BRDA:383,42,0,0
BRDA:383,42,1,1
BRDA:383,43,0,1
BRDA:383,43,1,1
BRDA:395,44,0,0
BRDA:395,44,1,1
BRDA:413,45,0,0
BRDA:413,45,1,1
BRDA:413,46,0,1
BRDA:413,46,1,1
BRDA:422,47,0,0
BRDA:422,47,1,1
BRDA:423,48,0,0
BRDA:423,48,1,1
BRDA:423,49,0,1
BRDA:423,49,1,1
BRDA:432,50,0,0
BRDA:432,50,1,1
BRF:102
BRH:61
end_of_record
